#
# There is insufficient memory for the Java Runtime Environment to continue.
# Native memory allocation (mmap) failed to map 27262976 bytes. Error detail: G1 virtual space
# Possible reasons:
#   The system is out of physical RAM or swap space
#   This process is running with CompressedOops enabled, and the Java Heap may be blocking the growth of the native heap
# Possible solutions:
#   Reduce memory load on the system
#   Increase physical memory or swap space
#   Check if swap backing store is full
#   Decrease Java heap size (-Xmx/-Xms)
#   Decrease number of Java threads
#   Decrease Java thread stack sizes (-Xss)
#   Set larger code cache with -XX:ReservedCodeCacheSize=
#   JVM is running with Unscaled Compressed Oops mode in which the Java heap is
#     placed in the first 4GB address space. The Java Heap base address is the
#     maximum limit for the native heap growth. Please use -XX:HeapBaseMinAddress
#     to set the Java Heap base and to place the Java Heap above 4GB virtual address.
# This output file may be truncated or incomplete.
#
#  Out of Memory Error (os_windows.cpp:3825), pid=3880, tid=8036
#
# JRE version: OpenJDK Runtime Environment (17.0.11) (build 17.0.11+0--11852314)
# Java VM: OpenJDK 64-Bit Server VM (17.0.11+0--11852314, mixed mode, tiered, compressed oops, compressed class ptrs, g1 gc, windows-amd64)
# No core dump will be written. Minidumps are not enabled by default on client versions of Windows
#

---------------  S U M M A R Y ------------

Command Line: org.jetbrains.kotlin.cli.jvm.K2JVMCompiler @G:\AndroidStudioProjects\PreperationApp\app\build\20240820_3391051077971888286.compiler.options

Host: Intel(R) Core(TM) i5-2500 CPU @ 3.30GHz, 4 cores, 7G,  Windows 10 , 64 bit Build 19041 (10.0.19041.4717)
Time: Tue Aug 20 21:18:17 2024 Pakistan Standard Time elapsed time: 8.401417 seconds (0d 0h 0m 8s)

---------------  T H R E A D  ---------------

Current thread (0x000002ae47bc09a0):  VMThread "VM Thread" [stack: 0x000000beb5d00000,0x000000beb5e00000] [id=8036]

Stack: [0x000000beb5d00000,0x000000beb5e00000]
Native frames: (J=compiled Java code, j=interpreted, Vv=VM code, C=native code)
V  [jvm.dll+0x687bb9]
V  [jvm.dll+0x84142a]
V  [jvm.dll+0x8430ae]
V  [jvm.dll+0x843713]
V  [jvm.dll+0x24a35f]
V  [jvm.dll+0x684989]
V  [jvm.dll+0x67923a]
V  [jvm.dll+0x30af0b]
V  [jvm.dll+0x3123b6]
V  [jvm.dll+0x361dfe]
V  [jvm.dll+0x36202f]
V  [jvm.dll+0x2e0d38]
V  [jvm.dll+0x2df144]
V  [jvm.dll+0x2de74c]
V  [jvm.dll+0x32305b]
V  [jvm.dll+0x847e0b]
V  [jvm.dll+0x848b42]
V  [jvm.dll+0x84905d]
V  [jvm.dll+0x849434]
V  [jvm.dll+0x849500]
V  [jvm.dll+0x7efa4a]
V  [jvm.dll+0x686a35]
C  [ucrtbase.dll+0x21bb2]
C  [KERNEL32.DLL+0x17374]
C  [ntdll.dll+0x4cc91]

VM_Operation (0x000000beb57f3910): G1CollectForAllocation, mode: safepoint, requested by thread 0x000002ae2c6be410


---------------  P R O C E S S  ---------------

Threads class SMR info:
_java_thread_list=0x000002ae4c1a0a90, length=13, elements={
0x000002ae2c6be410, 0x000002ae47bc3560, 0x000002ae47bc4120, 0x000002ae4c036340,
0x000002ae4c038e10, 0x000002ae4c0397d0, 0x000002ae4c03c1a0, 0x000002ae4c03ce90,
0x000002ae4c0458a0, 0x000002ae4c0497a0, 0x000002ae4c1baa90, 0x000002ae4c1bf630,
0x000002ae4c1c2e50
}

Java Threads: ( => current thread )
  0x000002ae2c6be410 JavaThread "main" [_thread_blocked, id=8880, stack(0x000000beb5700000,0x000000beb5800000)]
  0x000002ae47bc3560 JavaThread "Reference Handler" daemon [_thread_blocked, id=6104, stack(0x000000beb5e00000,0x000000beb5f00000)]
  0x000002ae47bc4120 JavaThread "Finalizer" daemon [_thread_blocked, id=10044, stack(0x000000beb5f00000,0x000000beb6000000)]
  0x000002ae4c036340 JavaThread "Signal Dispatcher" daemon [_thread_blocked, id=7992, stack(0x000000beb6000000,0x000000beb6100000)]
  0x000002ae4c038e10 JavaThread "Attach Listener" daemon [_thread_blocked, id=7452, stack(0x000000beb6100000,0x000000beb6200000)]
  0x000002ae4c0397d0 JavaThread "Service Thread" daemon [_thread_blocked, id=6668, stack(0x000000beb6200000,0x000000beb6300000)]
  0x000002ae4c03c1a0 JavaThread "Monitor Deflation Thread" daemon [_thread_blocked, id=10484, stack(0x000000beb6300000,0x000000beb6400000)]
  0x000002ae4c03ce90 JavaThread "C2 CompilerThread0" daemon [_thread_in_native, id=5104, stack(0x000000beb6400000,0x000000beb6500000)]
  0x000002ae4c0458a0 JavaThread "C1 CompilerThread0" daemon [_thread_blocked, id=8812, stack(0x000000beb6500000,0x000000beb6600000)]
  0x000002ae4c0497a0 JavaThread "Sweeper thread" daemon [_thread_blocked, id=3144, stack(0x000000beb6600000,0x000000beb6700000)]
  0x000002ae4c1baa90 JavaThread "Notification Thread" daemon [_thread_blocked, id=7820, stack(0x000000beb6700000,0x000000beb6800000)]
  0x000002ae4c1bf630 JavaThread "Common-Cleaner" daemon [_thread_blocked, id=1336, stack(0x000000beb6900000,0x000000beb6a00000)]
  0x000002ae4c1c2e50 JavaThread "C2 CompilerThread1" daemon [_thread_blocked, id=10996, stack(0x000000beb6a00000,0x000000beb6b00000)]

Other Threads:
=>0x000002ae47bc09a0 VMThread "VM Thread" [stack: 0x000000beb5d00000,0x000000beb5e00000] [id=8036]
  0x000002ae4c1bb380 WatcherThread [stack: 0x000000beb6800000,0x000000beb6900000] [id=10264]
  0x000002ae2c718430 GCTaskThread "GC Thread#0" [stack: 0x000000beb5800000,0x000000beb5900000] [id=8336]
  0x000002ae4c613ec0 GCTaskThread "GC Thread#1" [stack: 0x000000beb6b00000,0x000000beb6c00000] [id=7088]
  0x000002ae4c60e860 GCTaskThread "GC Thread#2" [stack: 0x000000beb6c00000,0x000000beb6d00000] [id=11236]
  0x000002ae4c64c920 GCTaskThread "GC Thread#3" [stack: 0x000000beb6d00000,0x000000beb6e00000] [id=5668]
  0x000002ae2c729240 ConcurrentGCThread "G1 Main Marker" [stack: 0x000000beb5900000,0x000000beb5a00000] [id=5952]
  0x000002ae2c729c60 ConcurrentGCThread "G1 Conc#0" [stack: 0x000000beb5a00000,0x000000beb5b00000] [id=5712]
  0x000002ae2c77e290 ConcurrentGCThread "G1 Refine#0" [stack: 0x000000beb5b00000,0x000000beb5c00000] [id=2272]
  0x000002ae4da3dde0 ConcurrentGCThread "G1 Refine#1" [stack: 0x000000beb6e00000,0x000000beb6f00000] [id=11212]
  0x000002ae47a240c0 ConcurrentGCThread "G1 Service" [stack: 0x000000beb5c00000,0x000000beb5d00000] [id=6364]

Threads with active compile tasks:
C2 CompilerThread0     8418 9548       4       org.jetbrains.kotlin.cli.jvm.index.JvmDependenciesIndexImpl::search (386 bytes)
C2 CompilerThread1     8418 9674       4       org.jetbrains.kotlin.com.intellij.extapi.psi.StubBasedPsiElementBase::getStubOrPsiChildren (115 bytes)

VM state: at safepoint (normal execution)

VM Mutex/Monitor currently owned by a thread:  ([mutex/lock_event])
[0x000002ae2c6b93b0] Threads_lock - owner thread: 0x000002ae47bc09a0
[0x000002ae2c6b8ab0] Heap_lock - owner thread: 0x000002ae2c6be410

Heap address: 0x0000000080a00000, size: 2038 MB, Compressed Oops mode: 32-bit

CDS archive(s) not mapped
Compressed class space mapped at: 0x0000000100000000-0x0000000140000000, reserved size: 1073741824
Narrow klass base: 0x0000000000000000, Narrow klass shift: 3, Narrow klass range: 0x140000000

GC Precious Log:
 CPUs: 4 total, 4 available
 Memory: 8149M
 Large Page Support: Disabled
 NUMA Support: Disabled
 Compressed Oops: Enabled (32-bit)
 Heap Region Size: 1M
 Heap Min Capacity: 8M
 Heap Initial Capacity: 128M
 Heap Max Capacity: 2038M
 Pre-touch: Disabled
 Parallel Workers: 4
 Concurrent Workers: 1
 Concurrent Refinement Workers: 4
 Periodic GC: Disabled

Heap:
 garbage-first heap   total 105472K, used 54504K [0x0000000080a00000, 0x0000000100000000)
  region size 1024K, 1 young (1024K), 1 survivors (1024K)
 Metaspace       used 61988K, committed 62272K, reserved 1114112K
  class space    used 7039K, committed 7168K, reserved 1048576K

Heap Regions: E=young(eden), S=young(survivor), O=old, HS=humongous(starts), HC=humongous(continues), CS=collection set, F=free, OA=open archive, CA=closed archive, TAMS=top-at-mark-start (previous, next)
|   0|0x0000000080a00000, 0x0000000080b00000, 0x0000000080b00000|100%|HS|  |TAMS 0x0000000080b00000, 0x0000000080a00000| Complete 
|   1|0x0000000080b00000, 0x0000000080c00000, 0x0000000080c00000|100%|HC|  |TAMS 0x0000000080c00000, 0x0000000080b00000| Complete 
|   2|0x0000000080c00000, 0x0000000080d00000, 0x0000000080d00000|100%|HC|  |TAMS 0x0000000080d00000, 0x0000000080c00000| Complete 
|   3|0x0000000080d00000, 0x0000000080e00000, 0x0000000080e00000|100%|HC|  |TAMS 0x0000000080e00000, 0x0000000080d00000| Complete 
|   4|0x0000000080e00000, 0x0000000080ef8a00, 0x0000000080f00000| 97%| O|  |TAMS 0x0000000080ef8a00, 0x0000000080e00000| Untracked 
|   5|0x0000000080f00000, 0x0000000081000000, 0x0000000081000000|100%| O|  |TAMS 0x0000000081000000, 0x0000000080f00000| Untracked 
|   6|0x0000000081000000, 0x0000000081100000, 0x0000000081100000|100%| O|  |TAMS 0x0000000081100000, 0x0000000081000000| Untracked 
|   7|0x0000000081100000, 0x0000000081200000, 0x0000000081200000|100%| O|  |TAMS 0x0000000081200000, 0x0000000081100000| Untracked 
|   8|0x0000000081200000, 0x0000000081300000, 0x0000000081300000|100%| O|  |TAMS 0x0000000081300000, 0x0000000081200000| Untracked 
|   9|0x0000000081300000, 0x0000000081400000, 0x0000000081400000|100%| O|  |TAMS 0x0000000081400000, 0x0000000081300000| Untracked 
|  10|0x0000000081400000, 0x0000000081500000, 0x0000000081500000|100%| O|  |TAMS 0x0000000081500000, 0x0000000081400000| Untracked 
|  11|0x0000000081500000, 0x0000000081600000, 0x0000000081600000|100%| O|  |TAMS 0x0000000081600000, 0x0000000081500000| Untracked 
|  12|0x0000000081600000, 0x0000000081700000, 0x0000000081700000|100%| O|  |TAMS 0x0000000081700000, 0x0000000081600000| Untracked 
|  13|0x0000000081700000, 0x0000000081800000, 0x0000000081800000|100%| O|  |TAMS 0x0000000081800000, 0x0000000081700000| Untracked 
|  14|0x0000000081800000, 0x0000000081900000, 0x0000000081900000|100%| O|  |TAMS 0x0000000081900000, 0x0000000081800000| Untracked 
|  15|0x0000000081900000, 0x0000000081a00000, 0x0000000081a00000|100%| O|  |TAMS 0x0000000081a00000, 0x0000000081900000| Untracked 
|  16|0x0000000081a00000, 0x0000000081b00000, 0x0000000081b00000|100%| O|  |TAMS 0x0000000081a00000, 0x0000000081a00000| Untracked 
|  17|0x0000000081b00000, 0x0000000081b00000, 0x0000000081c00000|  0%| F|  |TAMS 0x0000000081b00000, 0x0000000081b00000| Untracked 
|  18|0x0000000081c00000, 0x0000000081d00000, 0x0000000081d00000|100%| O|  |TAMS 0x0000000081d00000, 0x0000000081c00000| Untracked 
|  19|0x0000000081d00000, 0x0000000081e00000, 0x0000000081e00000|100%| O|  |TAMS 0x0000000081e00000, 0x0000000081d00000| Untracked 
|  20|0x0000000081e00000, 0x0000000081f00000, 0x0000000081f00000|100%| O|  |TAMS 0x0000000081f00000, 0x0000000081e00000| Untracked 
|  21|0x0000000081f00000, 0x0000000082000000, 0x0000000082000000|100%| O|  |TAMS 0x0000000082000000, 0x0000000081f00000| Untracked 
|  22|0x0000000082000000, 0x0000000082100000, 0x0000000082100000|100%| O|  |TAMS 0x0000000082100000, 0x0000000082000000| Untracked 
|  23|0x0000000082100000, 0x0000000082200000, 0x0000000082200000|100%| O|  |TAMS 0x0000000082200000, 0x0000000082100000| Untracked 
|  24|0x0000000082200000, 0x0000000082300000, 0x0000000082300000|100%| O|  |TAMS 0x0000000082300000, 0x0000000082200000| Untracked 
|  25|0x0000000082300000, 0x0000000082400000, 0x0000000082400000|100%|HS|  |TAMS 0x0000000082400000, 0x0000000082300000| Complete 
|  26|0x0000000082400000, 0x0000000082500000, 0x0000000082500000|100%|HC|  |TAMS 0x0000000082500000, 0x0000000082400000| Complete 
|  27|0x0000000082500000, 0x0000000082600000, 0x0000000082600000|100%| O|  |TAMS 0x0000000082600000, 0x0000000082500000| Untracked 
|  28|0x0000000082600000, 0x0000000082700000, 0x0000000082700000|100%| O|  |TAMS 0x0000000082700000, 0x0000000082600000| Untracked 
|  29|0x0000000082700000, 0x0000000082800000, 0x0000000082800000|100%| O|  |TAMS 0x0000000082800000, 0x0000000082700000| Untracked 
|  30|0x0000000082800000, 0x0000000082900000, 0x0000000082900000|100%| O|  |TAMS 0x0000000082900000, 0x0000000082800000| Untracked 
|  31|0x0000000082900000, 0x0000000082a00000, 0x0000000082a00000|100%| O|  |TAMS 0x0000000082a00000, 0x0000000082900000| Untracked 
|  32|0x0000000082a00000, 0x0000000082b00000, 0x0000000082b00000|100%| O|  |TAMS 0x0000000082b00000, 0x0000000082a00000| Untracked 
|  33|0x0000000082b00000, 0x0000000082c00000, 0x0000000082c00000|100%| O|  |TAMS 0x0000000082c00000, 0x0000000082b00000| Untracked 
|  34|0x0000000082c00000, 0x0000000082d00000, 0x0000000082d00000|100%| O|  |TAMS 0x0000000082d00000, 0x0000000082c00000| Untracked 
|  35|0x0000000082d00000, 0x0000000082e00000, 0x0000000082e00000|100%| O|  |TAMS 0x0000000082e00000, 0x0000000082d00000| Untracked 
|  36|0x0000000082e00000, 0x0000000082f00000, 0x0000000082f00000|100%| O|  |TAMS 0x0000000082f00000, 0x0000000082e00000| Untracked 
|  37|0x0000000082f00000, 0x0000000083000000, 0x0000000083000000|100%| O|  |TAMS 0x0000000083000000, 0x0000000082f00000| Untracked 
|  38|0x0000000083000000, 0x0000000083100000, 0x0000000083100000|100%| O|  |TAMS 0x0000000083100000, 0x0000000083000000| Untracked 
|  39|0x0000000083100000, 0x0000000083200000, 0x0000000083200000|100%| O|  |TAMS 0x0000000083200000, 0x0000000083100000| Untracked 
|  40|0x0000000083200000, 0x0000000083300000, 0x0000000083300000|100%| O|  |TAMS 0x0000000083300000, 0x0000000083200000| Untracked 
|  41|0x0000000083300000, 0x0000000083400000, 0x0000000083400000|100%| O|  |TAMS 0x0000000083400000, 0x0000000083300000| Untracked 
|  42|0x0000000083400000, 0x0000000083500000, 0x0000000083500000|100%| O|  |TAMS 0x0000000083500000, 0x0000000083400000| Untracked 
|  43|0x0000000083500000, 0x0000000083600000, 0x0000000083600000|100%| O|  |TAMS 0x0000000083600000, 0x0000000083500000| Untracked 
|  44|0x0000000083600000, 0x0000000083700000, 0x0000000083700000|100%| O|  |TAMS 0x0000000083700000, 0x0000000083600000| Untracked 
|  45|0x0000000083700000, 0x0000000083800000, 0x0000000083800000|100%| O|  |TAMS 0x0000000083800000, 0x0000000083700000| Untracked 
|  46|0x0000000083800000, 0x0000000083900000, 0x0000000083900000|100%| O|  |TAMS 0x0000000083900000, 0x0000000083800000| Untracked 
|  47|0x0000000083900000, 0x0000000083a00000, 0x0000000083a00000|100%| O|  |TAMS 0x0000000083a00000, 0x0000000083900000| Untracked 
|  48|0x0000000083a00000, 0x0000000083b00000, 0x0000000083b00000|100%| O|  |TAMS 0x0000000083af4800, 0x0000000083a00000| Untracked 
|  49|0x0000000083b00000, 0x0000000083c00000, 0x0000000083c00000|100%| O|  |TAMS 0x0000000083b00000, 0x0000000083b00000| Untracked 
|  50|0x0000000083c00000, 0x0000000083d00000, 0x0000000083d00000|100%| O|  |TAMS 0x0000000083c00000, 0x0000000083c00000| Untracked 
|  51|0x0000000083d00000, 0x0000000083e00000, 0x0000000083e00000|100%| O|  |TAMS 0x0000000083d00000, 0x0000000083d00000| Untracked 
|  52|0x0000000083e00000, 0x0000000083e9a600, 0x0000000083f00000| 60%| O|  |TAMS 0x0000000083e00000, 0x0000000083e00000| Untracked 
|  53|0x0000000083f00000, 0x0000000083f00000, 0x0000000084000000|  0%| F|  |TAMS 0x0000000083f00000, 0x0000000083f00000| Untracked 
|  54|0x0000000084000000, 0x0000000084000000, 0x0000000084100000|  0%| F|  |TAMS 0x0000000084000000, 0x0000000084000000| Untracked 
|  55|0x0000000084100000, 0x0000000084100000, 0x0000000084200000|  0%| F|  |TAMS 0x0000000084100000, 0x0000000084100000| Untracked 
|  56|0x0000000084200000, 0x0000000084200000, 0x0000000084300000|  0%| F|  |TAMS 0x0000000084200000, 0x0000000084200000| Untracked 
|  57|0x0000000084300000, 0x0000000084300000, 0x0000000084400000|  0%| F|  |TAMS 0x0000000084300000, 0x0000000084300000| Untracked 
|  58|0x0000000084400000, 0x0000000084400000, 0x0000000084500000|  0%| F|  |TAMS 0x0000000084400000, 0x0000000084400000| Untracked 
|  59|0x0000000084500000, 0x0000000084500000, 0x0000000084600000|  0%| F|  |TAMS 0x0000000084500000, 0x0000000084500000| Untracked 
|  60|0x0000000084600000, 0x0000000084600000, 0x0000000084700000|  0%| F|  |TAMS 0x0000000084600000, 0x0000000084600000| Untracked 
|  61|0x0000000084700000, 0x0000000084700000, 0x0000000084800000|  0%| F|  |TAMS 0x0000000084700000, 0x0000000084700000| Untracked 
|  62|0x0000000084800000, 0x0000000084800000, 0x0000000084900000|  0%| F|  |TAMS 0x0000000084800000, 0x0000000084800000| Untracked 
|  63|0x0000000084900000, 0x0000000084900000, 0x0000000084a00000|  0%| F|  |TAMS 0x0000000084900000, 0x0000000084900000| Untracked 
|  64|0x0000000084a00000, 0x0000000084a00000, 0x0000000084b00000|  0%| F|  |TAMS 0x0000000084a00000, 0x0000000084a00000| Untracked 
|  65|0x0000000084b00000, 0x0000000084b00000, 0x0000000084c00000|  0%| F|  |TAMS 0x0000000084b00000, 0x0000000084b00000| Untracked 
|  66|0x0000000084c00000, 0x0000000084c00000, 0x0000000084d00000|  0%| F|  |TAMS 0x0000000084c00000, 0x0000000084c00000| Untracked 
|  67|0x0000000084d00000, 0x0000000084d00000, 0x0000000084e00000|  0%| F|  |TAMS 0x0000000084d00000, 0x0000000084d00000| Untracked 
|  68|0x0000000084e00000, 0x0000000084e00000, 0x0000000084f00000|  0%| F|  |TAMS 0x0000000084e00000, 0x0000000084e00000| Untracked 
|  69|0x0000000084f00000, 0x0000000084f00000, 0x0000000085000000|  0%| F|  |TAMS 0x0000000084f00000, 0x0000000084f00000| Untracked 
|  70|0x0000000085000000, 0x0000000085000000, 0x0000000085100000|  0%| F|  |TAMS 0x0000000085000000, 0x0000000085000000| Untracked 
|  71|0x0000000085100000, 0x0000000085100000, 0x0000000085200000|  0%| F|  |TAMS 0x0000000085100000, 0x0000000085100000| Untracked 
|  72|0x0000000085200000, 0x0000000085200000, 0x0000000085300000|  0%| F|  |TAMS 0x0000000085200000, 0x0000000085200000| Untracked 
|  73|0x0000000085300000, 0x0000000085300000, 0x0000000085400000|  0%| F|  |TAMS 0x0000000085300000, 0x0000000085300000| Untracked 
|  74|0x0000000085400000, 0x0000000085400000, 0x0000000085500000|  0%| F|  |TAMS 0x0000000085400000, 0x0000000085400000| Untracked 
|  75|0x0000000085500000, 0x0000000085500000, 0x0000000085600000|  0%| F|  |TAMS 0x0000000085500000, 0x0000000085500000| Untracked 
|  76|0x0000000085600000, 0x0000000085600000, 0x0000000085700000|  0%| F|  |TAMS 0x0000000085600000, 0x0000000085600000| Untracked 
|  77|0x0000000085700000, 0x0000000085700000, 0x0000000085800000|  0%| F|  |TAMS 0x0000000085700000, 0x0000000085700000| Untracked 
|  78|0x0000000085800000, 0x0000000085800000, 0x0000000085900000|  0%| F|  |TAMS 0x0000000085800000, 0x0000000085800000| Untracked 
|  79|0x0000000085900000, 0x0000000085900000, 0x0000000085a00000|  0%| F|  |TAMS 0x0000000085900000, 0x0000000085900000| Untracked 
|  80|0x0000000085a00000, 0x0000000085a00000, 0x0000000085b00000|  0%| F|  |TAMS 0x0000000085a00000, 0x0000000085a00000| Untracked 
|  81|0x0000000085b00000, 0x0000000085b00000, 0x0000000085c00000|  0%| F|  |TAMS 0x0000000085b00000, 0x0000000085b00000| Untracked 
|  82|0x0000000085c00000, 0x0000000085c00000, 0x0000000085d00000|  0%| F|  |TAMS 0x0000000085c00000, 0x0000000085c00000| Untracked 
|  83|0x0000000085d00000, 0x0000000085d00000, 0x0000000085e00000|  0%| F|  |TAMS 0x0000000085d00000, 0x0000000085d00000| Untracked 
|  84|0x0000000085e00000, 0x0000000085e00000, 0x0000000085f00000|  0%| F|  |TAMS 0x0000000085e00000, 0x0000000085e00000| Untracked 
|  85|0x0000000085f00000, 0x0000000085f00000, 0x0000000086000000|  0%| F|  |TAMS 0x0000000085f00000, 0x0000000085f00000| Untracked 
|  86|0x0000000086000000, 0x0000000086000000, 0x0000000086100000|  0%| F|  |TAMS 0x0000000086000000, 0x0000000086000000| Untracked 
|  87|0x0000000086100000, 0x0000000086100000, 0x0000000086200000|  0%| F|  |TAMS 0x0000000086100000, 0x0000000086100000| Untracked 
|  88|0x0000000086200000, 0x0000000086200000, 0x0000000086300000|  0%| F|  |TAMS 0x0000000086200000, 0x0000000086200000| Untracked 
|  89|0x0000000086300000, 0x0000000086300000, 0x0000000086400000|  0%| F|  |TAMS 0x0000000086300000, 0x0000000086300000| Untracked 
|  90|0x0000000086400000, 0x0000000086400000, 0x0000000086500000|  0%| F|  |TAMS 0x0000000086400000, 0x0000000086400000| Untracked 
|  91|0x0000000086500000, 0x0000000086500000, 0x0000000086600000|  0%| F|  |TAMS 0x0000000086500000, 0x0000000086500000| Untracked 
|  92|0x0000000086600000, 0x0000000086600000, 0x0000000086700000|  0%| F|  |TAMS 0x0000000086600000, 0x0000000086600000| Untracked 
|  93|0x0000000086700000, 0x0000000086700000, 0x0000000086800000|  0%| F|  |TAMS 0x0000000086700000, 0x0000000086700000| Untracked 
|  94|0x0000000086800000, 0x0000000086800000, 0x0000000086900000|  0%| F|  |TAMS 0x0000000086800000, 0x0000000086800000| Untracked 
|  95|0x0000000086900000, 0x0000000086900000, 0x0000000086a00000|  0%| F|  |TAMS 0x0000000086900000, 0x0000000086900000| Untracked 
|  96|0x0000000086a00000, 0x0000000086a00000, 0x0000000086b00000|  0%| F|  |TAMS 0x0000000086a00000, 0x0000000086a00000| Untracked 
|  97|0x0000000086b00000, 0x0000000086b00000, 0x0000000086c00000|  0%| F|  |TAMS 0x0000000086b00000, 0x0000000086b00000| Untracked 
|  98|0x0000000086c00000, 0x0000000086c00000, 0x0000000086d00000|  0%| F|  |TAMS 0x0000000086c00000, 0x0000000086c00000| Untracked 
|  99|0x0000000086d00000, 0x0000000086d00000, 0x0000000086e00000|  0%| F|  |TAMS 0x0000000086d00000, 0x0000000086d00000| Untracked 
| 100|0x0000000086e00000, 0x0000000086ea73c0, 0x0000000086f00000| 65%| S|CS|TAMS 0x0000000086e00000, 0x0000000086e00000| Complete 
| 127|0x0000000088900000, 0x0000000088900000, 0x0000000088a00000|  0%| F|  |TAMS 0x0000000088900000, 0x0000000088900000| Untracked 
|2037|0x00000000fff00000, 0x0000000100000000, 0x0000000100000000|100%| O|  |TAMS 0x0000000100000000, 0x00000000fff00000| Untracked 

Card table byte_map: [0x000002ae40db0000,0x000002ae411b0000] _byte_map_base: 0x000002ae409ab000

Marking Bits (Prev, Next): (CMBitMap*) 0x000002ae2c718a90, (CMBitMap*) 0x000002ae2c718a50
 Prev Bits: [0x000002ae43590000, 0x000002ae45568000)
 Next Bits: [0x000002ae415b0000, 0x000002ae43588000)

Polling page: 0x000002ae2c780000

Metaspace:

Usage:
  Non-class:     53.66 MB used.
      Class:      6.87 MB used.
       Both:     60.54 MB used.

Virtual space:
  Non-class space:       64.00 MB reserved,      53.81 MB ( 84%) committed,  1 nodes.
      Class space:        1.00 GB reserved,       7.00 MB ( <1%) committed,  1 nodes.
             Both:        1.06 GB reserved,      60.81 MB (  6%) committed. 

Chunk freelists:
   Non-Class:  9.67 MB
       Class:  8.98 MB
        Both:  18.66 MB

MaxMetaspaceSize: unlimited
CompressedClassSpaceSize: 1.00 GB
Initial GC threshold: 21.00 MB
Current GC threshold: 100.56 MB
CDS: off
MetaspaceReclaimPolicy: balanced
 - commit_granule_bytes: 65536.
 - commit_granule_words: 8192.
 - virtual_space_node_default_size: 8388608.
 - enlarge_chunks_in_place: 1.
 - new_chunks_are_fully_committed: 0.
 - uncommit_free_chunks: 1.
 - use_allocation_guard: 0.
 - handle_deallocations: 1.


Internal statistics:

num_allocs_failed_limit: 6.
num_arena_births: 260.
num_arena_deaths: 0.
num_vsnodes_births: 2.
num_vsnodes_deaths: 0.
num_space_committed: 971.
num_space_uncommitted: 0.
num_chunks_returned_to_freelist: 6.
num_chunks_taken_from_freelist: 2234.
num_chunk_merges: 6.
num_chunk_splits: 1787.
num_chunks_enlarged: 1564.
num_inconsistent_stats: 0.

CodeHeap 'non-profiled nmethods': size=120000Kb used=4101Kb max_used=4101Kb free=115898Kb
 bounds [0x000002ae38e60000, 0x000002ae39270000, 0x000002ae40390000]
CodeHeap 'profiled nmethods': size=120000Kb used=26182Kb max_used=26182Kb free=93817Kb
 bounds [0x000002ae31390000, 0x000002ae32d30000, 0x000002ae388c0000]
CodeHeap 'non-nmethods': size=5760Kb used=1297Kb max_used=1358Kb free=4462Kb
 bounds [0x000002ae388c0000, 0x000002ae38b30000, 0x000002ae38e60000]
 total_blobs=9381 nmethods=8775 adapters=516
 compilation: enabled
              stopped_count=0, restarted_count=0
 full_count=0

Compilation events (20 events):
Event: 8.367 Thread 0x000002ae4c0458a0 9681       3       org.jetbrains.kotlin.resolve.calls.results.TypeWithConversion::<init> (15 bytes)
Event: 8.367 Thread 0x000002ae4c0458a0 nmethod 9681 0x000002ae32d10990 code [0x000002ae32d10b40, 0x000002ae32d10d58]
Event: 8.368 Thread 0x000002ae4c0458a0 9682       3       org.jetbrains.kotlin.resolve.calls.tower.KotlinToResolvedCallTransformer::reportCallDiagnostic (370 bytes)
Event: 8.371 Thread 0x000002ae4c0458a0 nmethod 9682 0x000002ae32d10e10 code [0x000002ae32d114a0, 0x000002ae32d14ce8]
Event: 8.371 Thread 0x000002ae4c0458a0 9684       3       org.jetbrains.kotlin.resolve.calls.tower.TowerResolver$Task::createNonLocalLevels$addLevelForImportingScope (40 bytes)
Event: 8.372 Thread 0x000002ae4c0458a0 nmethod 9684 0x000002ae32d16110 code [0x000002ae32d164e0, 0x000002ae32d17f38]
Event: 8.372 Thread 0x000002ae4c0458a0 9683       3       org.jetbrains.kotlin.contracts.EffectsExtractingVisitor::getFunctor (39 bytes)
Event: 8.372 Thread 0x000002ae4c0458a0 nmethod 9683 0x000002ae32d18810 code [0x000002ae32d189e0, 0x000002ae32d18de8]
Event: 8.376 Thread 0x000002ae4c0458a0 9686       3       kotlin.sequences.SequencesKt__SequencesKt::constrainOnce (29 bytes)
Event: 8.377 Thread 0x000002ae4c0458a0 nmethod 9686 0x000002ae32d18f10 code [0x000002ae32d191e0, 0x000002ae32d1a038]
Event: 8.377 Thread 0x000002ae4c0458a0 9687       3       kotlin.sequences.ConstrainedOnceSequence::<init> (23 bytes)
Event: 8.378 Thread 0x000002ae4c0458a0 nmethod 9687 0x000002ae32d1a510 code [0x000002ae32d1a740, 0x000002ae32d1af18]
Event: 8.378 Thread 0x000002ae4c0458a0 9688       3       kotlin.sequences.ConstrainedOnceSequence::iterator (34 bytes)
Event: 8.378 Thread 0x000002ae4c0458a0 nmethod 9688 0x000002ae32d1b210 code [0x000002ae32d1b4e0, 0x000002ae32d1c648]
Event: 8.378 Thread 0x000002ae4c0458a0 9689       3       java.util.concurrent.atomic.AtomicReference::getAndSet (9 bytes)
Event: 8.379 Thread 0x000002ae4c0458a0 nmethod 9689 0x000002ae32d1cb10 code [0x000002ae32d1cda0, 0x000002ae32d1dc78]
Event: 8.379 Thread 0x000002ae4c0458a0 9690       3       java.lang.invoke.VarHandleGuards::guard_LL_L (89 bytes)
Event: 8.381 Thread 0x000002ae4c0458a0 nmethod 9690 0x000002ae32d1e090 code [0x000002ae32d1e440, 0x000002ae32d203b8]
Event: 8.381 Thread 0x000002ae4c0458a0 9691       3       java.lang.invoke.VarHandleReferences$FieldInstanceReadWrite::getAndSet (35 bytes)
Event: 8.381 Thread 0x000002ae4c0458a0 nmethod 9691 0x000002ae32d20e10 code [0x000002ae32d21040, 0x000002ae32d21848]

GC Heap History (20 events):
Event: 3.486 GC heap after
{Heap after GC invocations=15 (full 0):
 garbage-first heap   total 72704K, used 33696K [0x0000000080a00000, 0x0000000100000000)
  region size 1024K, 4 young (4096K), 4 survivors (4096K)
 Metaspace       used 51593K, committed 51840K, reserved 1114112K
  class space    used 6207K, committed 6336K, reserved 1048576K
}
Event: 3.670 GC heap before
{Heap before GC invocations=15 (full 0):
 garbage-first heap   total 72704K, used 54176K [0x0000000080a00000, 0x0000000100000000)
  region size 1024K, 25 young (25600K), 4 survivors (4096K)
 Metaspace       used 51957K, committed 52224K, reserved 1114112K
  class space    used 6230K, committed 6336K, reserved 1048576K
}
Event: 3.679 GC heap after
{Heap after GC invocations=16 (full 0):
 garbage-first heap   total 72704K, used 36364K [0x0000000080a00000, 0x0000000100000000)
  region size 1024K, 3 young (3072K), 3 survivors (3072K)
 Metaspace       used 51957K, committed 52224K, reserved 1114112K
  class space    used 6230K, committed 6336K, reserved 1048576K
}
Event: 4.475 GC heap before
{Heap before GC invocations=16 (full 0):
 garbage-first heap   total 72704K, used 55820K [0x0000000080a00000, 0x0000000100000000)
  region size 1024K, 22 young (22528K), 3 survivors (3072K)
 Metaspace       used 55437K, committed 55680K, reserved 1114112K
  class space    used 6628K, committed 6720K, reserved 1048576K
}
Event: 4.485 GC heap after
{Heap after GC invocations=17 (full 0):
 garbage-first heap   total 72704K, used 39758K [0x0000000080a00000, 0x0000000100000000)
  region size 1024K, 3 young (3072K), 3 survivors (3072K)
 Metaspace       used 55437K, committed 55680K, reserved 1114112K
  class space    used 6628K, committed 6720K, reserved 1048576K
}
Event: 4.903 GC heap before
{Heap before GC invocations=18 (full 0):
 garbage-first heap   total 72704K, used 56142K [0x0000000080a00000, 0x0000000100000000)
  region size 1024K, 19 young (19456K), 3 survivors (3072K)
 Metaspace       used 56380K, committed 56576K, reserved 1114112K
  class space    used 6688K, committed 6784K, reserved 1048576K
}
Event: 4.913 GC heap after
{Heap after GC invocations=19 (full 0):
 garbage-first heap   total 72704K, used 43246K [0x0000000080a00000, 0x0000000100000000)
  region size 1024K, 3 young (3072K), 3 survivors (3072K)
 Metaspace       used 56380K, committed 56576K, reserved 1114112K
  class space    used 6688K, committed 6784K, reserved 1048576K
}
Event: 4.938 GC heap before
{Heap before GC invocations=19 (full 0):
 garbage-first heap   total 72704K, used 44270K [0x0000000080a00000, 0x0000000100000000)
  region size 1024K, 4 young (4096K), 3 survivors (3072K)
 Metaspace       used 56389K, committed 56640K, reserved 1114112K
  class space    used 6688K, committed 6784K, reserved 1048576K
}
Event: 4.944 GC heap after
{Heap after GC invocations=20 (full 0):
 garbage-first heap   total 95232K, used 43354K [0x0000000080a00000, 0x0000000100000000)
  region size 1024K, 1 young (1024K), 1 survivors (1024K)
 Metaspace       used 56389K, committed 56640K, reserved 1114112K
  class space    used 6688K, committed 6784K, reserved 1048576K
}
Event: 5.484 GC heap before
{Heap before GC invocations=20 (full 0):
 garbage-first heap   total 95232K, used 71002K [0x0000000080a00000, 0x0000000100000000)
  region size 1024K, 28 young (28672K), 1 survivors (1024K)
 Metaspace       used 57941K, committed 58240K, reserved 1114112K
  class space    used 6853K, committed 6976K, reserved 1048576K
}
Event: 5.494 GC heap after
{Heap after GC invocations=21 (full 0):
 garbage-first heap   total 95232K, used 47074K [0x0000000080a00000, 0x0000000100000000)
  region size 1024K, 4 young (4096K), 4 survivors (4096K)
 Metaspace       used 57941K, committed 58240K, reserved 1114112K
  class space    used 6853K, committed 6976K, reserved 1048576K
}
Event: 6.303 GC heap before
{Heap before GC invocations=22 (full 0):
 garbage-first heap   total 95232K, used 71650K [0x0000000080a00000, 0x0000000100000000)
  region size 1024K, 29 young (29696K), 4 survivors (4096K)
 Metaspace       used 59986K, committed 60224K, reserved 1114112K
  class space    used 7015K, committed 7104K, reserved 1048576K
}
Event: 6.315 GC heap after
{Heap after GC invocations=23 (full 0):
 garbage-first heap   total 95232K, used 50474K [0x0000000080a00000, 0x0000000100000000)
  region size 1024K, 4 young (4096K), 4 survivors (4096K)
 Metaspace       used 59986K, committed 60224K, reserved 1114112K
  class space    used 7015K, committed 7104K, reserved 1048576K
}
Event: 6.368 GC heap before
{Heap before GC invocations=23 (full 0):
 garbage-first heap   total 95232K, used 51498K [0x0000000080a00000, 0x0000000100000000)
  region size 1024K, 5 young (5120K), 4 survivors (4096K)
 Metaspace       used 60060K, committed 60288K, reserved 1114112K
  class space    used 7015K, committed 7104K, reserved 1048576K
}
Event: 6.373 GC heap after
{Heap after GC invocations=24 (full 0):
 garbage-first heap   total 95232K, used 50714K [0x0000000080a00000, 0x0000000100000000)
  region size 1024K, 1 young (1024K), 1 survivors (1024K)
 Metaspace       used 60060K, committed 60288K, reserved 1114112K
  class space    used 7015K, committed 7104K, reserved 1048576K
}
Event: 7.555 GC heap before
{Heap before GC invocations=24 (full 0):
 garbage-first heap   total 95232K, used 74266K [0x0000000080a00000, 0x0000000100000000)
  region size 1024K, 24 young (24576K), 1 survivors (1024K)
 Metaspace       used 61374K, committed 61632K, reserved 1114112K
  class space    used 7020K, committed 7104K, reserved 1048576K
}
Event: 7.560 GC heap after
{Heap after GC invocations=25 (full 0):
 garbage-first heap   total 95232K, used 51521K [0x0000000080a00000, 0x0000000100000000)
  region size 1024K, 2 young (2048K), 2 survivors (2048K)
 Metaspace       used 61374K, committed 61632K, reserved 1114112K
  class space    used 7020K, committed 7104K, reserved 1048576K
}
Event: 8.357 GC heap before
{Heap before GC invocations=26 (full 0):
 garbage-first heap   total 95232K, used 75073K [0x0000000080a00000, 0x0000000100000000)
  region size 1024K, 25 young (25600K), 2 survivors (2048K)
 Metaspace       used 61820K, committed 62016K, reserved 1114112K
  class space    used 7024K, committed 7104K, reserved 1048576K
}
Event: 8.366 GC heap after
{Heap after GC invocations=27 (full 0):
 garbage-first heap   total 95232K, used 54329K [0x0000000080a00000, 0x0000000100000000)
  region size 1024K, 4 young (4096K), 4 survivors (4096K)
 Metaspace       used 61820K, committed 62016K, reserved 1114112K
  class space    used 7024K, committed 7104K, reserved 1048576K
}
Event: 8.390 GC heap before
{Heap before GC invocations=27 (full 0):
 garbage-first heap   total 95232K, used 55353K [0x0000000080a00000, 0x0000000100000000)
  region size 1024K, 5 young (5120K), 4 survivors (4096K)
 Metaspace       used 61988K, committed 62272K, reserved 1114112K
  class space    used 7039K, committed 7168K, reserved 1048576K
}

Dll operation events (2 events):
Event: 0.006 Loaded shared library G:\AS\jbr\bin\java.dll
Event: 1.262 Loaded shared library G:\AS\jbr\bin\verify.dll

Deoptimization events (20 events):
Event: 8.159 Thread 0x000002ae2c6be410 DEOPT PACKING pc=0x000002ae31f56dcd sp=0x000000beb57f83b0
Event: 8.159 Thread 0x000002ae2c6be410 DEOPT UNPACKING pc=0x000002ae38917143 sp=0x000000beb57f7840 mode 0
Event: 8.257 Thread 0x000002ae2c6be410 Uncommon trap: trap_request=0xffffffc6 fr.pc=0x000002ae392561e8 relative=0x0000000000001948
Event: 8.257 Thread 0x000002ae2c6be410 Uncommon trap: reason=bimorphic_or_optimized_type_check action=maybe_recompile pc=0x000002ae392561e8 method=org.jetbrains.kotlin.com.intellij.psi.impl.source.tree.CompositeElement.findChildByType(Lorg/jetbrains/kotlin/com/intellij/psi/tree/TokenSet;)Lorg/
Event: 8.257 Thread 0x000002ae2c6be410 DEOPT PACKING pc=0x000002ae392561e8 sp=0x000000beb57fa370
Event: 8.257 Thread 0x000002ae2c6be410 DEOPT UNPACKING pc=0x000002ae389169a3 sp=0x000000beb57fa120 mode 2
Event: 8.296 Thread 0x000002ae2c6be410 DEOPT PACKING pc=0x000002ae31f56dcd sp=0x000000beb57f8470
Event: 8.296 Thread 0x000002ae2c6be410 DEOPT UNPACKING pc=0x000002ae38917143 sp=0x000000beb57f7900 mode 0
Event: 8.337 Thread 0x000002ae2c6be410 Uncommon trap: trap_request=0xffffffde fr.pc=0x000002ae3924ae08 relative=0x0000000000000d88
Event: 8.337 Thread 0x000002ae2c6be410 Uncommon trap: reason=class_check action=maybe_recompile pc=0x000002ae3924ae08 method=org.jetbrains.kotlin.resolve.descriptorUtil.AnnotationsForResolveUtilsKt.hasNoInferAnnotation(Lorg/jetbrains/kotlin/types/KotlinType;)Z @ 13 c2
Event: 8.337 Thread 0x000002ae2c6be410 DEOPT PACKING pc=0x000002ae3924ae08 sp=0x000000beb57fabf0
Event: 8.337 Thread 0x000002ae2c6be410 DEOPT UNPACKING pc=0x000002ae389169a3 sp=0x000000beb57fa730 mode 2
Event: 8.367 Thread 0x000002ae2c6be410 Uncommon trap: trap_request=0xffffffc6 fr.pc=0x000002ae3925a4ec relative=0x0000000000000a4c
Event: 8.367 Thread 0x000002ae2c6be410 Uncommon trap: reason=bimorphic_or_optimized_type_check action=maybe_recompile pc=0x000002ae3925a4ec method=gnu.trove.TObjectHash.insertionIndex(Ljava/lang/Object;)I @ 177 c2
Event: 8.367 Thread 0x000002ae2c6be410 DEOPT PACKING pc=0x000002ae3925a4ec sp=0x000000beb57f6f70
Event: 8.367 Thread 0x000002ae2c6be410 DEOPT UNPACKING pc=0x000002ae389169a3 sp=0x000000beb57f6ef8 mode 2
Event: 8.370 Thread 0x000002ae2c6be410 Uncommon trap: trap_request=0xffffffde fr.pc=0x000002ae3924ae08 relative=0x0000000000000d88
Event: 8.370 Thread 0x000002ae2c6be410 Uncommon trap: reason=class_check action=maybe_recompile pc=0x000002ae3924ae08 method=org.jetbrains.kotlin.resolve.descriptorUtil.AnnotationsForResolveUtilsKt.hasNoInferAnnotation(Lorg/jetbrains/kotlin/types/KotlinType;)Z @ 13 c2
Event: 8.370 Thread 0x000002ae2c6be410 DEOPT PACKING pc=0x000002ae3924ae08 sp=0x000000beb57f7c70
Event: 8.370 Thread 0x000002ae2c6be410 DEOPT UNPACKING pc=0x000002ae389169a3 sp=0x000000beb57f77b0 mode 2

Classes unloaded (0 events):
No events

Classes redefined (0 events):
No events

Internal exceptions (20 events):
Event: 3.476 Thread 0x000002ae2c6be410 Exception <a 'java/lang/NoSuchMethodError'{0x00000000836ec850}: 'java.lang.Object java.lang.invoke.DirectMethodHandle$Holder.newInvokeSpecial(java.lang.Object, java.lang.Object, java.lang.Object, java.lang.Object, java.lang.Object, java.lang.Object)'> (0x00000000836ec850) 
thrown [s\src\hotspot\share\interpreter\linkResolver.cpp, line 771]
Event: 3.740 Thread 0x000002ae2c6be410 Exception <a 'java/lang/NoSuchMethodError'{0x0000000086c71d30}: 'java.lang.Object java.lang.invoke.DirectMethodHandle$Holder.newInvokeSpecial(java.lang.Object, java.lang.Object, java.lang.Object, java.lang.Object, java.lang.Object, java.lang.Object, java.lang.Object, java.lang.Object)'> (0x0000000086c71d30) 
thrown [s\src\hotspot\share\interpreter\linkResolver.cpp, line 771]
Event: 3.740 Thread 0x000002ae2c6be410 Exception <a 'java/lang/NoSuchMethodError'{0x0000000086c77348}: 'java.lang.Object java.lang.invoke.DirectMethodHandle$Holder.invokeSpecial(java.lang.Object, java.lang.Object, java.lang.Object, java.lang.Object, java.lang.Object, java.lang.Object, java.lang.Object, java.lang.Object, java.lang.Object)'> (0x0000000086c77348) 
thrown [s\src\hotspot\share\interpreter\linkResolver.cpp, line 771]
Event: 3.741 Thread 0x000002ae2c6be410 Exception <a 'java/lang/NoSuchMethodError'{0x0000000086c7c278}: 'java.lang.Object java.lang.invoke.Invokers$Holder.linkToTargetMethod(java.lang.Object, java.lang.Object, java.lang.Object, java.lang.Object, java.lang.Object, java.lang.Object, java.lang.Object, java.lang.Object)'> (0x0000000086c7c278) 
thrown [s\src\hotspot\share\interpreter\linkResolver.cpp, line 771]
Event: 4.179 Thread 0x000002ae2c6be410 Exception <a 'java/lang/NoSuchMethodError'{0x0000000084397998}: 'java.lang.Object java.lang.invoke.DirectMethodHandle$Holder.invokeStatic(java.lang.Object, java.lang.Object, java.lang.Object, java.lang.Object, int)'> (0x0000000084397998) 
thrown [s\src\hotspot\share\interpreter\linkResolver.cpp, line 771]
Event: 4.180 Thread 0x000002ae2c6be410 Exception <a 'java/lang/NoSuchMethodError'{0x00000000843a13d8}: 'java.lang.Object java.lang.invoke.DirectMethodHandle$Holder.newInvokeSpecial(java.lang.Object, java.lang.Object, java.lang.Object, java.lang.Object, int)'> (0x00000000843a13d8) 
thrown [s\src\hotspot\share\interpreter\linkResolver.cpp, line 771]
Event: 4.181 Thread 0x000002ae2c6be410 Exception <a 'java/lang/NoSuchMethodError'{0x00000000843a92f8}: 'java.lang.Object java.lang.invoke.Invokers$Holder.linkToTargetMethod(java.lang.Object, java.lang.Object, java.lang.Object, int, java.lang.Object)'> (0x00000000843a92f8) 
thrown [s\src\hotspot\share\interpreter\linkResolver.cpp, line 771]
Event: 4.658 Thread 0x000002ae2c6be410 Exception <a 'java/lang/NoSuchMethodError'{0x00000000849faa88}: 'java.lang.Object java.lang.invoke.DirectMethodHandle$Holder.invokeStaticInit(java.lang.Object, java.lang.Object, java.lang.Object)'> (0x00000000849faa88) 
thrown [s\src\hotspot\share\interpreter\linkResolver.cpp, line 771]
Event: 5.232 Thread 0x000002ae2c6be410 Exception <a 'java/lang/NoSuchMethodError'{0x000000008568bbe8}: 'int java.lang.invoke.DirectMethodHandle$Holder.invokeInterface(java.lang.Object, java.lang.Object)'> (0x000000008568bbe8) 
thrown [s\src\hotspot\share\interpreter\linkResolver.cpp, line 771]
Event: 5.242 Thread 0x000002ae2c6be410 Exception <a 'java/lang/NoSuchMethodError'{0x00000000856c2fd0}: 'java.lang.Object java.lang.invoke.DirectMethodHandle$Holder.newInvokeSpecial(java.lang.Object, int, java.lang.Object)'> (0x00000000856c2fd0) 
thrown [s\src\hotspot\share\interpreter\linkResolver.cpp, line 771]
Event: 5.244 Thread 0x000002ae2c6be410 Implicit null exception at 0x000002ae38eada6a to 0x000002ae38eadc28
Event: 5.244 Thread 0x000002ae2c6be410 Implicit null exception at 0x000002ae38efcd0f to 0x000002ae38efcd85
Event: 5.264 Thread 0x000002ae2c6be410 Exception <a 'java/lang/NoSuchMethodError'{0x0000000085531688}: 'java.lang.Object java.lang.invoke.DirectMethodHandle$Holder.invokeStatic(java.lang.Object, int, java.lang.Object)'> (0x0000000085531688) 
thrown [s\src\hotspot\share\interpreter\linkResolver.cpp, line 771]
Event: 5.504 Thread 0x000002ae2c6be410 Implicit null exception at 0x000002ae3904f66a to 0x000002ae3904f834
Event: 5.539 Thread 0x000002ae2c6be410 Implicit null exception at 0x000002ae3909d4c1 to 0x000002ae3909ea24
Event: 5.539 Thread 0x000002ae2c6be410 Implicit null exception at 0x000002ae38ec4058 to 0x000002ae38ec40ea
Event: 5.780 Thread 0x000002ae2c6be410 Exception <a 'java/lang/NoSuchMethodError'{0x0000000085e287e0}: 'java.lang.Object java.lang.invoke.DirectMethodHandle$Holder.newInvokeSpecial(java.lang.Object, java.lang.Object, java.lang.Object, java.lang.Object, java.lang.Object, java.lang.Object, java.lang.Object)'> (0x0000000085e287e0) 
thrown [s\src\hotspot\share\interpreter\linkResolver.cpp, line 771]
Event: 5.780 Thread 0x000002ae2c6be410 Exception <a 'java/lang/NoSuchMethodError'{0x0000000085e2d640}: 'java.lang.Object java.lang.invoke.Invokers$Holder.linkToTargetMethod(java.lang.Object, java.lang.Object, java.lang.Object, java.lang.Object, java.lang.Object, java.lang.Object, java.lang.Object)'> (0x0000000085e2d640) 
thrown [s\src\hotspot\share\interpreter\linkResolver.cpp, line 771]
Event: 5.907 Thread 0x000002ae2c6be410 Exception <a 'java/lang/NoSuchMethodError'{0x00000000857cf370}: 'int java.lang.invoke.DirectMethodHandle$Holder.invokeStaticInit(java.lang.Object, int)'> (0x00000000857cf370) 
thrown [s\src\hotspot\share\interpreter\linkResolver.cpp, line 771]
Event: 6.183 Thread 0x000002ae2c6be410 Implicit null exception at 0x000002ae38fd50bc to 0x000002ae38fd597c

VM Operations (20 events):
Event: 7.008 Executing VM operation: ICBufferFull done
Event: 7.396 Executing VM operation: ICBufferFull
Event: 7.396 Executing VM operation: ICBufferFull done
Event: 7.429 Executing VM operation: ICBufferFull
Event: 7.429 Executing VM operation: ICBufferFull done
Event: 7.555 Executing VM operation: G1CollectForAllocation
Event: 7.560 Executing VM operation: G1CollectForAllocation done
Event: 7.649 Executing VM operation: G1PauseRemark
Event: 7.661 Executing VM operation: G1PauseRemark done
Event: 7.699 Executing VM operation: G1PauseCleanup
Event: 7.699 Executing VM operation: G1PauseCleanup done
Event: 7.872 Executing VM operation: ICBufferFull
Event: 7.872 Executing VM operation: ICBufferFull done
Event: 8.112 Executing VM operation: ICBufferFull
Event: 8.112 Executing VM operation: ICBufferFull done
Event: 8.336 Executing VM operation: ICBufferFull
Event: 8.336 Executing VM operation: ICBufferFull done
Event: 8.357 Executing VM operation: G1CollectForAllocation
Event: 8.366 Executing VM operation: G1CollectForAllocation done
Event: 8.390 Executing VM operation: G1CollectForAllocation

Events (20 events):
Event: 5.957 Thread 0x000002ae4c0497a0 flushing nmethod 0x000002ae31cbb290
Event: 5.957 Thread 0x000002ae4c0497a0 flushing nmethod 0x000002ae31d46f90
Event: 5.958 Thread 0x000002ae4c0497a0 flushing nmethod 0x000002ae31e54110
Event: 5.958 Thread 0x000002ae4c0497a0 flushing nmethod 0x000002ae31e9a990
Event: 5.965 loading class jdk/internal/math/FloatingDecimal
Event: 5.965 loading class jdk/internal/math/FloatingDecimal done
Event: 5.965 loading class jdk/internal/math/FloatingDecimal$ExceptionalBinaryToASCIIBuffer
Event: 5.965 loading class jdk/internal/math/FloatingDecimal$BinaryToASCIIConverter
Event: 5.965 loading class jdk/internal/math/FloatingDecimal$BinaryToASCIIConverter done
Event: 5.965 loading class jdk/internal/math/FloatingDecimal$ExceptionalBinaryToASCIIBuffer done
Event: 5.965 loading class jdk/internal/math/FloatingDecimal$BinaryToASCIIBuffer
Event: 5.966 loading class jdk/internal/math/FloatingDecimal$BinaryToASCIIBuffer done
Event: 5.966 loading class jdk/internal/math/FloatingDecimal$1
Event: 5.966 loading class jdk/internal/math/FloatingDecimal$1 done
Event: 5.966 loading class jdk/internal/math/FloatingDecimal$PreparedASCIIToBinaryBuffer
Event: 5.966 loading class jdk/internal/math/FloatingDecimal$ASCIIToBinaryConverter
Event: 5.966 loading class jdk/internal/math/FloatingDecimal$ASCIIToBinaryConverter done
Event: 5.966 loading class jdk/internal/math/FloatingDecimal$PreparedASCIIToBinaryBuffer done
Event: 5.966 loading class jdk/internal/math/FloatingDecimal$ASCIIToBinaryBuffer
Event: 5.966 loading class jdk/internal/math/FloatingDecimal$ASCIIToBinaryBuffer done


Dynamic libraries:
0x00007ff6c3ed0000 - 0x00007ff6c3eda000 	G:\AS\jbr\bin\java.exe
0x00007ffac29f0000 - 0x00007ffac2be8000 	C:\Windows\SYSTEM32\ntdll.dll
0x00007ffac1710000 - 0x00007ffac17d1000 	C:\Windows\System32\KERNEL32.DLL
0x00007ffac0720000 - 0x00007ffac0a1d000 	C:\Windows\System32\KERNELBASE.dll
0x00007ffac0550000 - 0x00007ffac0650000 	C:\Windows\System32\ucrtbase.dll
0x00007ffab9480000 - 0x00007ffab949b000 	G:\AS\jbr\bin\VCRUNTIME140.dll
0x00007ffa9c580000 - 0x00007ffa9c597000 	G:\AS\jbr\bin\jli.dll
0x00007ffac0a20000 - 0x00007ffac0bbd000 	C:\Windows\System32\USER32.dll
0x00007ffac01a0000 - 0x00007ffac01c2000 	C:\Windows\System32\win32u.dll
0x00007ffaaa090000 - 0x00007ffaaa32a000 	C:\Windows\WinSxS\amd64_microsoft.windows.common-controls_6595b64144ccf1df_6.0.19041.4355_none_60b8b9eb71f62e16\COMCTL32.dll
0x00007ffac1c30000 - 0x00007ffac1c5b000 	C:\Windows\System32\GDI32.dll
0x00007ffac0e40000 - 0x00007ffac0ede000 	C:\Windows\System32\msvcrt.dll
0x00007ffac01d0000 - 0x00007ffac02e7000 	C:\Windows\System32\gdi32full.dll
0x00007ffac0650000 - 0x00007ffac06ed000 	C:\Windows\System32\msvcp_win.dll
0x00007ffac1890000 - 0x00007ffac18bf000 	C:\Windows\System32\IMM32.DLL
0x00007ffabd3b0000 - 0x00007ffabd3bc000 	G:\AS\jbr\bin\vcruntime140_1.dll
0x00007ffa9c5e0000 - 0x00007ffa9c66d000 	G:\AS\jbr\bin\msvcp140.dll
0x00007ffa7d560000 - 0x00007ffa7e1e3000 	G:\AS\jbr\bin\server\jvm.dll
0x00007ffac1010000 - 0x00007ffac10c0000 	C:\Windows\System32\ADVAPI32.dll
0x00007ffac2910000 - 0x00007ffac29b0000 	C:\Windows\System32\sechost.dll
0x00007ffac0ee0000 - 0x00007ffac1003000 	C:\Windows\System32\RPCRT4.dll
0x00007ffac06f0000 - 0x00007ffac0717000 	C:\Windows\System32\bcrypt.dll
0x00007ffabae50000 - 0x00007ffabae59000 	C:\Windows\SYSTEM32\WSOCK32.dll
0x00007ffabfef0000 - 0x00007ffabff3b000 	C:\Windows\SYSTEM32\POWRPROF.dll
0x00007ffac1920000 - 0x00007ffac198b000 	C:\Windows\System32\WS2_32.dll
0x00007ffab25c0000 - 0x00007ffab25e7000 	C:\Windows\SYSTEM32\WINMM.dll
0x00007ffab8c30000 - 0x00007ffab8c3a000 	C:\Windows\SYSTEM32\VERSION.dll
0x00007ffabfed0000 - 0x00007ffabfee2000 	C:\Windows\SYSTEM32\UMPDC.dll
0x00007ffabdf40000 - 0x00007ffabdf52000 	C:\Windows\SYSTEM32\kernel.appcore.dll
0x00007ffab5140000 - 0x00007ffab514a000 	G:\AS\jbr\bin\jimage.dll
0x00007ffab1b20000 - 0x00007ffab1d04000 	C:\Windows\SYSTEM32\DBGHELP.DLL
0x00007ffaa0a70000 - 0x00007ffaa0aa4000 	C:\Windows\SYSTEM32\dbgcore.DLL
0x00007ffac0450000 - 0x00007ffac04d2000 	C:\Windows\System32\bcryptPrimitives.dll
0x00007ffaa85e0000 - 0x00007ffaa8605000 	G:\AS\jbr\bin\java.dll
0x00007ffab2d70000 - 0x00007ffab2d88000 	G:\AS\jbr\bin\zip.dll
0x00007ffac1cf0000 - 0x00007ffac245f000 	C:\Windows\System32\SHELL32.dll
0x00007ffabe140000 - 0x00007ffabe8df000 	C:\Windows\SYSTEM32\windows.storage.dll
0x00007ffac2460000 - 0x00007ffac27b3000 	C:\Windows\System32\combase.dll
0x00007ffabf9f0000 - 0x00007ffabfa1e000 	C:\Windows\SYSTEM32\Wldp.dll
0x00007ffac0bc0000 - 0x00007ffac0c8d000 	C:\Windows\System32\OLEAUT32.dll
0x00007ffac17e0000 - 0x00007ffac188d000 	C:\Windows\System32\SHCORE.dll
0x00007ffac18c0000 - 0x00007ffac1915000 	C:\Windows\System32\shlwapi.dll
0x00007ffabffd0000 - 0x00007ffabfff4000 	C:\Windows\SYSTEM32\profapi.dll
0x00007ffaa9470000 - 0x00007ffaa9489000 	G:\AS\jbr\bin\net.dll
0x00007ffab7580000 - 0x00007ffab768d000 	C:\Windows\SYSTEM32\WINHTTP.dll
0x00007ffabf750000 - 0x00007ffabf7ba000 	C:\Windows\system32\mswsock.dll
0x00007ffa9c5a0000 - 0x00007ffa9c5b6000 	G:\AS\jbr\bin\nio.dll
0x00007ffaa9520000 - 0x00007ffaa9530000 	G:\AS\jbr\bin\verify.dll

dbghelp: loaded successfully - version: 4.0.5 - missing functions: none
symbol engine: initialized successfully - sym options: 0x614 - pdb path: .;G:\AS\jbr\bin;C:\Windows\SYSTEM32;C:\Windows\WinSxS\amd64_microsoft.windows.common-controls_6595b64144ccf1df_6.0.19041.4355_none_60b8b9eb71f62e16;G:\AS\jbr\bin\server

VM Arguments:
java_command: org.jetbrains.kotlin.cli.jvm.K2JVMCompiler @G:\AndroidStudioProjects\PreperationApp\app\build\20240820_3391051077971888286.compiler.options
java_class_path (initial): C:\Users\sohai\.gradle\caches\modules-2\files-2.1\org.jetbrains.kotlin\kotlin-compiler-embeddable\1.9.0\2c8c3a7402becca891f12739b3e9fd2dc2adbd7a\kotlin-compiler-embeddable-1.9.0.jar;C:\Users\sohai\.gradle\caches\modules-2\files-2.1\org.jetbrains.kotlin\kotlin-stdlib\1.9.0\8ee15ef0c67dc83d874f412d84378d7f0eb50b63\kotlin-stdlib-1.9.0.jar;C:\Users\sohai\.gradle\caches\modules-2\files-2.1\org.jetbrains.kotlin\kotlin-script-runtime\1.9.0\4b3102cbbb7e1b58d9d1adf89563f00069ffa7d1\kotlin-script-runtime-1.9.0.jar;C:\Users\sohai\.gradle\caches\modules-2\files-2.1\org.jetbrains.kotlin\kotlin-reflect\1.6.10\1cbe9c92c12a94eea200d23c2bbaedaf3daf5132\kotlin-reflect-1.6.10.jar;C:\Users\sohai\.gradle\caches\modules-2\files-2.1\org.jetbrains.kotlin\kotlin-daemon-embeddable\1.9.0\186543f5e28cf8d9a0290fecc2cf34301c40a65c\kotlin-daemon-embeddable-1.9.0.jar;C:\Users\sohai\.gradle\caches\modules-2\files-2.1\org.jetbrains.intellij.deps\trove4j\1.0.20200330\3afb14d5f9ceb459d724e907a21145e8ff394f02\trove4j-1.0.20200330.jar;C:\Users\sohai\.gradle\caches\modules-2\files-2.1\org.jetbrains.kotlin\kotlin-stdlib-common\1.9.0\cd65c21cfd1eec4d44ef09f9f52b6d9f8a720636\kotlin-stdlib-common-1.9.0.jar;C:\Users\sohai\.gradle\caches\modules-2\files-2.1\org.jetbrains\annotations\13.0\919f0dfe192fb4e063e7dacadee7f8bb9a2672a9\annotations-13.0.jar
Launcher Type: SUN_STANDARD

[Global flags]
     intx CICompilerCount                          = 3                                         {product} {ergonomic}
     uint ConcGCThreads                            = 1                                         {product} {ergonomic}
     uint G1ConcRefinementThreads                  = 4                                         {product} {ergonomic}
   size_t G1HeapRegionSize                         = 1048576                                   {product} {ergonomic}
    uintx GCDrainStackTargetSize                   = 64                                        {product} {ergonomic}
   size_t InitialHeapSize                          = 134217728                                 {product} {ergonomic}
   size_t MarkStackSize                            = 4194304                                   {product} {ergonomic}
   size_t MaxHeapSize                              = 2136997888                                {product} {ergonomic}
   size_t MaxNewSize                               = 1281359872                                {product} {ergonomic}
   size_t MinHeapDeltaBytes                        = 1048576                                   {product} {ergonomic}
   size_t MinHeapSize                              = 8388608                                   {product} {ergonomic}
    uintx NonNMethodCodeHeapSize                   = 5832780                                {pd product} {ergonomic}
    uintx NonProfiledCodeHeapSize                  = 122912730                              {pd product} {ergonomic}
    uintx ProfiledCodeHeapSize                     = 122912730                              {pd product} {ergonomic}
    uintx ReservedCodeCacheSize                    = 251658240                              {pd product} {ergonomic}
     bool SegmentedCodeCache                       = true                                      {product} {ergonomic}
   size_t SoftMaxHeapSize                          = 2136997888                             {manageable} {ergonomic}
     bool UseCompressedClassPointers               = true                           {product lp64_product} {ergonomic}
     bool UseCompressedOops                        = true                           {product lp64_product} {ergonomic}
     bool UseG1GC                                  = true                                      {product} {ergonomic}
     bool UseLargePagesIndividualAllocation        = false                                  {pd product} {ergonomic}

Logging:
Log output configuration:
 #0: stdout all=warning uptime,level,tags
 #1: stderr all=off uptime,level,tags

Environment Variables:
JAVA_HOME=G:\java
PATH=C:\Program Files (x86)\Common Files\Oracle\Java\java8path;C:\Program Files (x86)\Common Files\Oracle\Java\javapath;"C:\Program Files (x86)\Common Files\Oracle\Java\java8path;G:\java\bin";C:\Windows\system32;C:\Windows;C:\Windows\System32\Wbem;C:\Windows\System32\WindowsPowerShell\v1.0\;C:\Windows\System32\OpenSSH\;C:\Program Files\Git\cmd;G:\java\bin;C:\Users\sohai\AppData\Local\Programs\Python\Python312\Scripts\;C:\Users\sohai\AppData\Local\Programs\Python\Python312\;C:\Users\sohai\AppData\Local\Microsoft\WindowsApps;
USERNAME=sohai
OS=Windows_NT
PROCESSOR_IDENTIFIER=Intel64 Family 6 Model 42 Stepping 7, GenuineIntel
TMP=C:\Users\sohai\AppData\Local\Temp
TEMP=C:\Users\sohai\AppData\Local\Temp



Periodic native trim disabled

JNI global refs:
JNI global refs: 10, weak refs: 3

JNI global refs memory usage: 843, weak refs: 841

Process memory usage:
Resident Set Size: 287304K (3% of 8344624K total physical memory with 868772K free physical memory)

OOME stack traces (most recent first):
Classloader memory used:
Loader jdk.internal.loader.ClassLoaders$AppClassLoader                                 : 6351K
Loader bootstrap                                                                       : 1339K
Loader java.net.URLClassLoader                                                         : 42635B
Loader jdk.internal.reflect.DelegatingClassLoader                                      : 15981B


---------------  S Y S T E M  ---------------

OS:
 Windows 10 , 64 bit Build 19041 (10.0.19041.4717)
OS uptime: 2 days 8:08 hours

CPU: total 4 (initial active 4) (4 cores per cpu, 1 threads per core) family 6 model 42 stepping 7 microcode 0x2f, cx8, cmov, fxsr, mmx, sse, sse2, sse3, ssse3, sse4.1, sse4.2, popcnt, tsc, tscinvbit, avx, aes, clmul, vzeroupper, clflush
Processor Information for all 4 processors :
  Max Mhz: 3301, Current Mhz: 3301, Mhz Limit: 3301

Memory: 4k page, system-wide physical 8149M (849M free)
TotalPageFile size 12245M (AvailPageFile size 15M)
current process WorkingSet (physical memory assigned to process): 280M, peak: 280M
current process commit charge ("private bytes"): 317M, peak: 344M

vm_info: OpenJDK 64-Bit Server VM (17.0.11+0--11852314) for windows-amd64 JRE (17.0.11+0--11852314), built on May 16 2024 21:29:20 by "androidbuild" with MS VC++ 16.10 / 16.11 (VS2019)

END.
