#
# There is insufficient memory for the Java Runtime Environment to continue.
# Native memory allocation (mmap) failed to map 134217728 bytes. Error detail: G1 virtual space
# Possible reasons:
#   The system is out of physical RAM or swap space
#   This process is running with CompressedOops enabled, and the Java Heap may be blocking the growth of the native heap
# Possible solutions:
#   Reduce memory load on the system
#   Increase physical memory or swap space
#   Check if swap backing store is full
#   Decrease Java heap size (-Xmx/-Xms)
#   Decrease number of Java threads
#   Decrease Java thread stack sizes (-Xss)
#   Set larger code cache with -XX:ReservedCodeCacheSize=
#   JVM is running with Unscaled Compressed Oops mode in which the Java heap is
#     placed in the first 4GB address space. The Java Heap base address is the
#     maximum limit for the native heap growth. Please use -XX:HeapBaseMinAddress
#     to set the Java Heap base and to place the Java Heap above 4GB virtual address.
# This output file may be truncated or incomplete.
#
#  Out of Memory Error (os_windows.cpp:3825), pid=2452, tid=9348
#
# JRE version:  (17.0.11) (build )
# Java VM: OpenJDK 64-Bit Server VM (17.0.11+0--11852314, mixed mode, sharing, tiered, compressed oops, compressed class ptrs, g1 gc, windows-amd64)
# No core dump will be written. Minidumps are not enabled by default on client versions of Windows
#

---------------  S U M M A R Y ------------

Command Line: org.jetbrains.kotlin.cli.jvm.K2JVMCompiler @G:\AndroidStudioProjects\PreperationApp\app\build\20240823_13240678078487475887.compiler.options

Host: Intel(R) Core(TM) i5-2500 CPU @ 3.30GHz, 4 cores, 7G,  Windows 10 , 64 bit Build 19041 (10.0.19041.4717)
Time: Fri Aug 23 15:11:38 2024 Pakistan Standard Time elapsed time: 0.323498 seconds (0d 0h 0m 0s)

---------------  T H R E A D  ---------------

Current thread (0x0000025d8b0de560):  JavaThread "Unknown thread" [_thread_in_vm, id=9348, stack(0x0000009621b00000,0x0000009621c00000)]

Stack: [0x0000009621b00000,0x0000009621c00000]
Native frames: (J=compiled Java code, j=interpreted, Vv=VM code, C=native code)
V  [jvm.dll+0x687bb9]
V  [jvm.dll+0x84142a]
V  [jvm.dll+0x8430ae]
V  [jvm.dll+0x843713]
V  [jvm.dll+0x24a35f]
V  [jvm.dll+0x684989]
V  [jvm.dll+0x67923a]
V  [jvm.dll+0x30af0b]
V  [jvm.dll+0x3123b6]
V  [jvm.dll+0x361dfe]
V  [jvm.dll+0x36202f]
V  [jvm.dll+0x2e0d38]
V  [jvm.dll+0x2e1ca4]
V  [jvm.dll+0x811f21]
V  [jvm.dll+0x36fb68]
V  [jvm.dll+0x7f0896]
V  [jvm.dll+0x3f3d2f]
V  [jvm.dll+0x3f58e1]
C  [jli.dll+0x528f]
C  [ucrtbase.dll+0x21bb2]
C  [KERNEL32.DLL+0x17374]
C  [ntdll.dll+0x4cc91]


---------------  P R O C E S S  ---------------

Threads class SMR info:
_java_thread_list=0x00007fff87ecefd8, length=0, elements={
}

Java Threads: ( => current thread )

Other Threads:
  0x0000025d8b138680 GCTaskThread "GC Thread#0" [stack: 0x0000009621c00000,0x0000009621d00000] [id=7768]
  0x0000025d8b1493a0 ConcurrentGCThread "G1 Main Marker" [stack: 0x0000009621d00000,0x0000009621e00000] [id=10144]
  0x0000025d8b149cd0 ConcurrentGCThread "G1 Conc#0" [stack: 0x0000009621e00000,0x0000009621f00000] [id=7996]

[error occurred during error reporting (printing all threads), id 0xc0000005, EXCEPTION_ACCESS_VIOLATION (0xc0000005) at pc=0x00007fff87681907]

VM state: not at safepoint (not fully initialized)

VM Mutex/Monitor currently owned by a thread:  ([mutex/lock_event])
[0x0000025d8b0daa20] Heap_lock - owner thread: 0x0000025d8b0de560

Heap address: 0x0000000080a00000, size: 2038 MB, Compressed Oops mode: 32-bit

CDS archive(s) mapped at: [0x0000000000000000-0x0000000000000000-0x0000000000000000), size 0, SharedBaseAddress: 0x0000000800000000, ArchiveRelocationMode: 1.
Narrow klass base: 0x0000000000000000, Narrow klass shift: 0, Narrow klass range: 0x0

GC Precious Log:
<Empty>

Heap:
 garbage-first heap   total 0K, used 0K [0x0000000080a00000, 0x0000000100000000)
  region size 1024K, 0 young (0K), 0 survivors (0K)
 Metaspace       used 0K, committed 0K, reserved 0K
  class space    used 0K, committed 0K, reserved 0K

Heap Regions: E=young(eden), S=young(survivor), O=old, HS=humongous(starts), HC=humongous(continues), CS=collection set, F=free, OA=open archive, CA=closed archive, TAMS=top-at-mark-start (previous, next)

Card table byte_map: [0x0000025d9d9c0000,0x0000025d9ddc0000] _byte_map_base: 0x0000025d9d5bb000

Marking Bits (Prev, Next): (CMBitMap*) 0x0000025d8b138bb0, (CMBitMap*) 0x0000025d8b138bf0
 Prev Bits: [0x0000025d9e1c0000, 0x0000025da0198000)
 Next Bits: [0x0000025da01a0000, 0x0000025da2178000)

GC Heap History (0 events):
No events

Dll operation events (1 events):
Event: 0.007 Loaded shared library G:\AS\jbr\bin\java.dll

Deoptimization events (0 events):
No events

Classes unloaded (0 events):
No events

Classes redefined (0 events):
No events

Internal exceptions (0 events):
No events

VM Operations (0 events):
No events

Events (0 events):
No events


Dynamic libraries:
0x00007ff7f0ec0000 - 0x00007ff7f0eca000 	G:\AS\jbr\bin\java.exe
0x00007fffcdd30000 - 0x00007fffcdf28000 	C:\Windows\SYSTEM32\ntdll.dll
0x00007fffcd980000 - 0x00007fffcda41000 	C:\Windows\System32\KERNEL32.DLL
0x00007fffcb710000 - 0x00007fffcba0d000 	C:\Windows\System32\KERNELBASE.dll
0x00007fffcbc60000 - 0x00007fffcbd60000 	C:\Windows\System32\ucrtbase.dll
0x00007fffb8660000 - 0x00007fffb8677000 	G:\AS\jbr\bin\jli.dll
0x00007fffa4170000 - 0x00007fffa418b000 	G:\AS\jbr\bin\VCRUNTIME140.dll
0x00007fffcbe30000 - 0x00007fffcbfcd000 	C:\Windows\System32\USER32.dll
0x00007fffcb6e0000 - 0x00007fffcb702000 	C:\Windows\System32\win32u.dll
0x00007fffbf690000 - 0x00007fffbf92a000 	C:\Windows\WinSxS\amd64_microsoft.windows.common-controls_6595b64144ccf1df_6.0.19041.4355_none_60b8b9eb71f62e16\COMCTL32.dll
0x00007fffcd360000 - 0x00007fffcd38b000 	C:\Windows\System32\GDI32.dll
0x00007fffcc0e0000 - 0x00007fffcc17e000 	C:\Windows\System32\msvcrt.dll
0x00007fffcb3e0000 - 0x00007fffcb4f7000 	C:\Windows\System32\gdi32full.dll
0x00007fffcba10000 - 0x00007fffcbaad000 	C:\Windows\System32\msvcp_win.dll
0x00007fffcc030000 - 0x00007fffcc05f000 	C:\Windows\System32\IMM32.DLL
0x00007fffa9750000 - 0x00007fffa975c000 	G:\AS\jbr\bin\vcruntime140_1.dll
0x00007fffa0810000 - 0x00007fffa089d000 	G:\AS\jbr\bin\msvcp140.dll
0x00007fff87390000 - 0x00007fff88013000 	G:\AS\jbr\bin\server\jvm.dll
0x00007fffcdaf0000 - 0x00007fffcdba0000 	C:\Windows\System32\ADVAPI32.dll
0x00007fffcda50000 - 0x00007fffcdaf0000 	C:\Windows\System32\sechost.dll
0x00007fffcce90000 - 0x00007fffccfb3000 	C:\Windows\System32\RPCRT4.dll
0x00007fffcb550000 - 0x00007fffcb577000 	C:\Windows\System32\bcrypt.dll
0x00007fffcb230000 - 0x00007fffcb27b000 	C:\Windows\SYSTEM32\POWRPROF.dll
0x00007fffc6780000 - 0x00007fffc6789000 	C:\Windows\SYSTEM32\WSOCK32.dll
0x00007fffb9de0000 - 0x00007fffb9e07000 	C:\Windows\SYSTEM32\WINMM.dll
0x00007fffcdc80000 - 0x00007fffcdceb000 	C:\Windows\System32\WS2_32.dll
0x00007fffc4aa0000 - 0x00007fffc4aaa000 	C:\Windows\SYSTEM32\VERSION.dll
0x00007fffcb210000 - 0x00007fffcb222000 	C:\Windows\SYSTEM32\UMPDC.dll
0x00007fffc91a0000 - 0x00007fffc91b2000 	C:\Windows\SYSTEM32\kernel.appcore.dll
0x00007fffc4600000 - 0x00007fffc460a000 	G:\AS\jbr\bin\jimage.dll
0x00007fffb7520000 - 0x00007fffb7704000 	C:\Windows\SYSTEM32\DBGHELP.DLL
0x00007fffac610000 - 0x00007fffac644000 	C:\Windows\SYSTEM32\dbgcore.DLL
0x00007fffcbbd0000 - 0x00007fffcbc52000 	C:\Windows\System32\bcryptPrimitives.dll
0x00007fffbd4a0000 - 0x00007fffbd4c5000 	G:\AS\jbr\bin\java.dll

dbghelp: loaded successfully - version: 4.0.5 - missing functions: none
symbol engine: initialized successfully - sym options: 0x614 - pdb path: .;G:\AS\jbr\bin;C:\Windows\SYSTEM32;C:\Windows\WinSxS\amd64_microsoft.windows.common-controls_6595b64144ccf1df_6.0.19041.4355_none_60b8b9eb71f62e16;G:\AS\jbr\bin\server

VM Arguments:
java_command: org.jetbrains.kotlin.cli.jvm.K2JVMCompiler @G:\AndroidStudioProjects\PreperationApp\app\build\20240823_13240678078487475887.compiler.options
java_class_path (initial): G:\gradelStuff\.gradle\caches\modules-2\files-2.1\org.jetbrains.kotlin\kotlin-compiler-embeddable\1.9.0\2c8c3a7402becca891f12739b3e9fd2dc2adbd7a\kotlin-compiler-embeddable-1.9.0.jar;G:\gradelStuff\.gradle\caches\modules-2\files-2.1\org.jetbrains.kotlin\kotlin-stdlib\1.9.0\8ee15ef0c67dc83d874f412d84378d7f0eb50b63\kotlin-stdlib-1.9.0.jar;G:\gradelStuff\.gradle\caches\modules-2\files-2.1\org.jetbrains.kotlin\kotlin-script-runtime\1.9.0\4b3102cbbb7e1b58d9d1adf89563f00069ffa7d1\kotlin-script-runtime-1.9.0.jar;G:\gradelStuff\.gradle\caches\modules-2\files-2.1\org.jetbrains.kotlin\kotlin-reflect\1.6.10\1cbe9c92c12a94eea200d23c2bbaedaf3daf5132\kotlin-reflect-1.6.10.jar;G:\gradelStuff\.gradle\caches\modules-2\files-2.1\org.jetbrains.kotlin\kotlin-daemon-embeddable\1.9.0\186543f5e28cf8d9a0290fecc2cf34301c40a65c\kotlin-daemon-embeddable-1.9.0.jar;G:\gradelStuff\.gradle\caches\modules-2\files-2.1\org.jetbrains.intellij.deps\trove4j\1.0.20200330\3afb14d5f9ceb459d724e907a21145e8ff394f02\trove4j-1.0.20200330.jar;G:\gradelStuff\.gradle\caches\modules-2\files-2.1\org.jetbrains.kotlin\kotlin-stdlib-common\1.9.0\cd65c21cfd1eec4d44ef09f9f52b6d9f8a720636\kotlin-stdlib-common-1.9.0.jar;G:\gradelStuff\.gradle\caches\modules-2\files-2.1\org.jetbrains\annotations\13.0\919f0dfe192fb4e063e7dacadee7f8bb9a2672a9\annotations-13.0.jar
Launcher Type: SUN_STANDARD

[Global flags]
     intx CICompilerCount                          = 3                                         {product} {ergonomic}
     uint ConcGCThreads                            = 1                                         {product} {ergonomic}
     uint G1ConcRefinementThreads                  = 4                                         {product} {ergonomic}
   size_t G1HeapRegionSize                         = 1048576                                   {product} {ergonomic}
    uintx GCDrainStackTargetSize                   = 64                                        {product} {ergonomic}
   size_t InitialHeapSize                          = 134217728                                 {product} {ergonomic}
   size_t MarkStackSize                            = 4194304                                   {product} {ergonomic}
   size_t MaxHeapSize                              = 2136997888                                {product} {ergonomic}
   size_t MinHeapDeltaBytes                        = 1048576                                   {product} {ergonomic}
   size_t MinHeapSize                              = 8388608                                   {product} {ergonomic}
    uintx NonNMethodCodeHeapSize                   = 5832780                                {pd product} {ergonomic}
    uintx NonProfiledCodeHeapSize                  = 122912730                              {pd product} {ergonomic}
    uintx ProfiledCodeHeapSize                     = 122912730                              {pd product} {ergonomic}
    uintx ReservedCodeCacheSize                    = 251658240                              {pd product} {ergonomic}
     bool SegmentedCodeCache                       = true                                      {product} {ergonomic}
   size_t SoftMaxHeapSize                          = 2136997888                             {manageable} {ergonomic}
     bool UseCompressedClassPointers               = true                           {product lp64_product} {ergonomic}
     bool UseCompressedOops                        = true                           {product lp64_product} {ergonomic}
     bool UseG1GC                                  = true                                      {product} {ergonomic}
     bool UseLargePagesIndividualAllocation        = false                                  {pd product} {ergonomic}

Logging:
Log output configuration:
 #0: stdout all=warning uptime,level,tags
 #1: stderr all=off uptime,level,tags

Environment Variables:
JAVA_HOME=G:\java
PATH=C:\Program Files (x86)\Common Files\Oracle\Java\java8path;C:\Program Files (x86)\Common Files\Oracle\Java\javapath;"C:\Program Files (x86)\Common Files\Oracle\Java\java8path;G:\java\bin";C:\Windows\system32;C:\Windows;C:\Windows\System32\Wbem;C:\Windows\System32\WindowsPowerShell\v1.0\;C:\Windows\System32\OpenSSH\;C:\Program Files\Git\cmd;G:\java\bin;C:\Users\sohai\AppData\Local\Programs\Python\Python312\Scripts\;C:\Users\sohai\AppData\Local\Programs\Python\Python312\;C:\Users\sohai\AppData\Local\Microsoft\WindowsApps;
USERNAME=sohai
OS=Windows_NT
PROCESSOR_IDENTIFIER=Intel64 Family 6 Model 42 Stepping 7, GenuineIntel
TMP=C:\Users\sohai\AppData\Local\Temp
TEMP=C:\Users\sohai\AppData\Local\Temp



Periodic native trim disabled

JNI global refs:
JNI global refs: 0, weak refs: 0

JNI global refs memory usage: 0, weak refs: 0

Process memory usage:
Resident Set Size: 10736K (0% of 8344624K total physical memory with 309460K free physical memory)

OOME stack traces (most recent first):
Classloader memory used:


---------------  S Y S T E M  ---------------

OS:
 Windows 10 , 64 bit Build 19041 (10.0.19041.4717)
OS uptime: 2 days 2:25 hours

CPU: total 4 (initial active 4) (4 cores per cpu, 1 threads per core) family 6 model 42 stepping 7 microcode 0x2f, cx8, cmov, fxsr, mmx, sse, sse2, sse3, ssse3, sse4.1, sse4.2, popcnt, tsc, tscinvbit, avx, aes, clmul, vzeroupper, clflush
Processor Information for all 4 processors :
  Max Mhz: 3301, Current Mhz: 3301, Mhz Limit: 3301

Memory: 4k page, system-wide physical 8149M (302M free)
TotalPageFile size 12245M (AvailPageFile size 38M)
current process WorkingSet (physical memory assigned to process): 10M, peak: 10M
current process commit charge ("private bytes"): 51M, peak: 179M

vm_info: OpenJDK 64-Bit Server VM (17.0.11+0--11852314) for windows-amd64 JRE (17.0.11+0--11852314), built on May 16 2024 21:29:20 by "androidbuild" with MS VC++ 16.10 / 16.11 (VS2019)

END.
