#
# There is insufficient memory for the Java Runtime Environment to continue.
# Native memory allocation (malloc) failed to allocate 1917888 bytes. Error detail: Chunk::new
# Possible reasons:
#   The system is out of physical RAM or swap space
#   This process is running with CompressedOops enabled, and the Java Heap may be blocking the growth of the native heap
# Possible solutions:
#   Reduce memory load on the system
#   Increase physical memory or swap space
#   Check if swap backing store is full
#   Decrease Java heap size (-Xmx/-Xms)
#   Decrease number of Java threads
#   Decrease Java thread stack sizes (-Xss)
#   Set larger code cache with -XX:ReservedCodeCacheSize=
#   JVM is running with Unscaled Compressed Oops mode in which the Java heap is
#     placed in the first 4GB address space. The Java Heap base address is the
#     maximum limit for the native heap growth. Please use -XX:HeapBaseMinAddress
#     to set the Java Heap base and to place the Java Heap above 4GB virtual address.
# This output file may be truncated or incomplete.
#
#  Out of Memory Error (arena.cpp:191), pid=4532, tid=7552
#
# JRE version: OpenJDK Runtime Environment (17.0.11) (build 17.0.11+0--11852314)
# Java VM: OpenJDK 64-Bit Server VM (17.0.11+0--11852314, mixed mode, tiered, compressed oops, compressed class ptrs, g1 gc, windows-amd64)
# No core dump will be written. Minidumps are not enabled by default on client versions of Windows
#

---------------  S U M M A R Y ------------

Command Line: org.jetbrains.kotlin.cli.jvm.K2JVMCompiler @G:\AndroidStudioProjects\PreperationApp\app\build\20240820_10762140995911930400.compiler.options

Host: Intel(R) Core(TM) i5-2500 CPU @ 3.30GHz, 4 cores, 7G,  Windows 10 , 64 bit Build 19041 (10.0.19041.4717)
Time: Tue Aug 20 21:17:14 2024 Pakistan Standard Time elapsed time: 9.748482 seconds (0d 0h 0m 9s)

---------------  T H R E A D  ---------------

Current thread (0x0000024e13075030):  JavaThread "C2 CompilerThread0" daemon [_thread_in_native, id=7552, stack(0x000000dc5db00000,0x000000dc5dc00000)]


Current CompileTask:
C2:   9748 10809       4       org.jetbrains.kotlin.resolve.calls.tower.TowerResolver$Task::process (42 bytes)

Stack: [0x000000dc5db00000,0x000000dc5dc00000]
Native frames: (J=compiled Java code, j=interpreted, Vv=VM code, C=native code)
V  [jvm.dll+0x687bb9]
V  [jvm.dll+0x84142a]
V  [jvm.dll+0x8430ae]
V  [jvm.dll+0x843713]
V  [jvm.dll+0x24a35f]
V  [jvm.dll+0xac544]
V  [jvm.dll+0xacb8c]
V  [jvm.dll+0x369c37]
V  [jvm.dll+0x33416a]
V  [jvm.dll+0x33360a]
V  [jvm.dll+0x21bed1]
V  [jvm.dll+0x21b311]
V  [jvm.dll+0x1a63ed]
V  [jvm.dll+0x22b1ee]
V  [jvm.dll+0x229375]
V  [jvm.dll+0x7f5647]
V  [jvm.dll+0x7efa4a]
V  [jvm.dll+0x686a35]
C  [ucrtbase.dll+0x21bb2]
C  [KERNEL32.DLL+0x17374]
C  [ntdll.dll+0x4cc91]


---------------  P R O C E S S  ---------------

Threads class SMR info:
_java_thread_list=0x0000024e134fc7d0, length=13, elements={
0x0000024e73600230, 0x0000024e7fb37250, 0x0000024e7fafe950, 0x0000024e7fb23f60,
0x0000024e7fb24a20, 0x0000024e7fb253e0, 0x0000024e1304d3f0, 0x0000024e13075030,
0x0000024e13077950, 0x0000024e1304f120, 0x0000024e13187880, 0x0000024e131ef4a0,
0x0000024e1341ac40
}

Java Threads: ( => current thread )
  0x0000024e73600230 JavaThread "main" [_thread_in_Java, id=2016, stack(0x000000dc5ce00000,0x000000dc5cf00000)]
  0x0000024e7fb37250 JavaThread "Reference Handler" daemon [_thread_blocked, id=7196, stack(0x000000dc5d500000,0x000000dc5d600000)]
  0x0000024e7fafe950 JavaThread "Finalizer" daemon [_thread_blocked, id=10532, stack(0x000000dc5d600000,0x000000dc5d700000)]
  0x0000024e7fb23f60 JavaThread "Signal Dispatcher" daemon [_thread_blocked, id=3620, stack(0x000000dc5d700000,0x000000dc5d800000)]
  0x0000024e7fb24a20 JavaThread "Attach Listener" daemon [_thread_blocked, id=5216, stack(0x000000dc5d800000,0x000000dc5d900000)]
  0x0000024e7fb253e0 JavaThread "Service Thread" daemon [_thread_blocked, id=8604, stack(0x000000dc5d900000,0x000000dc5da00000)]
  0x0000024e1304d3f0 JavaThread "Monitor Deflation Thread" daemon [_thread_blocked, id=8768, stack(0x000000dc5da00000,0x000000dc5db00000)]
=>0x0000024e13075030 JavaThread "C2 CompilerThread0" daemon [_thread_in_native, id=7552, stack(0x000000dc5db00000,0x000000dc5dc00000)]
  0x0000024e13077950 JavaThread "C1 CompilerThread0" daemon [_thread_blocked, id=8132, stack(0x000000dc5dc00000,0x000000dc5dd00000)]
  0x0000024e1304f120 JavaThread "Sweeper thread" daemon [_thread_blocked, id=1124, stack(0x000000dc5dd00000,0x000000dc5de00000)]
  0x0000024e13187880 JavaThread "Notification Thread" daemon [_thread_blocked, id=200, stack(0x000000dc5de00000,0x000000dc5df00000)]
  0x0000024e131ef4a0 JavaThread "Common-Cleaner" daemon [_thread_blocked, id=8016, stack(0x000000dc5e000000,0x000000dc5e100000)]
  0x0000024e1341ac40 JavaThread "C2 CompilerThread1" daemon [_thread_in_native, id=3172, stack(0x000000dc5e100000,0x000000dc5e200000)]

Other Threads:
  0x0000024e7fab6280 VMThread "VM Thread" [stack: 0x000000dc5d400000,0x000000dc5d500000] [id=5820]
  0x0000024e7fa9c5d0 WatcherThread [stack: 0x000000dc5df00000,0x000000dc5e000000] [id=572]
  0x0000024e73659b30 GCTaskThread "GC Thread#0" [stack: 0x000000dc5cf00000,0x000000dc5d000000] [id=6432]
  0x0000024e136775e0 GCTaskThread "GC Thread#1" [stack: 0x000000dc5e200000,0x000000dc5e300000] [id=5872]
  0x0000024e1360c3d0 GCTaskThread "GC Thread#2" [stack: 0x000000dc5e300000,0x000000dc5e400000] [id=3644]
  0x0000024e13661050 GCTaskThread "GC Thread#3" [stack: 0x000000dc5e400000,0x000000dc5e500000] [id=5516]
  0x0000024e7366a940 ConcurrentGCThread "G1 Main Marker" [stack: 0x000000dc5d000000,0x000000dc5d100000] [id=8616]
  0x0000024e7366b360 ConcurrentGCThread "G1 Conc#0" [stack: 0x000000dc5d100000,0x000000dc5d200000] [id=6072]
  0x0000024e736b4470 ConcurrentGCThread "G1 Refine#0" [stack: 0x000000dc5d200000,0x000000dc5d300000] [id=780]
  0x0000024e7f9720c0 ConcurrentGCThread "G1 Service" [stack: 0x000000dc5d300000,0x000000dc5d400000] [id=10772]

Threads with active compile tasks:
C2 CompilerThread0     9787 10809       4       org.jetbrains.kotlin.resolve.calls.tower.TowerResolver$Task::process (42 bytes)
C2 CompilerThread1     9787 10810       4       org.jetbrains.kotlin.resolve.calls.tower.TowerResolver::access$processTowerData (10 bytes)

VM state: not at safepoint (normal execution)

VM Mutex/Monitor currently owned by a thread: None

Heap address: 0x0000000080a00000, size: 2038 MB, Compressed Oops mode: 32-bit

CDS archive(s) not mapped
Compressed class space mapped at: 0x0000000100000000-0x0000000140000000, reserved size: 1073741824
Narrow klass base: 0x0000000000000000, Narrow klass shift: 3, Narrow klass range: 0x140000000

GC Precious Log:
 CPUs: 4 total, 4 available
 Memory: 8149M
 Large Page Support: Disabled
 NUMA Support: Disabled
 Compressed Oops: Enabled (32-bit)
 Heap Region Size: 1M
 Heap Min Capacity: 8M
 Heap Initial Capacity: 128M
 Heap Max Capacity: 2038M
 Pre-touch: Disabled
 Parallel Workers: 4
 Concurrent Workers: 1
 Concurrent Refinement Workers: 4
 Periodic GC: Disabled

Heap:
 garbage-first heap   total 206848K, used 127146K [0x0000000080a00000, 0x0000000100000000)
  region size 1024K, 69 young (70656K), 1 survivors (1024K)
 Metaspace       used 64659K, committed 64896K, reserved 1114112K
  class space    used 7309K, committed 7424K, reserved 1048576K

Heap Regions: E=young(eden), S=young(survivor), O=old, HS=humongous(starts), HC=humongous(continues), CS=collection set, F=free, OA=open archive, CA=closed archive, TAMS=top-at-mark-start (previous, next)
|   0|0x0000000080a00000, 0x0000000080b00000, 0x0000000080b00000|100%|HS|  |TAMS 0x0000000080b00000, 0x0000000080a00000| Complete 
|   1|0x0000000080b00000, 0x0000000080c00000, 0x0000000080c00000|100%|HC|  |TAMS 0x0000000080c00000, 0x0000000080b00000| Complete 
|   2|0x0000000080c00000, 0x0000000080d00000, 0x0000000080d00000|100%|HC|  |TAMS 0x0000000080d00000, 0x0000000080c00000| Complete 
|   3|0x0000000080d00000, 0x0000000080e00000, 0x0000000080e00000|100%|HC|  |TAMS 0x0000000080e00000, 0x0000000080d00000| Complete 
|   4|0x0000000080e00000, 0x0000000080f00000, 0x0000000080f00000|100%| O|  |TAMS 0x0000000080f00000, 0x0000000080e00000| Untracked 
|   5|0x0000000080f00000, 0x0000000080fef600, 0x0000000081000000| 93%| O|  |TAMS 0x0000000080fef600, 0x0000000080f00000| Untracked 
|   6|0x0000000081000000, 0x0000000081100000, 0x0000000081100000|100%| O|  |TAMS 0x0000000081100000, 0x0000000081000000| Untracked 
|   7|0x0000000081100000, 0x0000000081200000, 0x0000000081200000|100%| O|  |TAMS 0x0000000081200000, 0x0000000081100000| Untracked 
|   8|0x0000000081200000, 0x0000000081300000, 0x0000000081300000|100%| O|  |TAMS 0x0000000081300000, 0x0000000081200000| Untracked 
|   9|0x0000000081300000, 0x0000000081400000, 0x0000000081400000|100%| O|  |TAMS 0x0000000081400000, 0x0000000081300000| Untracked 
|  10|0x0000000081400000, 0x0000000081500000, 0x0000000081500000|100%| O|  |TAMS 0x0000000081500000, 0x0000000081400000| Untracked 
|  11|0x0000000081500000, 0x0000000081600000, 0x0000000081600000|100%| O|  |TAMS 0x0000000081600000, 0x0000000081500000| Untracked 
|  12|0x0000000081600000, 0x0000000081700000, 0x0000000081700000|100%| O|  |TAMS 0x0000000081700000, 0x0000000081600000| Untracked 
|  13|0x0000000081700000, 0x0000000081800000, 0x0000000081800000|100%| O|  |TAMS 0x0000000081800000, 0x0000000081700000| Untracked 
|  14|0x0000000081800000, 0x0000000081900000, 0x0000000081900000|100%| O|  |TAMS 0x0000000081900000, 0x0000000081800000| Untracked 
|  15|0x0000000081900000, 0x0000000081a00000, 0x0000000081a00000|100%| O|  |TAMS 0x0000000081a00000, 0x0000000081900000| Untracked 
|  16|0x0000000081a00000, 0x0000000081b00000, 0x0000000081b00000|100%| O|  |TAMS 0x0000000081b00000, 0x0000000081a00000| Untracked 
|  17|0x0000000081b00000, 0x0000000081c00000, 0x0000000081c00000|100%| O|  |TAMS 0x0000000081c00000, 0x0000000081b00000| Untracked 
|  18|0x0000000081c00000, 0x0000000081d00000, 0x0000000081d00000|100%| O|  |TAMS 0x0000000081d00000, 0x0000000081c00000| Untracked 
|  19|0x0000000081d00000, 0x0000000081e00000, 0x0000000081e00000|100%| O|  |TAMS 0x0000000081e00000, 0x0000000081d00000| Untracked 
|  20|0x0000000081e00000, 0x0000000081f00000, 0x0000000081f00000|100%| O|  |TAMS 0x0000000081f00000, 0x0000000081e00000| Untracked 
|  21|0x0000000081f00000, 0x0000000082000000, 0x0000000082000000|100%| O|  |TAMS 0x0000000082000000, 0x0000000081f00000| Untracked 
|  22|0x0000000082000000, 0x0000000082100000, 0x0000000082100000|100%| O|  |TAMS 0x0000000082100000, 0x0000000082000000| Untracked 
|  23|0x0000000082100000, 0x0000000082200000, 0x0000000082200000|100%| O|  |TAMS 0x0000000082200000, 0x0000000082100000| Untracked 
|  24|0x0000000082200000, 0x0000000082300000, 0x0000000082300000|100%| O|  |TAMS 0x0000000082300000, 0x0000000082200000| Untracked 
|  25|0x0000000082300000, 0x0000000082400000, 0x0000000082400000|100%|HS|  |TAMS 0x0000000082400000, 0x0000000082300000| Complete 
|  26|0x0000000082400000, 0x0000000082500000, 0x0000000082500000|100%|HC|  |TAMS 0x0000000082500000, 0x0000000082400000| Complete 
|  27|0x0000000082500000, 0x0000000082600000, 0x0000000082600000|100%| O|  |TAMS 0x0000000082600000, 0x0000000082500000| Untracked 
|  28|0x0000000082600000, 0x0000000082700000, 0x0000000082700000|100%| O|  |TAMS 0x0000000082700000, 0x0000000082600000| Untracked 
|  29|0x0000000082700000, 0x0000000082800000, 0x0000000082800000|100%| O|  |TAMS 0x0000000082800000, 0x0000000082700000| Untracked 
|  30|0x0000000082800000, 0x0000000082900000, 0x0000000082900000|100%| O|  |TAMS 0x0000000082900000, 0x0000000082800000| Untracked 
|  31|0x0000000082900000, 0x0000000082a00000, 0x0000000082a00000|100%| O|  |TAMS 0x0000000082a00000, 0x0000000082900000| Untracked 
|  32|0x0000000082a00000, 0x0000000082b00000, 0x0000000082b00000|100%| O|  |TAMS 0x0000000082b00000, 0x0000000082a00000| Untracked 
|  33|0x0000000082b00000, 0x0000000082c00000, 0x0000000082c00000|100%| O|  |TAMS 0x0000000082c00000, 0x0000000082b00000| Untracked 
|  34|0x0000000082c00000, 0x0000000082d00000, 0x0000000082d00000|100%| O|  |TAMS 0x0000000082d00000, 0x0000000082c00000| Untracked 
|  35|0x0000000082d00000, 0x0000000082e00000, 0x0000000082e00000|100%| O|  |TAMS 0x0000000082e00000, 0x0000000082d00000| Untracked 
|  36|0x0000000082e00000, 0x0000000082f00000, 0x0000000082f00000|100%| O|  |TAMS 0x0000000082f00000, 0x0000000082e00000| Untracked 
|  37|0x0000000082f00000, 0x0000000083000000, 0x0000000083000000|100%| O|  |TAMS 0x0000000083000000, 0x0000000082f00000| Untracked 
|  38|0x0000000083000000, 0x0000000083100000, 0x0000000083100000|100%| O|  |TAMS 0x0000000083100000, 0x0000000083000000| Untracked 
|  39|0x0000000083100000, 0x0000000083200000, 0x0000000083200000|100%| O|  |TAMS 0x0000000083200000, 0x0000000083100000| Untracked 
|  40|0x0000000083200000, 0x0000000083300000, 0x0000000083300000|100%| O|  |TAMS 0x0000000083300000, 0x0000000083200000| Untracked 
|  41|0x0000000083300000, 0x0000000083400000, 0x0000000083400000|100%| O|  |TAMS 0x0000000083400000, 0x0000000083300000| Untracked 
|  42|0x0000000083400000, 0x0000000083400000, 0x0000000083500000|  0%| F|  |TAMS 0x0000000083400000, 0x0000000083400000| Untracked 
|  43|0x0000000083500000, 0x0000000083600000, 0x0000000083600000|100%| O|  |TAMS 0x0000000083600000, 0x0000000083500000| Untracked 
|  44|0x0000000083600000, 0x0000000083700000, 0x0000000083700000|100%| O|  |TAMS 0x00000000836f8e00, 0x0000000083600000| Untracked 
|  45|0x0000000083700000, 0x0000000083800000, 0x0000000083800000|100%| O|  |TAMS 0x0000000083700000, 0x0000000083700000| Untracked 
|  46|0x0000000083800000, 0x0000000083900000, 0x0000000083900000|100%| O|  |TAMS 0x0000000083800000, 0x0000000083800000| Untracked 
|  47|0x0000000083900000, 0x0000000083a00000, 0x0000000083a00000|100%| O|  |TAMS 0x0000000083900000, 0x0000000083900000| Untracked 
|  48|0x0000000083a00000, 0x0000000083b00000, 0x0000000083b00000|100%| O|  |TAMS 0x0000000083a00000, 0x0000000083a00000| Untracked 
|  49|0x0000000083b00000, 0x0000000083c00000, 0x0000000083c00000|100%| O|  |TAMS 0x0000000083b00000, 0x0000000083b00000| Untracked 
|  50|0x0000000083c00000, 0x0000000083d00000, 0x0000000083d00000|100%| O|  |TAMS 0x0000000083c00000, 0x0000000083c00000| Untracked 
|  51|0x0000000083d00000, 0x0000000083e00000, 0x0000000083e00000|100%| O|  |TAMS 0x0000000083d00000, 0x0000000083d00000| Untracked 
|  52|0x0000000083e00000, 0x0000000083f00000, 0x0000000083f00000|100%| O|  |TAMS 0x0000000083e00000, 0x0000000083e00000| Untracked 
|  53|0x0000000083f00000, 0x0000000083fa4200, 0x0000000084000000| 64%| O|  |TAMS 0x0000000083f00000, 0x0000000083f00000| Untracked 
|  54|0x0000000084000000, 0x0000000084100000, 0x0000000084100000|100%|HS|  |TAMS 0x0000000084000000, 0x0000000084000000| Complete 
|  55|0x0000000084100000, 0x0000000084200000, 0x0000000084200000|100%|HC|  |TAMS 0x0000000084100000, 0x0000000084100000| Complete 
|  56|0x0000000084200000, 0x0000000084200000, 0x0000000084300000|  0%| F|  |TAMS 0x0000000084200000, 0x0000000084200000| Untracked 
|  57|0x0000000084300000, 0x0000000084300000, 0x0000000084400000|  0%| F|  |TAMS 0x0000000084300000, 0x0000000084300000| Untracked 
|  58|0x0000000084400000, 0x0000000084400000, 0x0000000084500000|  0%| F|  |TAMS 0x0000000084400000, 0x0000000084400000| Untracked 
|  59|0x0000000084500000, 0x0000000084500000, 0x0000000084600000|  0%| F|  |TAMS 0x0000000084500000, 0x0000000084500000| Untracked 
|  60|0x0000000084600000, 0x0000000084600000, 0x0000000084700000|  0%| F|  |TAMS 0x0000000084600000, 0x0000000084600000| Untracked 
|  61|0x0000000084700000, 0x0000000084700000, 0x0000000084800000|  0%| F|  |TAMS 0x0000000084700000, 0x0000000084700000| Untracked 
|  62|0x0000000084800000, 0x0000000084800000, 0x0000000084900000|  0%| F|  |TAMS 0x0000000084800000, 0x0000000084800000| Untracked 
|  63|0x0000000084900000, 0x0000000084900000, 0x0000000084a00000|  0%| F|  |TAMS 0x0000000084900000, 0x0000000084900000| Untracked 
|  64|0x0000000084a00000, 0x0000000084a00000, 0x0000000084b00000|  0%| F|  |TAMS 0x0000000084a00000, 0x0000000084a00000| Untracked 
|  65|0x0000000084b00000, 0x0000000084b00000, 0x0000000084c00000|  0%| F|  |TAMS 0x0000000084b00000, 0x0000000084b00000| Untracked 
|  66|0x0000000084c00000, 0x0000000084c00000, 0x0000000084d00000|  0%| F|  |TAMS 0x0000000084c00000, 0x0000000084c00000| Untracked 
|  67|0x0000000084d00000, 0x0000000084d00000, 0x0000000084e00000|  0%| F|  |TAMS 0x0000000084d00000, 0x0000000084d00000| Untracked 
|  68|0x0000000084e00000, 0x0000000084e00000, 0x0000000084f00000|  0%| F|  |TAMS 0x0000000084e00000, 0x0000000084e00000| Untracked 
|  69|0x0000000084f00000, 0x0000000084f00000, 0x0000000085000000|  0%| F|  |TAMS 0x0000000084f00000, 0x0000000084f00000| Untracked 
|  70|0x0000000085000000, 0x0000000085000000, 0x0000000085100000|  0%| F|  |TAMS 0x0000000085000000, 0x0000000085000000| Untracked 
|  71|0x0000000085100000, 0x0000000085100000, 0x0000000085200000|  0%| F|  |TAMS 0x0000000085100000, 0x0000000085100000| Untracked 
|  72|0x0000000085200000, 0x0000000085200000, 0x0000000085300000|  0%| F|  |TAMS 0x0000000085200000, 0x0000000085200000| Untracked 
|  73|0x0000000085300000, 0x0000000085300000, 0x0000000085400000|  0%| F|  |TAMS 0x0000000085300000, 0x0000000085300000| Untracked 
|  74|0x0000000085400000, 0x0000000085400000, 0x0000000085500000|  0%| F|  |TAMS 0x0000000085400000, 0x0000000085400000| Untracked 
|  75|0x0000000085500000, 0x0000000085500000, 0x0000000085600000|  0%| F|  |TAMS 0x0000000085500000, 0x0000000085500000| Untracked 
|  76|0x0000000085600000, 0x0000000085600000, 0x0000000085700000|  0%| F|  |TAMS 0x0000000085600000, 0x0000000085600000| Untracked 
|  77|0x0000000085700000, 0x0000000085700000, 0x0000000085800000|  0%| F|  |TAMS 0x0000000085700000, 0x0000000085700000| Untracked 
|  78|0x0000000085800000, 0x0000000085800000, 0x0000000085900000|  0%| F|  |TAMS 0x0000000085800000, 0x0000000085800000| Untracked 
|  79|0x0000000085900000, 0x0000000085900000, 0x0000000085a00000|  0%| F|  |TAMS 0x0000000085900000, 0x0000000085900000| Untracked 
|  80|0x0000000085a00000, 0x0000000085a00000, 0x0000000085b00000|  0%| F|  |TAMS 0x0000000085a00000, 0x0000000085a00000| Untracked 
|  81|0x0000000085b00000, 0x0000000085b00000, 0x0000000085c00000|  0%| F|  |TAMS 0x0000000085b00000, 0x0000000085b00000| Untracked 
|  82|0x0000000085c00000, 0x0000000085c00000, 0x0000000085d00000|  0%| F|  |TAMS 0x0000000085c00000, 0x0000000085c00000| Untracked 
|  83|0x0000000085d00000, 0x0000000085d00000, 0x0000000085e00000|  0%| F|  |TAMS 0x0000000085d00000, 0x0000000085d00000| Untracked 
|  84|0x0000000085e00000, 0x0000000085e00000, 0x0000000085f00000|  0%| F|  |TAMS 0x0000000085e00000, 0x0000000085e00000| Untracked 
|  85|0x0000000085f00000, 0x0000000085f00000, 0x0000000086000000|  0%| F|  |TAMS 0x0000000085f00000, 0x0000000085f00000| Untracked 
|  86|0x0000000086000000, 0x0000000086000000, 0x0000000086100000|  0%| F|  |TAMS 0x0000000086000000, 0x0000000086000000| Untracked 
|  87|0x0000000086100000, 0x0000000086100000, 0x0000000086200000|  0%| F|  |TAMS 0x0000000086100000, 0x0000000086100000| Untracked 
|  88|0x0000000086200000, 0x0000000086200000, 0x0000000086300000|  0%| F|  |TAMS 0x0000000086200000, 0x0000000086200000| Untracked 
|  89|0x0000000086300000, 0x0000000086300000, 0x0000000086400000|  0%| F|  |TAMS 0x0000000086300000, 0x0000000086300000| Untracked 
|  90|0x0000000086400000, 0x0000000086400000, 0x0000000086500000|  0%| F|  |TAMS 0x0000000086400000, 0x0000000086400000| Untracked 
|  91|0x0000000086500000, 0x0000000086500000, 0x0000000086600000|  0%| F|  |TAMS 0x0000000086500000, 0x0000000086500000| Untracked 
|  92|0x0000000086600000, 0x0000000086600000, 0x0000000086700000|  0%| F|  |TAMS 0x0000000086600000, 0x0000000086600000| Untracked 
|  93|0x0000000086700000, 0x0000000086700000, 0x0000000086800000|  0%| F|  |TAMS 0x0000000086700000, 0x0000000086700000| Untracked 
|  94|0x0000000086800000, 0x0000000086800000, 0x0000000086900000|  0%| F|  |TAMS 0x0000000086800000, 0x0000000086800000| Untracked 
|  95|0x0000000086900000, 0x0000000086900000, 0x0000000086a00000|  0%| F|  |TAMS 0x0000000086900000, 0x0000000086900000| Untracked 
|  96|0x0000000086a00000, 0x0000000086a00000, 0x0000000086b00000|  0%| F|  |TAMS 0x0000000086a00000, 0x0000000086a00000| Untracked 
|  97|0x0000000086b00000, 0x0000000086b00000, 0x0000000086c00000|  0%| F|  |TAMS 0x0000000086b00000, 0x0000000086b00000| Untracked 
|  98|0x0000000086c00000, 0x0000000086c00000, 0x0000000086d00000|  0%| F|  |TAMS 0x0000000086c00000, 0x0000000086c00000| Untracked 
|  99|0x0000000086d00000, 0x0000000086d00000, 0x0000000086e00000|  0%| F|  |TAMS 0x0000000086d00000, 0x0000000086d00000| Untracked 
| 100|0x0000000086e00000, 0x0000000086e97030, 0x0000000086f00000| 58%| S|CS|TAMS 0x0000000086e00000, 0x0000000086e00000| Complete 
| 101|0x0000000086f00000, 0x0000000086f00000, 0x0000000087000000|  0%| F|  |TAMS 0x0000000086f00000, 0x0000000086f00000| Untracked 
| 102|0x0000000087000000, 0x0000000087000000, 0x0000000087100000|  0%| F|  |TAMS 0x0000000087000000, 0x0000000087000000| Untracked 
| 103|0x0000000087100000, 0x0000000087100000, 0x0000000087200000|  0%| F|  |TAMS 0x0000000087100000, 0x0000000087100000| Untracked 
| 104|0x0000000087200000, 0x0000000087200000, 0x0000000087300000|  0%| F|  |TAMS 0x0000000087200000, 0x0000000087200000| Untracked 
| 105|0x0000000087300000, 0x0000000087300000, 0x0000000087400000|  0%| F|  |TAMS 0x0000000087300000, 0x0000000087300000| Untracked 
| 106|0x0000000087400000, 0x0000000087400000, 0x0000000087500000|  0%| F|  |TAMS 0x0000000087400000, 0x0000000087400000| Untracked 
| 107|0x0000000087500000, 0x0000000087500000, 0x0000000087600000|  0%| F|  |TAMS 0x0000000087500000, 0x0000000087500000| Untracked 
| 108|0x0000000087600000, 0x0000000087600000, 0x0000000087700000|  0%| F|  |TAMS 0x0000000087600000, 0x0000000087600000| Untracked 
| 109|0x0000000087700000, 0x0000000087700000, 0x0000000087800000|  0%| F|  |TAMS 0x0000000087700000, 0x0000000087700000| Untracked 
| 110|0x0000000087800000, 0x0000000087800000, 0x0000000087900000|  0%| F|  |TAMS 0x0000000087800000, 0x0000000087800000| Untracked 
| 111|0x0000000087900000, 0x0000000087900000, 0x0000000087a00000|  0%| F|  |TAMS 0x0000000087900000, 0x0000000087900000| Untracked 
| 112|0x0000000087a00000, 0x0000000087a00000, 0x0000000087b00000|  0%| F|  |TAMS 0x0000000087a00000, 0x0000000087a00000| Untracked 
| 113|0x0000000087b00000, 0x0000000087b00000, 0x0000000087c00000|  0%| F|  |TAMS 0x0000000087b00000, 0x0000000087b00000| Untracked 
| 114|0x0000000087c00000, 0x0000000087c00000, 0x0000000087d00000|  0%| F|  |TAMS 0x0000000087c00000, 0x0000000087c00000| Untracked 
| 115|0x0000000087d00000, 0x0000000087d00000, 0x0000000087e00000|  0%| F|  |TAMS 0x0000000087d00000, 0x0000000087d00000| Untracked 
| 116|0x0000000087e00000, 0x0000000087e00000, 0x0000000087f00000|  0%| F|  |TAMS 0x0000000087e00000, 0x0000000087e00000| Untracked 
| 117|0x0000000087f00000, 0x0000000087f00000, 0x0000000088000000|  0%| F|  |TAMS 0x0000000087f00000, 0x0000000087f00000| Untracked 
| 118|0x0000000088000000, 0x0000000088000000, 0x0000000088100000|  0%| F|  |TAMS 0x0000000088000000, 0x0000000088000000| Untracked 
| 119|0x0000000088100000, 0x0000000088100000, 0x0000000088200000|  0%| F|  |TAMS 0x0000000088100000, 0x0000000088100000| Untracked 
| 120|0x0000000088200000, 0x0000000088200000, 0x0000000088300000|  0%| F|  |TAMS 0x0000000088200000, 0x0000000088200000| Untracked 
| 121|0x0000000088300000, 0x0000000088300000, 0x0000000088400000|  0%| F|  |TAMS 0x0000000088300000, 0x0000000088300000| Untracked 
| 122|0x0000000088400000, 0x0000000088400000, 0x0000000088500000|  0%| F|  |TAMS 0x0000000088400000, 0x0000000088400000| Untracked 
| 123|0x0000000088500000, 0x0000000088500000, 0x0000000088600000|  0%| F|  |TAMS 0x0000000088500000, 0x0000000088500000| Untracked 
| 124|0x0000000088600000, 0x0000000088600000, 0x0000000088700000|  0%| F|  |TAMS 0x0000000088600000, 0x0000000088600000| Untracked 
| 125|0x0000000088700000, 0x0000000088700000, 0x0000000088800000|  0%| F|  |TAMS 0x0000000088700000, 0x0000000088700000| Untracked 
| 126|0x0000000088800000, 0x0000000088800000, 0x0000000088900000|  0%| F|  |TAMS 0x0000000088800000, 0x0000000088800000| Untracked 
| 127|0x0000000088900000, 0x0000000088900000, 0x0000000088a00000|  0%| F|  |TAMS 0x0000000088900000, 0x0000000088900000| Untracked 
| 128|0x0000000088a00000, 0x0000000088a00000, 0x0000000088b00000|  0%| F|  |TAMS 0x0000000088a00000, 0x0000000088a00000| Untracked 
| 129|0x0000000088b00000, 0x0000000088b00000, 0x0000000088c00000|  0%| F|  |TAMS 0x0000000088b00000, 0x0000000088b00000| Untracked 
| 130|0x0000000088c00000, 0x0000000088c00000, 0x0000000088d00000|  0%| F|  |TAMS 0x0000000088c00000, 0x0000000088c00000| Untracked 
| 131|0x0000000088d00000, 0x0000000088d00000, 0x0000000088e00000|  0%| F|  |TAMS 0x0000000088d00000, 0x0000000088d00000| Untracked 
| 132|0x0000000088e00000, 0x0000000088f00000, 0x0000000088f00000|100%| E|  |TAMS 0x0000000088e00000, 0x0000000088e00000| Complete 
| 133|0x0000000088f00000, 0x0000000089000000, 0x0000000089000000|100%| E|CS|TAMS 0x0000000088f00000, 0x0000000088f00000| Complete 
| 134|0x0000000089000000, 0x0000000089100000, 0x0000000089100000|100%| E|CS|TAMS 0x0000000089000000, 0x0000000089000000| Complete 
| 135|0x0000000089100000, 0x0000000089200000, 0x0000000089200000|100%| E|CS|TAMS 0x0000000089100000, 0x0000000089100000| Complete 
| 136|0x0000000089200000, 0x0000000089300000, 0x0000000089300000|100%| E|CS|TAMS 0x0000000089200000, 0x0000000089200000| Complete 
| 137|0x0000000089300000, 0x0000000089400000, 0x0000000089400000|100%| E|CS|TAMS 0x0000000089300000, 0x0000000089300000| Complete 
| 138|0x0000000089400000, 0x0000000089500000, 0x0000000089500000|100%| E|CS|TAMS 0x0000000089400000, 0x0000000089400000| Complete 
| 139|0x0000000089500000, 0x0000000089600000, 0x0000000089600000|100%| E|CS|TAMS 0x0000000089500000, 0x0000000089500000| Complete 
| 140|0x0000000089600000, 0x0000000089700000, 0x0000000089700000|100%| E|CS|TAMS 0x0000000089600000, 0x0000000089600000| Complete 
| 141|0x0000000089700000, 0x0000000089800000, 0x0000000089800000|100%| E|CS|TAMS 0x0000000089700000, 0x0000000089700000| Complete 
| 142|0x0000000089800000, 0x0000000089900000, 0x0000000089900000|100%| E|CS|TAMS 0x0000000089800000, 0x0000000089800000| Complete 
| 143|0x0000000089900000, 0x0000000089a00000, 0x0000000089a00000|100%| E|CS|TAMS 0x0000000089900000, 0x0000000089900000| Complete 
| 144|0x0000000089a00000, 0x0000000089b00000, 0x0000000089b00000|100%| E|CS|TAMS 0x0000000089a00000, 0x0000000089a00000| Complete 
| 145|0x0000000089b00000, 0x0000000089c00000, 0x0000000089c00000|100%| E|CS|TAMS 0x0000000089b00000, 0x0000000089b00000| Complete 
| 146|0x0000000089c00000, 0x0000000089d00000, 0x0000000089d00000|100%| E|CS|TAMS 0x0000000089c00000, 0x0000000089c00000| Complete 
| 147|0x0000000089d00000, 0x0000000089e00000, 0x0000000089e00000|100%| E|CS|TAMS 0x0000000089d00000, 0x0000000089d00000| Complete 
| 148|0x0000000089e00000, 0x0000000089f00000, 0x0000000089f00000|100%| E|CS|TAMS 0x0000000089e00000, 0x0000000089e00000| Complete 
| 149|0x0000000089f00000, 0x000000008a000000, 0x000000008a000000|100%| E|CS|TAMS 0x0000000089f00000, 0x0000000089f00000| Complete 
| 150|0x000000008a000000, 0x000000008a100000, 0x000000008a100000|100%| E|CS|TAMS 0x000000008a000000, 0x000000008a000000| Complete 
| 151|0x000000008a100000, 0x000000008a200000, 0x000000008a200000|100%| E|CS|TAMS 0x000000008a100000, 0x000000008a100000| Complete 
| 152|0x000000008a200000, 0x000000008a300000, 0x000000008a300000|100%| E|CS|TAMS 0x000000008a200000, 0x000000008a200000| Complete 
| 153|0x000000008a300000, 0x000000008a400000, 0x000000008a400000|100%| E|CS|TAMS 0x000000008a300000, 0x000000008a300000| Complete 
| 154|0x000000008a400000, 0x000000008a500000, 0x000000008a500000|100%| E|CS|TAMS 0x000000008a400000, 0x000000008a400000| Complete 
| 155|0x000000008a500000, 0x000000008a600000, 0x000000008a600000|100%| E|CS|TAMS 0x000000008a500000, 0x000000008a500000| Complete 
| 156|0x000000008a600000, 0x000000008a700000, 0x000000008a700000|100%| E|CS|TAMS 0x000000008a600000, 0x000000008a600000| Complete 
| 157|0x000000008a700000, 0x000000008a800000, 0x000000008a800000|100%| E|CS|TAMS 0x000000008a700000, 0x000000008a700000| Complete 
| 158|0x000000008a800000, 0x000000008a900000, 0x000000008a900000|100%| E|CS|TAMS 0x000000008a800000, 0x000000008a800000| Complete 
| 159|0x000000008a900000, 0x000000008aa00000, 0x000000008aa00000|100%| E|CS|TAMS 0x000000008a900000, 0x000000008a900000| Complete 
| 160|0x000000008aa00000, 0x000000008ab00000, 0x000000008ab00000|100%| E|CS|TAMS 0x000000008aa00000, 0x000000008aa00000| Complete 
| 161|0x000000008ab00000, 0x000000008ac00000, 0x000000008ac00000|100%| E|CS|TAMS 0x000000008ab00000, 0x000000008ab00000| Complete 
| 162|0x000000008ac00000, 0x000000008ad00000, 0x000000008ad00000|100%| E|CS|TAMS 0x000000008ac00000, 0x000000008ac00000| Complete 
| 163|0x000000008ad00000, 0x000000008ae00000, 0x000000008ae00000|100%| E|CS|TAMS 0x000000008ad00000, 0x000000008ad00000| Complete 
| 164|0x000000008ae00000, 0x000000008af00000, 0x000000008af00000|100%| E|CS|TAMS 0x000000008ae00000, 0x000000008ae00000| Complete 
| 165|0x000000008af00000, 0x000000008b000000, 0x000000008b000000|100%| E|CS|TAMS 0x000000008af00000, 0x000000008af00000| Complete 
| 166|0x000000008b000000, 0x000000008b100000, 0x000000008b100000|100%| E|CS|TAMS 0x000000008b000000, 0x000000008b000000| Complete 
| 167|0x000000008b100000, 0x000000008b200000, 0x000000008b200000|100%| E|CS|TAMS 0x000000008b100000, 0x000000008b100000| Complete 
| 168|0x000000008b200000, 0x000000008b300000, 0x000000008b300000|100%| E|CS|TAMS 0x000000008b200000, 0x000000008b200000| Complete 
| 169|0x000000008b300000, 0x000000008b400000, 0x000000008b400000|100%| E|CS|TAMS 0x000000008b300000, 0x000000008b300000| Complete 
| 170|0x000000008b400000, 0x000000008b500000, 0x000000008b500000|100%| E|CS|TAMS 0x000000008b400000, 0x000000008b400000| Complete 
| 171|0x000000008b500000, 0x000000008b600000, 0x000000008b600000|100%| E|CS|TAMS 0x000000008b500000, 0x000000008b500000| Complete 
| 172|0x000000008b600000, 0x000000008b700000, 0x000000008b700000|100%| E|CS|TAMS 0x000000008b600000, 0x000000008b600000| Complete 
| 173|0x000000008b700000, 0x000000008b800000, 0x000000008b800000|100%| E|CS|TAMS 0x000000008b700000, 0x000000008b700000| Complete 
| 174|0x000000008b800000, 0x000000008b900000, 0x000000008b900000|100%| E|CS|TAMS 0x000000008b800000, 0x000000008b800000| Complete 
| 175|0x000000008b900000, 0x000000008ba00000, 0x000000008ba00000|100%| E|CS|TAMS 0x000000008b900000, 0x000000008b900000| Complete 
| 176|0x000000008ba00000, 0x000000008bb00000, 0x000000008bb00000|100%| E|CS|TAMS 0x000000008ba00000, 0x000000008ba00000| Complete 
| 177|0x000000008bb00000, 0x000000008bc00000, 0x000000008bc00000|100%| E|CS|TAMS 0x000000008bb00000, 0x000000008bb00000| Complete 
| 178|0x000000008bc00000, 0x000000008bd00000, 0x000000008bd00000|100%| E|CS|TAMS 0x000000008bc00000, 0x000000008bc00000| Complete 
| 179|0x000000008bd00000, 0x000000008be00000, 0x000000008be00000|100%| E|CS|TAMS 0x000000008bd00000, 0x000000008bd00000| Complete 
| 180|0x000000008be00000, 0x000000008bf00000, 0x000000008bf00000|100%| E|CS|TAMS 0x000000008be00000, 0x000000008be00000| Complete 
| 181|0x000000008bf00000, 0x000000008c000000, 0x000000008c000000|100%| E|CS|TAMS 0x000000008bf00000, 0x000000008bf00000| Complete 
| 182|0x000000008c000000, 0x000000008c100000, 0x000000008c100000|100%| E|CS|TAMS 0x000000008c000000, 0x000000008c000000| Complete 
| 183|0x000000008c100000, 0x000000008c200000, 0x000000008c200000|100%| E|CS|TAMS 0x000000008c100000, 0x000000008c100000| Complete 
| 184|0x000000008c200000, 0x000000008c300000, 0x000000008c300000|100%| E|CS|TAMS 0x000000008c200000, 0x000000008c200000| Complete 
| 185|0x000000008c300000, 0x000000008c400000, 0x000000008c400000|100%| E|CS|TAMS 0x000000008c300000, 0x000000008c300000| Complete 
| 186|0x000000008c400000, 0x000000008c500000, 0x000000008c500000|100%| E|CS|TAMS 0x000000008c400000, 0x000000008c400000| Complete 
| 187|0x000000008c500000, 0x000000008c600000, 0x000000008c600000|100%| E|CS|TAMS 0x000000008c500000, 0x000000008c500000| Complete 
| 188|0x000000008c600000, 0x000000008c700000, 0x000000008c700000|100%| E|CS|TAMS 0x000000008c600000, 0x000000008c600000| Complete 
| 189|0x000000008c700000, 0x000000008c800000, 0x000000008c800000|100%| E|CS|TAMS 0x000000008c700000, 0x000000008c700000| Complete 
| 190|0x000000008c800000, 0x000000008c900000, 0x000000008c900000|100%| E|CS|TAMS 0x000000008c800000, 0x000000008c800000| Complete 
| 191|0x000000008c900000, 0x000000008ca00000, 0x000000008ca00000|100%| E|CS|TAMS 0x000000008c900000, 0x000000008c900000| Complete 
| 192|0x000000008ca00000, 0x000000008cb00000, 0x000000008cb00000|100%| E|CS|TAMS 0x000000008ca00000, 0x000000008ca00000| Complete 
| 193|0x000000008cb00000, 0x000000008cc00000, 0x000000008cc00000|100%| E|CS|TAMS 0x000000008cb00000, 0x000000008cb00000| Complete 
| 194|0x000000008cc00000, 0x000000008cd00000, 0x000000008cd00000|100%| E|CS|TAMS 0x000000008cc00000, 0x000000008cc00000| Complete 
| 195|0x000000008cd00000, 0x000000008ce00000, 0x000000008ce00000|100%| E|CS|TAMS 0x000000008cd00000, 0x000000008cd00000| Complete 
| 196|0x000000008ce00000, 0x000000008cf00000, 0x000000008cf00000|100%| E|CS|TAMS 0x000000008ce00000, 0x000000008ce00000| Complete 
| 197|0x000000008cf00000, 0x000000008d000000, 0x000000008d000000|100%| E|CS|TAMS 0x000000008cf00000, 0x000000008cf00000| Complete 
| 198|0x000000008d000000, 0x000000008d100000, 0x000000008d100000|100%| E|CS|TAMS 0x000000008d000000, 0x000000008d000000| Complete 
| 199|0x000000008d100000, 0x000000008d200000, 0x000000008d200000|100%| E|CS|TAMS 0x000000008d100000, 0x000000008d100000| Complete 
|2036|0x00000000ffe00000, 0x00000000fff00000, 0x00000000fff00000|100%| O|  |TAMS 0x00000000fff00000, 0x00000000ffe00000| Untracked 
|2037|0x00000000fff00000, 0x0000000100000000, 0x0000000100000000|100%| O|  |TAMS 0x0000000100000000, 0x00000000fff00000| Untracked 

Card table byte_map: [0x0000024e78cf0000,0x0000024e790f0000] _byte_map_base: 0x0000024e788eb000

Marking Bits (Prev, Next): (CMBitMap*) 0x0000024e7365a150, (CMBitMap*) 0x0000024e7365a190
 Prev Bits: [0x0000024e794f0000, 0x0000024e7b4c8000)
 Next Bits: [0x0000024e7b4d0000, 0x0000024e7d4a8000)

Polling page: 0x0000024e736c0000

Metaspace:

Usage:
  Non-class:     56.01 MB used.
      Class:      7.14 MB used.
       Both:     63.15 MB used.

Virtual space:
  Non-class space:       64.00 MB reserved,      56.12 MB ( 88%) committed,  1 nodes.
      Class space:        1.00 GB reserved,       7.25 MB ( <1%) committed,  1 nodes.
             Both:        1.06 GB reserved,      63.38 MB (  6%) committed. 

Chunk freelists:
   Non-Class:  7.32 MB
       Class:  8.72 MB
        Both:  16.03 MB

MaxMetaspaceSize: unlimited
CompressedClassSpaceSize: 1.00 GB
Initial GC threshold: 21.00 MB
Current GC threshold: 100.75 MB
CDS: off
MetaspaceReclaimPolicy: balanced
 - commit_granule_bytes: 65536.
 - commit_granule_words: 8192.
 - virtual_space_node_default_size: 8388608.
 - enlarge_chunks_in_place: 1.
 - new_chunks_are_fully_committed: 0.
 - uncommit_free_chunks: 1.
 - use_allocation_guard: 0.
 - handle_deallocations: 1.


Internal statistics:

num_allocs_failed_limit: 6.
num_arena_births: 282.
num_arena_deaths: 0.
num_vsnodes_births: 2.
num_vsnodes_deaths: 0.
num_space_committed: 1012.
num_space_uncommitted: 0.
num_chunks_returned_to_freelist: 6.
num_chunks_taken_from_freelist: 2381.
num_chunk_merges: 3.
num_chunk_splits: 1884.
num_chunks_enlarged: 1637.
num_inconsistent_stats: 0.

CodeHeap 'non-profiled nmethods': size=120000Kb used=5086Kb max_used=5086Kb free=114914Kb
 bounds [0x0000024e07ad0000, 0x0000024e07fd0000, 0x0000024e0f000000]
CodeHeap 'profiled nmethods': size=120000Kb used=29554Kb max_used=29554Kb free=90445Kb
 bounds [0x0000024e00000000, 0x0000024e01ce0000, 0x0000024e07530000]
CodeHeap 'non-nmethods': size=5760Kb used=1300Kb max_used=1368Kb free=4460Kb
 bounds [0x0000024e07530000, 0x0000024e077a0000, 0x0000024e07ad0000]
 total_blobs=9948 nmethods=9340 adapters=518
 compilation: enabled
              stopped_count=0, restarted_count=0
 full_count=0

Compilation events (20 events):
Event: 9.676 Thread 0x0000024e13077950 10867       3       org.jetbrains.kotlin.types.expressions.BasicExpressionTypingVisitor::visitQualifiedExpression (24 bytes)
Event: 9.676 Thread 0x0000024e13077950 nmethod 10867 0x0000024e01cbf490 code [0x0000024e01cbf640, 0x0000024e01cbf818]
Event: 9.676 Thread 0x0000024e13077950 10868       3       org.jetbrains.kotlin.resolve.calls.CallExpressionResolver::elementChain (22 bytes)
Event: 9.676 Thread 0x0000024e13077950 nmethod 10868 0x0000024e01cbf910 code [0x0000024e01cbfae0, 0x0000024e01cbfe68]
Event: 9.702 Thread 0x0000024e13077950 10869       3       org.jetbrains.kotlin.types.typesApproximation.CapturedTypeApproximationKt::approximateCapturedTypesIfNecessary (126 bytes)
Event: 9.703 Thread 0x0000024e13077950 nmethod 10869 0x0000024e01cc0010 code [0x0000024e01cc03a0, 0x0000024e01cc18a8]
Event: 9.705 Thread 0x0000024e13077950 10870       1       org.jetbrains.kotlin.resolve.lazy.descriptors.LazyClassDescriptor$LazyClassTypeConstructor::isDenotable (2 bytes)
Event: 9.705 Thread 0x0000024e13077950 nmethod 10870 0x0000024e07fc7210 code [0x0000024e07fc73a0, 0x0000024e07fc7478]
Event: 9.705 Thread 0x0000024e13077950 10871       3       androidx.compose.compiler.plugins.kotlin.k1.PsiElementNode::<init> (127 bytes)
Event: 9.706 Thread 0x0000024e13077950 nmethod 10871 0x0000024e01cc1e90 code [0x0000024e01cc2160, 0x0000024e01cc34c8]
Event: 9.706 Thread 0x0000024e13077950 10872       3       androidx.compose.compiler.plugins.kotlin.inference.Open::<init> (15 bytes)
Event: 9.706 Thread 0x0000024e13077950 nmethod 10872 0x0000024e01cc3810 code [0x0000024e01cc39c0, 0x0000024e01cc3c98]
Event: 9.707 Thread 0x0000024e13077950 10873   !   3       jdk.internal.reflect.GeneratedConstructorAccessor21::newInstance (53 bytes)
Event: 9.708 Thread 0x0000024e13077950 nmethod 10873 0x0000024e01cc3e10 code [0x0000024e01cc4040, 0x0000024e01cc47a8]
Event: 9.715 Thread 0x0000024e13077950 10874       3       org.jetbrains.kotlin.types.error.ErrorUtils::createErrorScope (31 bytes)
Event: 9.716 Thread 0x0000024e13077950 nmethod 10874 0x0000024e01cc4b90 code [0x0000024e01cc4e40, 0x0000024e01cc5a18]
Event: 9.737 Thread 0x0000024e13077950 10875       3       org.jetbrains.kotlin.resolve.calls.tower.TowerResolver$Task$nonLocalLevels$2::invoke (5 bytes)
Event: 9.737 Thread 0x0000024e13077950 nmethod 10875 0x0000024e01cc5e90 code [0x0000024e01cc6040, 0x0000024e01cc6248]
Event: 9.737 Thread 0x0000024e13077950 10876       3       org.jetbrains.kotlin.resolve.calls.tower.TowerResolver$Task$nonLocalLevels$2::invoke (15 bytes)
Event: 9.738 Thread 0x0000024e13077950 nmethod 10876 0x0000024e01cc6390 code [0x0000024e01cc6540, 0x0000024e01cc66e8]

GC Heap History (20 events):
Event: 3.532 GC heap before
{Heap before GC invocations=14 (full 0):
 garbage-first heap   total 73728K, used 56559K [0x0000000080a00000, 0x0000000100000000)
  region size 1024K, 27 young (27648K), 1 survivors (1024K)
 Metaspace       used 51746K, committed 51968K, reserved 1114112K
  class space    used 6224K, committed 6336K, reserved 1048576K
}
Event: 3.542 GC heap after
{Heap after GC invocations=15 (full 0):
 garbage-first heap   total 73728K, used 34432K [0x0000000080a00000, 0x0000000100000000)
  region size 1024K, 4 young (4096K), 4 survivors (4096K)
 Metaspace       used 51746K, committed 51968K, reserved 1114112K
  class space    used 6224K, committed 6336K, reserved 1048576K
}
Event: 3.644 GC heap before
{Heap before GC invocations=15 (full 0):
 garbage-first heap   total 73728K, used 55936K [0x0000000080a00000, 0x0000000100000000)
  region size 1024K, 25 young (25600K), 4 survivors (4096K)
 Metaspace       used 51946K, committed 52224K, reserved 1114112K
  class space    used 6228K, committed 6336K, reserved 1048576K
}
Event: 3.653 GC heap after
{Heap after GC invocations=16 (full 0):
 garbage-first heap   total 73728K, used 37004K [0x0000000080a00000, 0x0000000100000000)
  region size 1024K, 3 young (3072K), 3 survivors (3072K)
 Metaspace       used 51946K, committed 52224K, reserved 1114112K
  class space    used 6228K, committed 6336K, reserved 1048576K
}
Event: 4.136 GC heap before
{Heap before GC invocations=16 (full 0):
 garbage-first heap   total 73728K, used 56460K [0x0000000080a00000, 0x0000000100000000)
  region size 1024K, 22 young (22528K), 3 survivors (3072K)
 Metaspace       used 53572K, committed 53824K, reserved 1114112K
  class space    used 6347K, committed 6464K, reserved 1048576K
}
Event: 4.147 GC heap after
{Heap after GC invocations=17 (full 0):
 garbage-first heap   total 73728K, used 41654K [0x0000000080a00000, 0x0000000100000000)
  region size 1024K, 3 young (3072K), 3 survivors (3072K)
 Metaspace       used 53572K, committed 53824K, reserved 1114112K
  class space    used 6347K, committed 6464K, reserved 1048576K
}
Event: 4.545 GC heap before
{Heap before GC invocations=18 (full 0):
 garbage-first heap   total 73728K, used 57014K [0x0000000080a00000, 0x0000000100000000)
  region size 1024K, 18 young (18432K), 3 survivors (3072K)
 Metaspace       used 54147K, committed 54336K, reserved 1114112K
  class space    used 6365K, committed 6464K, reserved 1048576K
}
Event: 4.555 GC heap after
{Heap after GC invocations=19 (full 0):
 garbage-first heap   total 73728K, used 44960K [0x0000000080a00000, 0x0000000100000000)
  region size 1024K, 3 young (3072K), 3 survivors (3072K)
 Metaspace       used 54147K, committed 54336K, reserved 1114112K
  class space    used 6365K, committed 6464K, reserved 1048576K
}
Event: 4.571 GC heap before
{Heap before GC invocations=19 (full 0):
 garbage-first heap   total 73728K, used 45984K [0x0000000080a00000, 0x0000000100000000)
  region size 1024K, 4 young (4096K), 3 survivors (3072K)
 Metaspace       used 54167K, committed 54400K, reserved 1114112K
  class space    used 6366K, committed 6464K, reserved 1048576K
}
Event: 4.579 GC heap after
{Heap after GC invocations=20 (full 0):
 garbage-first heap   total 103424K, used 44071K [0x0000000080a00000, 0x0000000100000000)
  region size 1024K, 1 young (1024K), 1 survivors (1024K)
 Metaspace       used 54167K, committed 54400K, reserved 1114112K
  class space    used 6366K, committed 6464K, reserved 1048576K
}
Event: 5.246 GC heap before
{Heap before GC invocations=20 (full 0):
 garbage-first heap   total 103424K, used 74791K [0x0000000080a00000, 0x0000000100000000)
  region size 1024K, 31 young (31744K), 1 survivors (1024K)
 Metaspace       used 56562K, committed 56768K, reserved 1114112K
  class space    used 6637K, committed 6720K, reserved 1048576K
}
Event: 5.257 GC heap after
{Heap after GC invocations=21 (full 0):
 garbage-first heap   total 103424K, used 47951K [0x0000000080a00000, 0x0000000100000000)
  region size 1024K, 4 young (4096K), 4 survivors (4096K)
 Metaspace       used 56562K, committed 56768K, reserved 1114112K
  class space    used 6637K, committed 6720K, reserved 1048576K
}
Event: 6.194 GC heap before
{Heap before GC invocations=21 (full 0):
 garbage-first heap   total 103424K, used 76623K [0x0000000080a00000, 0x0000000100000000)
  region size 1024K, 32 young (32768K), 4 survivors (4096K)
 Metaspace       used 60377K, committed 60608K, reserved 1114112K
  class space    used 7015K, committed 7104K, reserved 1048576K
}
Event: 6.205 GC heap after
{Heap after GC invocations=22 (full 0):
 garbage-first heap   total 103424K, used 50407K [0x0000000080a00000, 0x0000000100000000)
  region size 1024K, 3 young (3072K), 3 survivors (3072K)
 Metaspace       used 60377K, committed 60608K, reserved 1114112K
  class space    used 7015K, committed 7104K, reserved 1048576K
}
Event: 7.324 GC heap before
{Heap before GC invocations=22 (full 0):
 garbage-first heap   total 103424K, used 79079K [0x0000000080a00000, 0x0000000100000000)
  region size 1024K, 31 young (31744K), 3 survivors (3072K)
 Metaspace       used 61624K, committed 61888K, reserved 1114112K
  class space    used 7019K, committed 7104K, reserved 1048576K
}
Event: 7.333 GC heap after
{Heap after GC invocations=23 (full 0):
 garbage-first heap   total 103424K, used 53308K [0x0000000080a00000, 0x0000000100000000)
  region size 1024K, 3 young (3072K), 3 survivors (3072K)
 Metaspace       used 61624K, committed 61888K, reserved 1114112K
  class space    used 7019K, committed 7104K, reserved 1048576K
}
Event: 7.885 GC heap before
{Heap before GC invocations=24 (full 0):
 garbage-first heap   total 103424K, used 80956K [0x0000000080a00000, 0x0000000100000000)
  region size 1024K, 30 young (30720K), 3 survivors (3072K)
 Metaspace       used 62336K, committed 62656K, reserved 1114112K
  class space    used 7102K, committed 7232K, reserved 1048576K
}
Event: 7.895 GC heap after
{Heap after GC invocations=25 (full 0):
 garbage-first heap   total 103424K, used 56423K [0x0000000080a00000, 0x0000000100000000)
  region size 1024K, 4 young (4096K), 4 survivors (4096K)
 Metaspace       used 62336K, committed 62656K, reserved 1114112K
  class space    used 7102K, committed 7232K, reserved 1048576K
}
Event: 7.898 GC heap before
{Heap before GC invocations=25 (full 0):
 garbage-first heap   total 103424K, used 57447K [0x0000000080a00000, 0x0000000100000000)
  region size 1024K, 5 young (5120K), 4 survivors (4096K)
 Metaspace       used 62336K, committed 62656K, reserved 1114112K
  class space    used 7102K, committed 7232K, reserved 1048576K
}
Event: 7.907 GC heap after
{Heap after GC invocations=26 (full 0):
 garbage-first heap   total 206848K, used 56490K [0x0000000080a00000, 0x0000000100000000)
  region size 1024K, 1 young (1024K), 1 survivors (1024K)
 Metaspace       used 62336K, committed 62656K, reserved 1114112K
  class space    used 7102K, committed 7232K, reserved 1048576K
}

Dll operation events (2 events):
Event: 0.007 Loaded shared library G:\AS\jbr\bin\java.dll
Event: 1.317 Loaded shared library G:\AS\jbr\bin\verify.dll

Deoptimization events (20 events):
Event: 9.512 Thread 0x0000024e73600230 Uncommon trap: trap_request=0xffffffc6 fr.pc=0x0000024e07e50244 relative=0x00000000000003e4
Event: 9.512 Thread 0x0000024e73600230 Uncommon trap: reason=bimorphic_or_optimized_type_check action=maybe_recompile pc=0x0000024e07e50244 method=org.jetbrains.kotlin.types.model.TypeSystemContext.isClassType(Lorg/jetbrains/kotlin/types/model/SimpleTypeMarker;)Z @ 9 c2
Event: 9.512 Thread 0x0000024e73600230 DEOPT PACKING pc=0x0000024e07e50244 sp=0x000000dc5cef23c0
Event: 9.512 Thread 0x0000024e73600230 DEOPT UNPACKING pc=0x0000024e075869a3 sp=0x000000dc5cef2340 mode 2
Event: 9.512 Thread 0x0000024e73600230 Uncommon trap: trap_request=0xffffffc6 fr.pc=0x0000024e07e50244 relative=0x00000000000003e4
Event: 9.512 Thread 0x0000024e73600230 Uncommon trap: reason=bimorphic_or_optimized_type_check action=maybe_recompile pc=0x0000024e07e50244 method=org.jetbrains.kotlin.types.model.TypeSystemContext.isClassType(Lorg/jetbrains/kotlin/types/model/SimpleTypeMarker;)Z @ 9 c2
Event: 9.512 Thread 0x0000024e73600230 DEOPT PACKING pc=0x0000024e07e50244 sp=0x000000dc5cef23c0
Event: 9.512 Thread 0x0000024e73600230 DEOPT UNPACKING pc=0x0000024e075869a3 sp=0x000000dc5cef2340 mode 2
Event: 9.518 Thread 0x0000024e73600230 Uncommon trap: trap_request=0xffffff45 fr.pc=0x0000024e07fa044c relative=0x000000000000018c
Event: 9.518 Thread 0x0000024e73600230 Uncommon trap: reason=unstable_if action=reinterpret pc=0x0000024e07fa044c method=org.jetbrains.kotlin.psi.KtPsiUtil.deparenthesizeOnce(Lorg/jetbrains/kotlin/psi/KtExpression;Z)Lorg/jetbrains/kotlin/psi/KtExpression; @ 55 c2
Event: 9.518 Thread 0x0000024e73600230 DEOPT PACKING pc=0x0000024e07fa044c sp=0x000000dc5cef4ff0
Event: 9.518 Thread 0x0000024e73600230 DEOPT UNPACKING pc=0x0000024e075869a3 sp=0x000000dc5cef4eb8 mode 2
Event: 9.535 Thread 0x0000024e73600230 Uncommon trap: trap_request=0xffffffc6 fr.pc=0x0000024e07f8c8a4 relative=0x0000000000001be4
Event: 9.535 Thread 0x0000024e73600230 Uncommon trap: reason=bimorphic_or_optimized_type_check action=maybe_recompile pc=0x0000024e07f8c8a4 method=org.jetbrains.kotlin.resolve.calls.util.PsiUtilsKt.getCalleeExpressionIfAny(Lorg/jetbrains/kotlin/psi/KtElement;)Lorg/jetbrains/kotlin/psi/KtExpres
Event: 9.535 Thread 0x0000024e73600230 DEOPT PACKING pc=0x0000024e07f8c8a4 sp=0x000000dc5cef5e70
Event: 9.535 Thread 0x0000024e73600230 DEOPT UNPACKING pc=0x0000024e075869a3 sp=0x000000dc5cef5e40 mode 2
Event: 9.549 Thread 0x0000024e73600230 Uncommon trap: trap_request=0xffffffc6 fr.pc=0x0000024e07f8c8a4 relative=0x0000000000001be4
Event: 9.549 Thread 0x0000024e73600230 Uncommon trap: reason=bimorphic_or_optimized_type_check action=maybe_recompile pc=0x0000024e07f8c8a4 method=org.jetbrains.kotlin.resolve.calls.util.PsiUtilsKt.getCalleeExpressionIfAny(Lorg/jetbrains/kotlin/psi/KtElement;)Lorg/jetbrains/kotlin/psi/KtExpres
Event: 9.549 Thread 0x0000024e73600230 DEOPT PACKING pc=0x0000024e07f8c8a4 sp=0x000000dc5cef5e70
Event: 9.549 Thread 0x0000024e73600230 DEOPT UNPACKING pc=0x0000024e075869a3 sp=0x000000dc5cef5e40 mode 2

Classes unloaded (0 events):
No events

Classes redefined (0 events):
No events

Internal exceptions (20 events):
Event: 3.707 Thread 0x0000024e73600230 Exception <a 'java/lang/NoSuchMethodError'{0x0000000086d76830}: 'java.lang.Object java.lang.invoke.Invokers$Holder.linkToTargetMethod(java.lang.Object, java.lang.Object, java.lang.Object, java.lang.Object, java.lang.Object, java.lang.Object, java.lang.Object, java.lang.Object)'> (0x0000000086d76830) 
thrown [s\src\hotspot\share\interpreter\linkResolver.cpp, line 771]
Event: 4.120 Thread 0x0000024e73600230 Exception <a 'java/lang/NoSuchMethodError'{0x0000000083d74cd0}: 'java.lang.Object java.lang.invoke.DirectMethodHandle$Holder.invokeStaticInit(java.lang.Object, java.lang.Object, java.lang.Object)'> (0x0000000083d74cd0) 
thrown [s\src\hotspot\share\interpreter\linkResolver.cpp, line 771]
Event: 4.715 Thread 0x0000024e73600230 Exception <a 'java/lang/NoSuchMethodError'{0x0000000086324198}: 'int java.lang.invoke.DirectMethodHandle$Holder.invokeInterface(java.lang.Object, java.lang.Object)'> (0x0000000086324198) 
thrown [s\src\hotspot\share\interpreter\linkResolver.cpp, line 771]
Event: 4.726 Thread 0x0000024e73600230 Exception <a 'java/lang/NoSuchMethodError'{0x000000008635b820}: 'java.lang.Object java.lang.invoke.DirectMethodHandle$Holder.newInvokeSpecial(java.lang.Object, int, java.lang.Object)'> (0x000000008635b820) 
thrown [s\src\hotspot\share\interpreter\linkResolver.cpp, line 771]
Event: 4.728 Thread 0x0000024e73600230 Implicit null exception at 0x0000024e07b271f1 to 0x0000024e07b273d0
Event: 4.728 Thread 0x0000024e73600230 Implicit null exception at 0x0000024e07b2f40f to 0x0000024e07b2f485
Event: 4.744 Thread 0x0000024e73600230 Exception <a 'java/lang/NoSuchMethodError'{0x00000000863ca458}: 'java.lang.Object java.lang.invoke.DirectMethodHandle$Holder.invokeStatic(java.lang.Object, int, java.lang.Object)'> (0x00000000863ca458) 
thrown [s\src\hotspot\share\interpreter\linkResolver.cpp, line 771]
Event: 4.976 Thread 0x0000024e73600230 Implicit null exception at 0x0000024e07d94541 to 0x0000024e07d95a38
Event: 4.976 Thread 0x0000024e73600230 Implicit null exception at 0x0000024e07bcf458 to 0x0000024e07bcf4ea
Event: 5.223 Thread 0x0000024e73600230 Exception <a 'java/lang/NoSuchMethodError'{0x00000000850edfd0}: 'java.lang.Object java.lang.invoke.DirectMethodHandle$Holder.newInvokeSpecial(java.lang.Object, java.lang.Object, java.lang.Object, java.lang.Object, java.lang.Object, java.lang.Object, java.lang.Object)'> (0x00000000850edfd0) 
thrown [s\src\hotspot\share\interpreter\linkResolver.cpp, line 771]
Event: 5.224 Thread 0x0000024e73600230 Exception <a 'java/lang/NoSuchMethodError'{0x00000000850f2e30}: 'java.lang.Object java.lang.invoke.Invokers$Holder.linkToTargetMethod(java.lang.Object, java.lang.Object, java.lang.Object, java.lang.Object, java.lang.Object, java.lang.Object, java.lang.Object)'> (0x00000000850f2e30) 
thrown [s\src\hotspot\share\interpreter\linkResolver.cpp, line 771]
Event: 5.352 Thread 0x0000024e73600230 Exception <a 'java/lang/NoSuchMethodError'{0x0000000086af1f98}: 'int java.lang.invoke.DirectMethodHandle$Holder.invokeStaticInit(java.lang.Object, int)'> (0x0000000086af1f98) 
thrown [s\src\hotspot\share\interpreter\linkResolver.cpp, line 771]
Event: 5.693 Thread 0x0000024e73600230 Exception <a 'java/lang/NoSuchMethodError'{0x0000000085a75e00}: 'java.lang.Object java.lang.invoke.DirectMethodHandle$Holder.invokeStatic(java.lang.Object, java.lang.Object, java.lang.Object, java.lang.Object, int)'> (0x0000000085a75e00) 
thrown [s\src\hotspot\share\interpreter\linkResolver.cpp, line 771]
Event: 5.694 Thread 0x0000024e73600230 Exception <a 'java/lang/NoSuchMethodError'{0x0000000085a7fae8}: 'java.lang.Object java.lang.invoke.DirectMethodHandle$Holder.newInvokeSpecial(java.lang.Object, java.lang.Object, java.lang.Object, java.lang.Object, int)'> (0x0000000085a7fae8) 
thrown [s\src\hotspot\share\interpreter\linkResolver.cpp, line 771]
Event: 5.694 Thread 0x0000024e73600230 Exception <a 'java/lang/NoSuchMethodError'{0x0000000085a88248}: 'java.lang.Object java.lang.invoke.Invokers$Holder.linkToTargetMethod(java.lang.Object, java.lang.Object, java.lang.Object, int, java.lang.Object)'> (0x0000000085a88248) 
thrown [s\src\hotspot\share\interpreter\linkResolver.cpp, line 771]
Event: 7.315 Thread 0x0000024e73600230 Implicit null exception at 0x0000024e07ea60c3 to 0x0000024e07ea69c0
Event: 7.775 Thread 0x0000024e73600230 Exception <a 'java/lang/NoSuchMethodError'{0x00000000856e5ba8}: 'java.lang.Object java.lang.invoke.DirectMethodHandle$Holder.invokeInterface(java.lang.Object, java.lang.Object, java.lang.Object)'> (0x00000000856e5ba8) 
thrown [s\src\hotspot\share\interpreter\linkResolver.cpp, line 771]
Event: 7.775 Thread 0x0000024e73600230 Exception <a 'java/lang/IncompatibleClassChangeError'{0x00000000856e97c0}: Found class java.lang.Object, but interface was expected> (0x00000000856e97c0) 
thrown [s\src\hotspot\share\interpreter\linkResolver.cpp, line 838]
Event: 8.349 Thread 0x0000024e73600230 Implicit null exception at 0x0000024e07ed262f to 0x0000024e07ed3e44
Event: 8.404 Thread 0x0000024e73600230 Implicit null exception at 0x0000024e07b2c934 to 0x0000024e07b2c9c1

VM Operations (20 events):
Event: 8.568 Executing VM operation: HandshakeAllThreads
Event: 8.568 Executing VM operation: HandshakeAllThreads done
Event: 8.576 Executing VM operation: ICBufferFull
Event: 8.576 Executing VM operation: ICBufferFull done
Event: 8.803 Executing VM operation: ICBufferFull
Event: 8.803 Executing VM operation: ICBufferFull done
Event: 9.038 Executing VM operation: ICBufferFull
Event: 9.038 Executing VM operation: ICBufferFull done
Event: 9.067 Executing VM operation: HandshakeAllThreads
Event: 9.067 Executing VM operation: HandshakeAllThreads done
Event: 9.074 Executing VM operation: ICBufferFull
Event: 9.074 Executing VM operation: ICBufferFull done
Event: 9.153 Executing VM operation: HandshakeAllThreads
Event: 9.153 Executing VM operation: HandshakeAllThreads done
Event: 9.165 Executing VM operation: ICBufferFull
Event: 9.165 Executing VM operation: ICBufferFull done
Event: 9.403 Executing VM operation: ICBufferFull
Event: 9.403 Executing VM operation: ICBufferFull done
Event: 9.649 Executing VM operation: ICBufferFull
Event: 9.649 Executing VM operation: ICBufferFull done

Events (20 events):
Event: 7.776 Thread 0x0000024e1304f120 flushing nmethod 0x0000024e014daa10
Event: 7.776 Thread 0x0000024e1304f120 flushing nmethod 0x0000024e0150d790
Event: 7.776 Thread 0x0000024e1304f120 flushing nmethod 0x0000024e01624510
Event: 7.776 Thread 0x0000024e1304f120 flushing nmethod 0x0000024e0167c090
Event: 7.777 Thread 0x0000024e1304f120 flushing nmethod 0x0000024e01684910
Event: 7.777 Thread 0x0000024e1304f120 flushing nmethod 0x0000024e0168ed90
Event: 7.777 Thread 0x0000024e1304f120 flushing nmethod 0x0000024e016bc090
Event: 7.777 Thread 0x0000024e1304f120 flushing nmethod 0x0000024e01703390
Event: 8.196 Thread 0x0000024e1304f120 flushing nmethod 0x0000024e07dd7590
Event: 8.201 Thread 0x0000024e1304f120 flushing nmethod 0x0000024e00702090
Event: 8.202 Thread 0x0000024e1304f120 flushing nmethod 0x0000024e00876410
Event: 8.202 Thread 0x0000024e1304f120 flushing nmethod 0x0000024e00878b10
Event: 8.202 Thread 0x0000024e1304f120 flushing nmethod 0x0000024e00879310
Event: 8.202 Thread 0x0000024e1304f120 flushing nmethod 0x0000024e0090a990
Event: 8.202 Thread 0x0000024e1304f120 flushing nmethod 0x0000024e0090d410
Event: 8.202 Thread 0x0000024e1304f120 flushing nmethod 0x0000024e00911310
Event: 8.395 loading class java/util/Collections$CopiesList
Event: 8.395 loading class java/util/Collections$CopiesList done
Event: 9.084 loading class java/util/concurrent/locks/AbstractQueuedSynchronizer$Node
Event: 9.085 loading class java/util/concurrent/locks/AbstractQueuedSynchronizer$Node done


Dynamic libraries:
0x00007ff6c3ed0000 - 0x00007ff6c3eda000 	G:\AS\jbr\bin\java.exe
0x00007ffac29f0000 - 0x00007ffac2be8000 	C:\Windows\SYSTEM32\ntdll.dll
0x00007ffac1710000 - 0x00007ffac17d1000 	C:\Windows\System32\KERNEL32.DLL
0x00007ffac0720000 - 0x00007ffac0a1d000 	C:\Windows\System32\KERNELBASE.dll
0x00007ffac0550000 - 0x00007ffac0650000 	C:\Windows\System32\ucrtbase.dll
0x00007ffa9c580000 - 0x00007ffa9c597000 	G:\AS\jbr\bin\jli.dll
0x00007ffab9480000 - 0x00007ffab949b000 	G:\AS\jbr\bin\VCRUNTIME140.dll
0x00007ffac0a20000 - 0x00007ffac0bbd000 	C:\Windows\System32\USER32.dll
0x00007ffaaa090000 - 0x00007ffaaa32a000 	C:\Windows\WinSxS\amd64_microsoft.windows.common-controls_6595b64144ccf1df_6.0.19041.4355_none_60b8b9eb71f62e16\COMCTL32.dll
0x00007ffac01a0000 - 0x00007ffac01c2000 	C:\Windows\System32\win32u.dll
0x00007ffac1c30000 - 0x00007ffac1c5b000 	C:\Windows\System32\GDI32.dll
0x00007ffac0e40000 - 0x00007ffac0ede000 	C:\Windows\System32\msvcrt.dll
0x00007ffac01d0000 - 0x00007ffac02e7000 	C:\Windows\System32\gdi32full.dll
0x00007ffac0650000 - 0x00007ffac06ed000 	C:\Windows\System32\msvcp_win.dll
0x00007ffac1890000 - 0x00007ffac18bf000 	C:\Windows\System32\IMM32.DLL
0x00007ffabd3b0000 - 0x00007ffabd3bc000 	G:\AS\jbr\bin\vcruntime140_1.dll
0x00007ffa9c5e0000 - 0x00007ffa9c66d000 	G:\AS\jbr\bin\msvcp140.dll
0x00007ffa7d560000 - 0x00007ffa7e1e3000 	G:\AS\jbr\bin\server\jvm.dll
0x00007ffac1010000 - 0x00007ffac10c0000 	C:\Windows\System32\ADVAPI32.dll
0x00007ffac2910000 - 0x00007ffac29b0000 	C:\Windows\System32\sechost.dll
0x00007ffac0ee0000 - 0x00007ffac1003000 	C:\Windows\System32\RPCRT4.dll
0x00007ffac06f0000 - 0x00007ffac0717000 	C:\Windows\System32\bcrypt.dll
0x00007ffabfef0000 - 0x00007ffabff3b000 	C:\Windows\SYSTEM32\POWRPROF.dll
0x00007ffabae50000 - 0x00007ffabae59000 	C:\Windows\SYSTEM32\WSOCK32.dll
0x00007ffac1920000 - 0x00007ffac198b000 	C:\Windows\System32\WS2_32.dll
0x00007ffab25c0000 - 0x00007ffab25e7000 	C:\Windows\SYSTEM32\WINMM.dll
0x00007ffab8c30000 - 0x00007ffab8c3a000 	C:\Windows\SYSTEM32\VERSION.dll
0x00007ffabfed0000 - 0x00007ffabfee2000 	C:\Windows\SYSTEM32\UMPDC.dll
0x00007ffabdf40000 - 0x00007ffabdf52000 	C:\Windows\SYSTEM32\kernel.appcore.dll
0x00007ffab5140000 - 0x00007ffab514a000 	G:\AS\jbr\bin\jimage.dll
0x00007ffab1b20000 - 0x00007ffab1d04000 	C:\Windows\SYSTEM32\DBGHELP.DLL
0x00007ffaa0a70000 - 0x00007ffaa0aa4000 	C:\Windows\SYSTEM32\dbgcore.DLL
0x00007ffac0450000 - 0x00007ffac04d2000 	C:\Windows\System32\bcryptPrimitives.dll
0x00007ffaa85e0000 - 0x00007ffaa8605000 	G:\AS\jbr\bin\java.dll
0x00007ffab2d70000 - 0x00007ffab2d88000 	G:\AS\jbr\bin\zip.dll
0x00007ffac1cf0000 - 0x00007ffac245f000 	C:\Windows\System32\SHELL32.dll
0x00007ffabe140000 - 0x00007ffabe8df000 	C:\Windows\SYSTEM32\windows.storage.dll
0x00007ffac2460000 - 0x00007ffac27b3000 	C:\Windows\System32\combase.dll
0x00007ffabf9f0000 - 0x00007ffabfa1e000 	C:\Windows\SYSTEM32\Wldp.dll
0x00007ffac0bc0000 - 0x00007ffac0c8d000 	C:\Windows\System32\OLEAUT32.dll
0x00007ffac17e0000 - 0x00007ffac188d000 	C:\Windows\System32\SHCORE.dll
0x00007ffac18c0000 - 0x00007ffac1915000 	C:\Windows\System32\shlwapi.dll
0x00007ffabffd0000 - 0x00007ffabfff4000 	C:\Windows\SYSTEM32\profapi.dll
0x00007ffaa9470000 - 0x00007ffaa9489000 	G:\AS\jbr\bin\net.dll
0x00007ffab7580000 - 0x00007ffab768d000 	C:\Windows\SYSTEM32\WINHTTP.dll
0x00007ffabf750000 - 0x00007ffabf7ba000 	C:\Windows\system32\mswsock.dll
0x00007ffa9c5a0000 - 0x00007ffa9c5b6000 	G:\AS\jbr\bin\nio.dll
0x00007ffaa9520000 - 0x00007ffaa9530000 	G:\AS\jbr\bin\verify.dll

dbghelp: loaded successfully - version: 4.0.5 - missing functions: none
symbol engine: initialized successfully - sym options: 0x614 - pdb path: .;G:\AS\jbr\bin;C:\Windows\SYSTEM32;C:\Windows\WinSxS\amd64_microsoft.windows.common-controls_6595b64144ccf1df_6.0.19041.4355_none_60b8b9eb71f62e16;G:\AS\jbr\bin\server

VM Arguments:
java_command: org.jetbrains.kotlin.cli.jvm.K2JVMCompiler @G:\AndroidStudioProjects\PreperationApp\app\build\20240820_10762140995911930400.compiler.options
java_class_path (initial): C:\Users\sohai\.gradle\caches\modules-2\files-2.1\org.jetbrains.kotlin\kotlin-compiler-embeddable\1.9.0\2c8c3a7402becca891f12739b3e9fd2dc2adbd7a\kotlin-compiler-embeddable-1.9.0.jar;C:\Users\sohai\.gradle\caches\modules-2\files-2.1\org.jetbrains.kotlin\kotlin-stdlib\1.9.0\8ee15ef0c67dc83d874f412d84378d7f0eb50b63\kotlin-stdlib-1.9.0.jar;C:\Users\sohai\.gradle\caches\modules-2\files-2.1\org.jetbrains.kotlin\kotlin-script-runtime\1.9.0\4b3102cbbb7e1b58d9d1adf89563f00069ffa7d1\kotlin-script-runtime-1.9.0.jar;C:\Users\sohai\.gradle\caches\modules-2\files-2.1\org.jetbrains.kotlin\kotlin-reflect\1.6.10\1cbe9c92c12a94eea200d23c2bbaedaf3daf5132\kotlin-reflect-1.6.10.jar;C:\Users\sohai\.gradle\caches\modules-2\files-2.1\org.jetbrains.kotlin\kotlin-daemon-embeddable\1.9.0\186543f5e28cf8d9a0290fecc2cf34301c40a65c\kotlin-daemon-embeddable-1.9.0.jar;C:\Users\sohai\.gradle\caches\modules-2\files-2.1\org.jetbrains.intellij.deps\trove4j\1.0.20200330\3afb14d5f9ceb459d724e907a21145e8ff394f02\trove4j-1.0.20200330.jar;C:\Users\sohai\.gradle\caches\modules-2\files-2.1\org.jetbrains.kotlin\kotlin-stdlib-common\1.9.0\cd65c21cfd1eec4d44ef09f9f52b6d9f8a720636\kotlin-stdlib-common-1.9.0.jar;C:\Users\sohai\.gradle\caches\modules-2\files-2.1\org.jetbrains\annotations\13.0\919f0dfe192fb4e063e7dacadee7f8bb9a2672a9\annotations-13.0.jar
Launcher Type: SUN_STANDARD

[Global flags]
     intx CICompilerCount                          = 3                                         {product} {ergonomic}
     uint ConcGCThreads                            = 1                                         {product} {ergonomic}
     uint G1ConcRefinementThreads                  = 4                                         {product} {ergonomic}
   size_t G1HeapRegionSize                         = 1048576                                   {product} {ergonomic}
    uintx GCDrainStackTargetSize                   = 64                                        {product} {ergonomic}
   size_t InitialHeapSize                          = 134217728                                 {product} {ergonomic}
   size_t MarkStackSize                            = 4194304                                   {product} {ergonomic}
   size_t MaxHeapSize                              = 2136997888                                {product} {ergonomic}
   size_t MaxNewSize                               = 1281359872                                {product} {ergonomic}
   size_t MinHeapDeltaBytes                        = 1048576                                   {product} {ergonomic}
   size_t MinHeapSize                              = 8388608                                   {product} {ergonomic}
    uintx NonNMethodCodeHeapSize                   = 5832780                                {pd product} {ergonomic}
    uintx NonProfiledCodeHeapSize                  = 122912730                              {pd product} {ergonomic}
    uintx ProfiledCodeHeapSize                     = 122912730                              {pd product} {ergonomic}
    uintx ReservedCodeCacheSize                    = 251658240                              {pd product} {ergonomic}
     bool SegmentedCodeCache                       = true                                      {product} {ergonomic}
   size_t SoftMaxHeapSize                          = 2136997888                             {manageable} {ergonomic}
     bool UseCompressedClassPointers               = true                           {product lp64_product} {ergonomic}
     bool UseCompressedOops                        = true                           {product lp64_product} {ergonomic}
     bool UseG1GC                                  = true                                      {product} {ergonomic}
     bool UseLargePagesIndividualAllocation        = false                                  {pd product} {ergonomic}

Logging:
Log output configuration:
 #0: stdout all=warning uptime,level,tags
 #1: stderr all=off uptime,level,tags

Environment Variables:
JAVA_HOME=G:\java
PATH=C:\Program Files (x86)\Common Files\Oracle\Java\java8path;C:\Program Files (x86)\Common Files\Oracle\Java\javapath;"C:\Program Files (x86)\Common Files\Oracle\Java\java8path;G:\java\bin";C:\Windows\system32;C:\Windows;C:\Windows\System32\Wbem;C:\Windows\System32\WindowsPowerShell\v1.0\;C:\Windows\System32\OpenSSH\;C:\Program Files\Git\cmd;G:\java\bin;C:\Users\sohai\AppData\Local\Programs\Python\Python312\Scripts\;C:\Users\sohai\AppData\Local\Programs\Python\Python312\;C:\Users\sohai\AppData\Local\Microsoft\WindowsApps;
USERNAME=sohai
OS=Windows_NT
PROCESSOR_IDENTIFIER=Intel64 Family 6 Model 42 Stepping 7, GenuineIntel
TMP=C:\Users\sohai\AppData\Local\Temp
TEMP=C:\Users\sohai\AppData\Local\Temp



Periodic native trim disabled

JNI global refs:
JNI global refs: 11, weak refs: 9

JNI global refs memory usage: 843, weak refs: 841

Process memory usage:
Resident Set Size: 369412K (4% of 8344624K total physical memory with 557020K free physical memory)

OOME stack traces (most recent first):
Classloader memory used:
Loader jdk.internal.loader.ClassLoaders$AppClassLoader                                 : 6669K
Loader bootstrap                                                                       : 1341K
Loader java.net.URLClassLoader                                                         : 56590B
Loader jdk.internal.reflect.DelegatingClassLoader                                      : 18566B


---------------  S Y S T E M  ---------------

OS:
 Windows 10 , 64 bit Build 19041 (10.0.19041.4717)
OS uptime: 2 days 8:07 hours

CPU: total 4 (initial active 4) (4 cores per cpu, 1 threads per core) family 6 model 42 stepping 7 microcode 0x2f, cx8, cmov, fxsr, mmx, sse, sse2, sse3, ssse3, sse4.1, sse4.2, popcnt, tsc, tscinvbit, avx, aes, clmul, vzeroupper, clflush
Processor Information for all 4 processors :
  Max Mhz: 3301, Current Mhz: 3301, Mhz Limit: 3301

Memory: 4k page, system-wide physical 8149M (543M free)
TotalPageFile size 12245M (AvailPageFile size 6M)
current process WorkingSet (physical memory assigned to process): 361M, peak: 361M
current process commit charge ("private bytes"): 427M, peak: 430M

vm_info: OpenJDK 64-Bit Server VM (17.0.11+0--11852314) for windows-amd64 JRE (17.0.11+0--11852314), built on May 16 2024 21:29:20 by "androidbuild" with MS VC++ 16.10 / 16.11 (VS2019)

END.
