#
# There is insufficient memory for the Java Runtime Environment to continue.
# Native memory allocation (malloc) failed to allocate 868816 bytes. Error detail: Chunk::new
# Possible reasons:
#   The system is out of physical RAM or swap space
#   This process is running with CompressedOops enabled, and the Java Heap may be blocking the growth of the native heap
# Possible solutions:
#   Reduce memory load on the system
#   Increase physical memory or swap space
#   Check if swap backing store is full
#   Decrease Java heap size (-Xmx/-Xms)
#   Decrease number of Java threads
#   Decrease Java thread stack sizes (-Xss)
#   Set larger code cache with -XX:ReservedCodeCacheSize=
#   JVM is running with Unscaled Compressed Oops mode in which the Java heap is
#     placed in the first 4GB address space. The Java Heap base address is the
#     maximum limit for the native heap growth. Please use -XX:HeapBaseMinAddress
#     to set the Java Heap base and to place the Java Heap above 4GB virtual address.
# This output file may be truncated or incomplete.
#
#  Out of Memory Error (arena.cpp:191), pid=3628, tid=7208
#
# JRE version: OpenJDK Runtime Environment (17.0.11) (build 17.0.11+0--11852314)
# Java VM: OpenJDK 64-Bit Server VM (17.0.11+0--11852314, mixed mode, tiered, compressed oops, compressed class ptrs, g1 gc, windows-amd64)
# No core dump will be written. Minidumps are not enabled by default on client versions of Windows
#

---------------  S U M M A R Y ------------

Command Line: org.jetbrains.kotlin.cli.jvm.K2JVMCompiler @G:\AndroidStudioProjects\PreperationApp\app\build\20240823_8327586748531822488.compiler.options

Host: Intel(R) Core(TM) i5-2500 CPU @ 3.30GHz, 4 cores, 7G,  Windows 10 , 64 bit Build 19041 (10.0.19041.4717)
Time: Fri Aug 23 15:15:11 2024 Pakistan Standard Time elapsed time: 31.262982 seconds (0d 0h 0m 31s)

---------------  T H R E A D  ---------------

Current thread (0x000001fac0026930):  JavaThread "C2 CompilerThread0" daemon [_thread_in_native, id=7208, stack(0x000000e940800000,0x000000e940900000)]


Current CompileTask:
C2:  31263 16949   !   4       jdk.internal.loader.BuiltinClassLoader::defineOrCheckPackage (94 bytes)

Stack: [0x000000e940800000,0x000000e940900000]
Native frames: (J=compiled Java code, j=interpreted, Vv=VM code, C=native code)
V  [jvm.dll+0x687bb9]
V  [jvm.dll+0x84142a]
V  [jvm.dll+0x8430ae]
V  [jvm.dll+0x843713]
V  [jvm.dll+0x24a35f]
V  [jvm.dll+0xac544]
V  [jvm.dll+0xacb8c]
V  [jvm.dll+0x369be2]
V  [jvm.dll+0x33416a]
V  [jvm.dll+0x33360a]
V  [jvm.dll+0x21bed1]
V  [jvm.dll+0x21b311]
V  [jvm.dll+0x1a63ed]
V  [jvm.dll+0x22b1ee]
V  [jvm.dll+0x229375]
V  [jvm.dll+0x7f5647]
V  [jvm.dll+0x7efa4a]
V  [jvm.dll+0x686a35]
C  [ucrtbase.dll+0x21bb2]
C  [KERNEL32.DLL+0x17374]
C  [ntdll.dll+0x4cc91]


---------------  P R O C E S S  ---------------

Threads class SMR info:
_java_thread_list=0x000001fac504a6b0, length=13, elements={
0x000001faa244f360, 0x000001fabb9de6f0, 0x000001fabb9e0420, 0x000001fac0023f40,
0x000001fac0024810, 0x000001fac00251d0, 0x000001fac0025b90, 0x000001fac0026930,
0x000001fac002bbb0, 0x000001fac0049560, 0x000001fac01a5b40, 0x000001fac01ae610,
0x000001fac58d6ee0
}

Java Threads: ( => current thread )
  0x000001faa244f360 JavaThread "main" [_thread_in_Java, id=712, stack(0x000000e93fb00000,0x000000e93fc00000)]
  0x000001fabb9de6f0 JavaThread "Reference Handler" daemon [_thread_blocked, id=5784, stack(0x000000e940200000,0x000000e940300000)]
  0x000001fabb9e0420 JavaThread "Finalizer" daemon [_thread_blocked, id=9204, stack(0x000000e940300000,0x000000e940400000)]
  0x000001fac0023f40 JavaThread "Signal Dispatcher" daemon [_thread_blocked, id=8336, stack(0x000000e940400000,0x000000e940500000)]
  0x000001fac0024810 JavaThread "Attach Listener" daemon [_thread_blocked, id=836, stack(0x000000e940500000,0x000000e940600000)]
  0x000001fac00251d0 JavaThread "Service Thread" daemon [_thread_blocked, id=6468, stack(0x000000e940600000,0x000000e940700000)]
  0x000001fac0025b90 JavaThread "Monitor Deflation Thread" daemon [_thread_blocked, id=7924, stack(0x000000e940700000,0x000000e940800000)]
=>0x000001fac0026930 JavaThread "C2 CompilerThread0" daemon [_thread_in_native, id=7208, stack(0x000000e940800000,0x000000e940900000)]
  0x000001fac002bbb0 JavaThread "C1 CompilerThread0" daemon [_thread_in_native, id=972, stack(0x000000e940900000,0x000000e940a00000)]
  0x000001fac0049560 JavaThread "Sweeper thread" daemon [_thread_blocked, id=1436, stack(0x000000e940a00000,0x000000e940b00000)]
  0x000001fac01a5b40 JavaThread "Notification Thread" daemon [_thread_blocked, id=4544, stack(0x000000e940b00000,0x000000e940c00000)]
  0x000001fac01ae610 JavaThread "Common-Cleaner" daemon [_thread_blocked, id=2080, stack(0x000000e940d00000,0x000000e940e00000)]
  0x000001fac58d6ee0 JavaThread "C2 CompilerThread1" daemon [_thread_in_native, id=1488, stack(0x000000e941100000,0x000000e941200000)]

Other Threads:
  0x000001fabb9db440 VMThread "VM Thread" [stack: 0x000000e940100000,0x000000e940200000] [id=9348]
  0x000001fabb979950 WatcherThread [stack: 0x000000e940c00000,0x000000e940d00000] [id=452]
  0x000001faa24a91a0 GCTaskThread "GC Thread#0" [stack: 0x000000e93fc00000,0x000000e93fd00000] [id=3056]
  0x000001fac05a78c0 GCTaskThread "GC Thread#1" [stack: 0x000000e940e00000,0x000000e940f00000] [id=6304]
  0x000001fac05a7b80 GCTaskThread "GC Thread#2" [stack: 0x000000e940f00000,0x000000e941000000] [id=8640]
  0x000001fac0641150 GCTaskThread "GC Thread#3" [stack: 0x000000e941000000,0x000000e941100000] [id=7404]
  0x000001faa24b9fb0 ConcurrentGCThread "G1 Main Marker" [stack: 0x000000e93fd00000,0x000000e93fe00000] [id=6780]
  0x000001faa24ba9d0 ConcurrentGCThread "G1 Conc#0" [stack: 0x000000e93fe00000,0x000000e93ff00000] [id=7768]
  0x000001faa250e860 ConcurrentGCThread "G1 Refine#0" [stack: 0x000000e93ff00000,0x000000e940000000] [id=10144]
  0x000001fabb846420 ConcurrentGCThread "G1 Service" [stack: 0x000000e940000000,0x000000e940100000] [id=7996]

Threads with active compile tasks:
C2 CompilerThread0    31278 16949   !   4       jdk.internal.loader.BuiltinClassLoader::defineOrCheckPackage (94 bytes)
C2 CompilerThread1    31278 16950       4       jdk.internal.loader.ClassLoaders$AppClassLoader::defineOrCheckPackage (8 bytes)

VM state: not at safepoint (normal execution)

VM Mutex/Monitor currently owned by a thread: None

Heap address: 0x0000000080a00000, size: 2038 MB, Compressed Oops mode: 32-bit

CDS archive(s) not mapped
Compressed class space mapped at: 0x0000000100000000-0x0000000140000000, reserved size: 1073741824
Narrow klass base: 0x0000000000000000, Narrow klass shift: 3, Narrow klass range: 0x140000000

GC Precious Log:
 CPUs: 4 total, 4 available
 Memory: 8149M
 Large Page Support: Disabled
 NUMA Support: Disabled
 Compressed Oops: Enabled (32-bit)
 Heap Region Size: 1M
 Heap Min Capacity: 8M
 Heap Initial Capacity: 128M
 Heap Max Capacity: 2038M
 Pre-touch: Disabled
 Parallel Workers: 4
 Concurrent Workers: 1
 Concurrent Refinement Workers: 4
 Periodic GC: Disabled

Heap:
 garbage-first heap   total 172032K, used 112599K [0x0000000080a00000, 0x0000000100000000)
  region size 1024K, 24 young (24576K), 5 survivors (5120K)
 Metaspace       used 80130K, committed 80512K, reserved 1179648K
  class space    used 8771K, committed 8960K, reserved 1048576K

Heap Regions: E=young(eden), S=young(survivor), O=old, HS=humongous(starts), HC=humongous(continues), CS=collection set, F=free, OA=open archive, CA=closed archive, TAMS=top-at-mark-start (previous, next)
|   0|0x0000000080a00000, 0x0000000080b00000, 0x0000000080b00000|100%|HS|  |TAMS 0x0000000080b00000, 0x0000000080a00000| Complete 
|   1|0x0000000080b00000, 0x0000000080c00000, 0x0000000080c00000|100%|HC|  |TAMS 0x0000000080c00000, 0x0000000080b00000| Complete 
|   2|0x0000000080c00000, 0x0000000080d00000, 0x0000000080d00000|100%|HC|  |TAMS 0x0000000080d00000, 0x0000000080c00000| Complete 
|   3|0x0000000080d00000, 0x0000000080e00000, 0x0000000080e00000|100%|HC|  |TAMS 0x0000000080e00000, 0x0000000080d00000| Complete 
|   4|0x0000000080e00000, 0x0000000080ef5e00, 0x0000000080f00000| 96%| O|  |TAMS 0x0000000080ef5e00, 0x0000000080e00000| Untracked 
|   5|0x0000000080f00000, 0x0000000081000000, 0x0000000081000000|100%| O|  |TAMS 0x0000000081000000, 0x0000000080f00000| Untracked 
|   6|0x0000000081000000, 0x0000000081100000, 0x0000000081100000|100%| O|  |TAMS 0x0000000081100000, 0x0000000081000000| Untracked 
|   7|0x0000000081100000, 0x0000000081200000, 0x0000000081200000|100%| O|  |TAMS 0x0000000081200000, 0x0000000081100000| Untracked 
|   8|0x0000000081200000, 0x0000000081300000, 0x0000000081300000|100%| O|  |TAMS 0x0000000081300000, 0x0000000081200000| Untracked 
|   9|0x0000000081300000, 0x0000000081400000, 0x0000000081400000|100%| O|  |TAMS 0x0000000081400000, 0x0000000081300000| Untracked 
|  10|0x0000000081400000, 0x0000000081500000, 0x0000000081500000|100%| O|  |TAMS 0x0000000081500000, 0x0000000081400000| Untracked 
|  11|0x0000000081500000, 0x0000000081600000, 0x0000000081600000|100%| O|  |TAMS 0x0000000081600000, 0x0000000081500000| Untracked 
|  12|0x0000000081600000, 0x0000000081700000, 0x0000000081700000|100%| O|  |TAMS 0x0000000081700000, 0x0000000081600000| Untracked 
|  13|0x0000000081700000, 0x0000000081800000, 0x0000000081800000|100%| O|  |TAMS 0x0000000081800000, 0x0000000081700000| Untracked 
|  14|0x0000000081800000, 0x0000000081900000, 0x0000000081900000|100%| O|  |TAMS 0x0000000081900000, 0x0000000081800000| Untracked 
|  15|0x0000000081900000, 0x0000000081a00000, 0x0000000081a00000|100%| O|  |TAMS 0x0000000081a00000, 0x0000000081900000| Untracked 
|  16|0x0000000081a00000, 0x0000000081b00000, 0x0000000081b00000|100%| O|  |TAMS 0x0000000081b00000, 0x0000000081a00000| Untracked 
|  17|0x0000000081b00000, 0x0000000081c00000, 0x0000000081c00000|100%| O|  |TAMS 0x0000000081b00000, 0x0000000081b00000| Untracked 
|  18|0x0000000081c00000, 0x0000000081d00000, 0x0000000081d00000|100%| O|  |TAMS 0x0000000081d00000, 0x0000000081c00000| Untracked 
|  19|0x0000000081d00000, 0x0000000081e00000, 0x0000000081e00000|100%| O|  |TAMS 0x0000000081e00000, 0x0000000081d00000| Untracked 
|  20|0x0000000081e00000, 0x0000000081f00000, 0x0000000081f00000|100%| O|  |TAMS 0x0000000081f00000, 0x0000000081e00000| Untracked 
|  21|0x0000000081f00000, 0x0000000082000000, 0x0000000082000000|100%| O|  |TAMS 0x0000000082000000, 0x0000000081f00000| Untracked 
|  22|0x0000000082000000, 0x0000000082100000, 0x0000000082100000|100%| O|  |TAMS 0x0000000082100000, 0x0000000082000000| Untracked 
|  23|0x0000000082100000, 0x0000000082200000, 0x0000000082200000|100%| O|  |TAMS 0x0000000082200000, 0x0000000082100000| Untracked 
|  24|0x0000000082200000, 0x0000000082300000, 0x0000000082300000|100%|HS|  |TAMS 0x0000000082300000, 0x0000000082200000| Complete 
|  25|0x0000000082300000, 0x0000000082400000, 0x0000000082400000|100%|HC|  |TAMS 0x0000000082400000, 0x0000000082300000| Complete 
|  26|0x0000000082400000, 0x0000000082500000, 0x0000000082500000|100%| O|  |TAMS 0x0000000082500000, 0x0000000082400000| Untracked 
|  27|0x0000000082500000, 0x0000000082600000, 0x0000000082600000|100%| O|  |TAMS 0x0000000082600000, 0x0000000082500000| Untracked 
|  28|0x0000000082600000, 0x0000000082700000, 0x0000000082700000|100%| O|  |TAMS 0x0000000082700000, 0x0000000082600000| Untracked 
|  29|0x0000000082700000, 0x0000000082800000, 0x0000000082800000|100%| O|  |TAMS 0x0000000082800000, 0x0000000082700000| Untracked 
|  30|0x0000000082800000, 0x0000000082900000, 0x0000000082900000|100%| O|  |TAMS 0x0000000082900000, 0x0000000082800000| Untracked 
|  31|0x0000000082900000, 0x0000000082a00000, 0x0000000082a00000|100%| O|  |TAMS 0x0000000082a00000, 0x0000000082900000| Untracked 
|  32|0x0000000082a00000, 0x0000000082b00000, 0x0000000082b00000|100%| O|  |TAMS 0x0000000082b00000, 0x0000000082a00000| Untracked 
|  33|0x0000000082b00000, 0x0000000082c00000, 0x0000000082c00000|100%| O|  |TAMS 0x0000000082c00000, 0x0000000082b00000| Untracked 
|  34|0x0000000082c00000, 0x0000000082d00000, 0x0000000082d00000|100%| O|  |TAMS 0x0000000082d00000, 0x0000000082c00000| Untracked 
|  35|0x0000000082d00000, 0x0000000082e00000, 0x0000000082e00000|100%| O|  |TAMS 0x0000000082e00000, 0x0000000082d00000| Untracked 
|  36|0x0000000082e00000, 0x0000000082f00000, 0x0000000082f00000|100%| O|  |TAMS 0x0000000082f00000, 0x0000000082e00000| Untracked 
|  37|0x0000000082f00000, 0x0000000083000000, 0x0000000083000000|100%| O|  |TAMS 0x0000000083000000, 0x0000000082f00000| Untracked 
|  38|0x0000000083000000, 0x0000000083100000, 0x0000000083100000|100%| O|  |TAMS 0x0000000083100000, 0x0000000083000000| Untracked 
|  39|0x0000000083100000, 0x0000000083200000, 0x0000000083200000|100%| O|  |TAMS 0x0000000083200000, 0x0000000083100000| Untracked 
|  40|0x0000000083200000, 0x0000000083300000, 0x0000000083300000|100%| O|  |TAMS 0x0000000083300000, 0x0000000083200000| Untracked 
|  41|0x0000000083300000, 0x0000000083400000, 0x0000000083400000|100%| O|  |TAMS 0x0000000083400000, 0x0000000083300000| Untracked 
|  42|0x0000000083400000, 0x0000000083500000, 0x0000000083500000|100%| O|  |TAMS 0x0000000083500000, 0x0000000083400000| Untracked 
|  43|0x0000000083500000, 0x0000000083600000, 0x0000000083600000|100%| O|  |TAMS 0x0000000083600000, 0x0000000083500000| Untracked 
|  44|0x0000000083600000, 0x0000000083700000, 0x0000000083700000|100%| O|  |TAMS 0x0000000083700000, 0x0000000083600000| Untracked 
|  45|0x0000000083700000, 0x0000000083800000, 0x0000000083800000|100%| O|  |TAMS 0x0000000083800000, 0x0000000083700000| Untracked 
|  46|0x0000000083800000, 0x0000000083900000, 0x0000000083900000|100%| O|  |TAMS 0x0000000083900000, 0x0000000083800000| Untracked 
|  47|0x0000000083900000, 0x0000000083a00000, 0x0000000083a00000|100%| O|  |TAMS 0x0000000083a00000, 0x0000000083900000| Untracked 
|  48|0x0000000083a00000, 0x0000000083b00000, 0x0000000083b00000|100%| O|  |TAMS 0x0000000083b00000, 0x0000000083a00000| Untracked 
|  49|0x0000000083b00000, 0x0000000083c00000, 0x0000000083c00000|100%| O|  |TAMS 0x0000000083c00000, 0x0000000083b00000| Untracked 
|  50|0x0000000083c00000, 0x0000000083d00000, 0x0000000083d00000|100%| O|  |TAMS 0x0000000083d00000, 0x0000000083c00000| Untracked 
|  51|0x0000000083d00000, 0x0000000083e00000, 0x0000000083e00000|100%| O|  |TAMS 0x0000000083e00000, 0x0000000083d00000| Untracked 
|  52|0x0000000083e00000, 0x0000000083f00000, 0x0000000083f00000|100%| O|  |TAMS 0x0000000083f00000, 0x0000000083e00000| Untracked 
|  53|0x0000000083f00000, 0x0000000084000000, 0x0000000084000000|100%| O|  |TAMS 0x0000000084000000, 0x0000000083f00000| Untracked 
|  54|0x0000000084000000, 0x0000000084100000, 0x0000000084100000|100%| O|  |TAMS 0x0000000084100000, 0x0000000084000000| Untracked 
|  55|0x0000000084100000, 0x0000000084200000, 0x0000000084200000|100%| O|  |TAMS 0x0000000084200000, 0x0000000084100000| Untracked 
|  56|0x0000000084200000, 0x0000000084300000, 0x0000000084300000|100%| O|  |TAMS 0x0000000084300000, 0x0000000084200000| Untracked 
|  57|0x0000000084300000, 0x0000000084400000, 0x0000000084400000|100%|HS|  |TAMS 0x0000000084400000, 0x0000000084300000| Complete 
|  58|0x0000000084400000, 0x0000000084500000, 0x0000000084500000|100%|HC|  |TAMS 0x0000000084500000, 0x0000000084400000| Complete 
|  59|0x0000000084500000, 0x0000000084600000, 0x0000000084600000|100%| O|  |TAMS 0x0000000084600000, 0x0000000084500000| Untracked 
|  60|0x0000000084600000, 0x0000000084700000, 0x0000000084700000|100%| O|  |TAMS 0x0000000084700000, 0x0000000084600000| Untracked 
|  61|0x0000000084700000, 0x0000000084800000, 0x0000000084800000|100%| O|  |TAMS 0x0000000084800000, 0x0000000084700000| Untracked 
|  62|0x0000000084800000, 0x0000000084900000, 0x0000000084900000|100%| O|  |TAMS 0x0000000084900000, 0x0000000084800000| Untracked 
|  63|0x0000000084900000, 0x0000000084a00000, 0x0000000084a00000|100%| O|  |TAMS 0x0000000084a00000, 0x0000000084900000| Untracked 
|  64|0x0000000084a00000, 0x0000000084b00000, 0x0000000084b00000|100%| O|  |TAMS 0x0000000084b00000, 0x0000000084a00000| Untracked 
|  65|0x0000000084b00000, 0x0000000084c00000, 0x0000000084c00000|100%| O|  |TAMS 0x0000000084c00000, 0x0000000084b00000| Untracked 
|  66|0x0000000084c00000, 0x0000000084d00000, 0x0000000084d00000|100%| O|  |TAMS 0x0000000084c00000, 0x0000000084c00000| Untracked 
|  67|0x0000000084d00000, 0x0000000084e00000, 0x0000000084e00000|100%| O|  |TAMS 0x0000000084e00000, 0x0000000084d00000| Untracked 
|  68|0x0000000084e00000, 0x0000000084f00000, 0x0000000084f00000|100%| O|  |TAMS 0x0000000084f00000, 0x0000000084e00000| Untracked 
|  69|0x0000000084f00000, 0x0000000085000000, 0x0000000085000000|100%| O|  |TAMS 0x0000000085000000, 0x0000000084f00000| Untracked 
|  70|0x0000000085000000, 0x0000000085100000, 0x0000000085100000|100%| O|  |TAMS 0x0000000085100000, 0x0000000085000000| Untracked 
|  71|0x0000000085100000, 0x0000000085200000, 0x0000000085200000|100%| O|  |TAMS 0x0000000085200000, 0x0000000085100000| Untracked 
|  72|0x0000000085200000, 0x0000000085300000, 0x0000000085300000|100%| O|  |TAMS 0x000000008527ce00, 0x0000000085200000| Untracked 
|  73|0x0000000085300000, 0x0000000085400000, 0x0000000085400000|100%| O|  |TAMS 0x0000000085300000, 0x0000000085300000| Untracked 
|  74|0x0000000085400000, 0x0000000085500000, 0x0000000085500000|100%| O|  |TAMS 0x0000000085400000, 0x0000000085400000| Untracked 
|  75|0x0000000085500000, 0x0000000085600000, 0x0000000085600000|100%| O|  |TAMS 0x0000000085500000, 0x0000000085500000| Untracked 
|  76|0x0000000085600000, 0x0000000085700000, 0x0000000085700000|100%| O|  |TAMS 0x0000000085600000, 0x0000000085600000| Untracked 
|  77|0x0000000085700000, 0x0000000085800000, 0x0000000085800000|100%| O|  |TAMS 0x0000000085700000, 0x0000000085700000| Untracked 
|  78|0x0000000085800000, 0x0000000085900000, 0x0000000085900000|100%| O|  |TAMS 0x0000000085800000, 0x0000000085800000| Untracked 
|  79|0x0000000085900000, 0x0000000085a00000, 0x0000000085a00000|100%| O|  |TAMS 0x0000000085900000, 0x0000000085900000| Untracked 
|  80|0x0000000085a00000, 0x0000000085b00000, 0x0000000085b00000|100%| O|  |TAMS 0x0000000085a00000, 0x0000000085a00000| Untracked 
|  81|0x0000000085b00000, 0x0000000085c00000, 0x0000000085c00000|100%| O|  |TAMS 0x0000000085b00000, 0x0000000085b00000| Untracked 
|  82|0x0000000085c00000, 0x0000000085d00000, 0x0000000085d00000|100%| O|  |TAMS 0x0000000085c00000, 0x0000000085c00000| Untracked 
|  83|0x0000000085d00000, 0x0000000085e00000, 0x0000000085e00000|100%| O|  |TAMS 0x0000000085d00000, 0x0000000085d00000| Untracked 
|  84|0x0000000085e00000, 0x0000000085f00000, 0x0000000085f00000|100%| O|  |TAMS 0x0000000085e00000, 0x0000000085e00000| Untracked 
|  85|0x0000000085f00000, 0x0000000085f00000, 0x0000000086000000|  0%| F|  |TAMS 0x0000000085f00000, 0x0000000085f00000| Untracked 
|  86|0x0000000086000000, 0x0000000086000000, 0x0000000086100000|  0%| F|  |TAMS 0x0000000086000000, 0x0000000086000000| Untracked 
|  87|0x0000000086100000, 0x0000000086100000, 0x0000000086200000|  0%| F|  |TAMS 0x0000000086100000, 0x0000000086100000| Untracked 
|  88|0x0000000086200000, 0x0000000086200000, 0x0000000086300000|  0%| F|  |TAMS 0x0000000086200000, 0x0000000086200000| Untracked 
|  89|0x0000000086300000, 0x0000000086300000, 0x0000000086400000|  0%| F|  |TAMS 0x0000000086300000, 0x0000000086300000| Untracked 
|  90|0x0000000086400000, 0x0000000086400000, 0x0000000086500000|  0%| F|  |TAMS 0x0000000086400000, 0x0000000086400000| Untracked 
|  91|0x0000000086500000, 0x0000000086500000, 0x0000000086600000|  0%| F|  |TAMS 0x0000000086500000, 0x0000000086500000| Untracked 
|  92|0x0000000086600000, 0x0000000086600000, 0x0000000086700000|  0%| F|  |TAMS 0x0000000086600000, 0x0000000086600000| Untracked 
|  93|0x0000000086700000, 0x0000000086700000, 0x0000000086800000|  0%| F|  |TAMS 0x0000000086700000, 0x0000000086700000| Untracked 
|  94|0x0000000086800000, 0x0000000086800000, 0x0000000086900000|  0%| F|  |TAMS 0x0000000086800000, 0x0000000086800000| Untracked 
|  95|0x0000000086900000, 0x0000000086900000, 0x0000000086a00000|  0%| F|  |TAMS 0x0000000086900000, 0x0000000086900000| Untracked 
|  96|0x0000000086a00000, 0x0000000086a00000, 0x0000000086b00000|  0%| F|  |TAMS 0x0000000086a00000, 0x0000000086a00000| Untracked 
|  97|0x0000000086b00000, 0x0000000086b00000, 0x0000000086c00000|  0%| F|  |TAMS 0x0000000086b00000, 0x0000000086b00000| Untracked 
|  98|0x0000000086c00000, 0x0000000086c00000, 0x0000000086d00000|  0%| F|  |TAMS 0x0000000086c00000, 0x0000000086c00000| Untracked 
|  99|0x0000000086d00000, 0x0000000086d00000, 0x0000000086e00000|  0%| F|  |TAMS 0x0000000086d00000, 0x0000000086d00000| Untracked 
| 100|0x0000000086e00000, 0x0000000086e00000, 0x0000000086f00000|  0%| F|  |TAMS 0x0000000086e00000, 0x0000000086e00000| Untracked 
| 101|0x0000000086f00000, 0x0000000086f00000, 0x0000000087000000|  0%| F|  |TAMS 0x0000000086f00000, 0x0000000086f00000| Untracked 
| 102|0x0000000087000000, 0x0000000087000000, 0x0000000087100000|  0%| F|  |TAMS 0x0000000087000000, 0x0000000087000000| Untracked 
| 103|0x0000000087100000, 0x0000000087100000, 0x0000000087200000|  0%| F|  |TAMS 0x0000000087100000, 0x0000000087100000| Untracked 
| 104|0x0000000087200000, 0x0000000087200000, 0x0000000087300000|  0%| F|  |TAMS 0x0000000087200000, 0x0000000087200000| Untracked 
| 105|0x0000000087300000, 0x0000000087400000, 0x0000000087400000|100%| S|CS|TAMS 0x0000000087300000, 0x0000000087300000| Complete 
| 106|0x0000000087400000, 0x0000000087500000, 0x0000000087500000|100%| S|CS|TAMS 0x0000000087400000, 0x0000000087400000| Complete 
| 107|0x0000000087500000, 0x0000000087600000, 0x0000000087600000|100%| S|CS|TAMS 0x0000000087500000, 0x0000000087500000| Complete 
| 108|0x0000000087600000, 0x0000000087700000, 0x0000000087700000|100%| S|CS|TAMS 0x0000000087600000, 0x0000000087600000| Complete 
| 109|0x0000000087700000, 0x0000000087800000, 0x0000000087800000|100%| S|CS|TAMS 0x0000000087700000, 0x0000000087700000| Complete 
| 110|0x0000000087800000, 0x0000000087800000, 0x0000000087900000|  0%| F|  |TAMS 0x0000000087800000, 0x0000000087800000| Untracked 
| 111|0x0000000087900000, 0x0000000087900000, 0x0000000087a00000|  0%| F|  |TAMS 0x0000000087900000, 0x0000000087900000| Untracked 
| 112|0x0000000087a00000, 0x0000000087a00000, 0x0000000087b00000|  0%| F|  |TAMS 0x0000000087a00000, 0x0000000087a00000| Untracked 
| 113|0x0000000087b00000, 0x0000000087b00000, 0x0000000087c00000|  0%| F|  |TAMS 0x0000000087b00000, 0x0000000087b00000| Untracked 
| 114|0x0000000087c00000, 0x0000000087c00000, 0x0000000087d00000|  0%| F|  |TAMS 0x0000000087c00000, 0x0000000087c00000| Untracked 
| 115|0x0000000087d00000, 0x0000000087d00000, 0x0000000087e00000|  0%| F|  |TAMS 0x0000000087d00000, 0x0000000087d00000| Untracked 
| 116|0x0000000087e00000, 0x0000000087e00000, 0x0000000087f00000|  0%| F|  |TAMS 0x0000000087e00000, 0x0000000087e00000| Untracked 
| 117|0x0000000087f00000, 0x0000000087f00000, 0x0000000088000000|  0%| F|  |TAMS 0x0000000087f00000, 0x0000000087f00000| Untracked 
| 118|0x0000000088000000, 0x0000000088000000, 0x0000000088100000|  0%| F|  |TAMS 0x0000000088000000, 0x0000000088000000| Untracked 
| 119|0x0000000088100000, 0x0000000088100000, 0x0000000088200000|  0%| F|  |TAMS 0x0000000088100000, 0x0000000088100000| Untracked 
| 120|0x0000000088200000, 0x0000000088200000, 0x0000000088300000|  0%| F|  |TAMS 0x0000000088200000, 0x0000000088200000| Untracked 
| 121|0x0000000088300000, 0x0000000088300000, 0x0000000088400000|  0%| F|  |TAMS 0x0000000088300000, 0x0000000088300000| Untracked 
| 122|0x0000000088400000, 0x0000000088400000, 0x0000000088500000|  0%| F|  |TAMS 0x0000000088400000, 0x0000000088400000| Untracked 
| 123|0x0000000088500000, 0x0000000088500000, 0x0000000088600000|  0%| F|  |TAMS 0x0000000088500000, 0x0000000088500000| Untracked 
| 124|0x0000000088600000, 0x0000000088600000, 0x0000000088700000|  0%| F|  |TAMS 0x0000000088600000, 0x0000000088600000| Untracked 
| 125|0x0000000088700000, 0x0000000088700000, 0x0000000088800000|  0%| F|  |TAMS 0x0000000088700000, 0x0000000088700000| Untracked 
| 126|0x0000000088800000, 0x0000000088800000, 0x0000000088900000|  0%| F|  |TAMS 0x0000000088800000, 0x0000000088800000| Untracked 
| 127|0x0000000088900000, 0x0000000088900000, 0x0000000088a00000|  0%| F|  |TAMS 0x0000000088900000, 0x0000000088900000| Untracked 
| 128|0x0000000088a00000, 0x0000000088a00000, 0x0000000088b00000|  0%| F|  |TAMS 0x0000000088a00000, 0x0000000088a00000| Untracked 
| 129|0x0000000088b00000, 0x0000000088b00000, 0x0000000088c00000|  0%| F|  |TAMS 0x0000000088b00000, 0x0000000088b00000| Untracked 
| 130|0x0000000088c00000, 0x0000000088c00000, 0x0000000088d00000|  0%| F|  |TAMS 0x0000000088c00000, 0x0000000088c00000| Untracked 
| 131|0x0000000088d00000, 0x0000000088d00000, 0x0000000088e00000|  0%| F|  |TAMS 0x0000000088d00000, 0x0000000088d00000| Untracked 
| 132|0x0000000088e00000, 0x0000000088e00000, 0x0000000088f00000|  0%| F|  |TAMS 0x0000000088e00000, 0x0000000088e00000| Untracked 
| 133|0x0000000088f00000, 0x0000000088f00000, 0x0000000089000000|  0%| F|  |TAMS 0x0000000088f00000, 0x0000000088f00000| Untracked 
| 134|0x0000000089000000, 0x0000000089000000, 0x0000000089100000|  0%| F|  |TAMS 0x0000000089000000, 0x0000000089000000| Untracked 
| 135|0x0000000089100000, 0x0000000089100000, 0x0000000089200000|  0%| F|  |TAMS 0x0000000089100000, 0x0000000089100000| Untracked 
| 136|0x0000000089200000, 0x0000000089200000, 0x0000000089300000|  0%| F|  |TAMS 0x0000000089200000, 0x0000000089200000| Untracked 
| 137|0x0000000089300000, 0x0000000089300000, 0x0000000089400000|  0%| F|  |TAMS 0x0000000089300000, 0x0000000089300000| Untracked 
| 138|0x0000000089400000, 0x0000000089400000, 0x0000000089500000|  0%| F|  |TAMS 0x0000000089400000, 0x0000000089400000| Untracked 
| 139|0x0000000089500000, 0x0000000089500000, 0x0000000089600000|  0%| F|  |TAMS 0x0000000089500000, 0x0000000089500000| Untracked 
| 140|0x0000000089600000, 0x0000000089600000, 0x0000000089700000|  0%| F|  |TAMS 0x0000000089600000, 0x0000000089600000| Untracked 
| 141|0x0000000089700000, 0x0000000089700000, 0x0000000089800000|  0%| F|  |TAMS 0x0000000089700000, 0x0000000089700000| Untracked 
| 142|0x0000000089800000, 0x0000000089800000, 0x0000000089900000|  0%| F|  |TAMS 0x0000000089800000, 0x0000000089800000| Untracked 
| 143|0x0000000089900000, 0x0000000089900000, 0x0000000089a00000|  0%| F|  |TAMS 0x0000000089900000, 0x0000000089900000| Untracked 
| 144|0x0000000089a00000, 0x0000000089a00000, 0x0000000089b00000|  0%| F|  |TAMS 0x0000000089a00000, 0x0000000089a00000| Untracked 
| 145|0x0000000089b00000, 0x0000000089b00000, 0x0000000089c00000|  0%| F|  |TAMS 0x0000000089b00000, 0x0000000089b00000| Untracked 
| 146|0x0000000089c00000, 0x0000000089c00000, 0x0000000089d00000|  0%| F|  |TAMS 0x0000000089c00000, 0x0000000089c00000| Untracked 
| 147|0x0000000089d00000, 0x0000000089e00000, 0x0000000089e00000|100%| E|  |TAMS 0x0000000089d00000, 0x0000000089d00000| Complete 
| 148|0x0000000089e00000, 0x0000000089f00000, 0x0000000089f00000|100%| E|CS|TAMS 0x0000000089e00000, 0x0000000089e00000| Complete 
| 149|0x0000000089f00000, 0x000000008a000000, 0x000000008a000000|100%| E|CS|TAMS 0x0000000089f00000, 0x0000000089f00000| Complete 
| 150|0x000000008a000000, 0x000000008a100000, 0x000000008a100000|100%| E|CS|TAMS 0x000000008a000000, 0x000000008a000000| Complete 
| 151|0x000000008a100000, 0x000000008a200000, 0x000000008a200000|100%| E|CS|TAMS 0x000000008a100000, 0x000000008a100000| Complete 
| 152|0x000000008a200000, 0x000000008a300000, 0x000000008a300000|100%| E|CS|TAMS 0x000000008a200000, 0x000000008a200000| Complete 
| 153|0x000000008a300000, 0x000000008a400000, 0x000000008a400000|100%| E|CS|TAMS 0x000000008a300000, 0x000000008a300000| Complete 
| 154|0x000000008a400000, 0x000000008a500000, 0x000000008a500000|100%| E|CS|TAMS 0x000000008a400000, 0x000000008a400000| Complete 
| 155|0x000000008a500000, 0x000000008a600000, 0x000000008a600000|100%| E|CS|TAMS 0x000000008a500000, 0x000000008a500000| Complete 
| 156|0x000000008a600000, 0x000000008a700000, 0x000000008a700000|100%| E|CS|TAMS 0x000000008a600000, 0x000000008a600000| Complete 
| 157|0x000000008a700000, 0x000000008a800000, 0x000000008a800000|100%| E|CS|TAMS 0x000000008a700000, 0x000000008a700000| Complete 
| 158|0x000000008a800000, 0x000000008a900000, 0x000000008a900000|100%| E|CS|TAMS 0x000000008a800000, 0x000000008a800000| Complete 
| 159|0x000000008a900000, 0x000000008aa00000, 0x000000008aa00000|100%| E|CS|TAMS 0x000000008a900000, 0x000000008a900000| Complete 
| 160|0x000000008aa00000, 0x000000008ab00000, 0x000000008ab00000|100%| E|CS|TAMS 0x000000008aa00000, 0x000000008aa00000| Complete 
| 161|0x000000008ab00000, 0x000000008ac00000, 0x000000008ac00000|100%| E|CS|TAMS 0x000000008ab00000, 0x000000008ab00000| Complete 
| 162|0x000000008ac00000, 0x000000008ad00000, 0x000000008ad00000|100%| E|CS|TAMS 0x000000008ac00000, 0x000000008ac00000| Complete 
| 163|0x000000008ad00000, 0x000000008ae00000, 0x000000008ae00000|100%| E|CS|TAMS 0x000000008ad00000, 0x000000008ad00000| Complete 
| 164|0x000000008ae00000, 0x000000008af00000, 0x000000008af00000|100%| E|CS|TAMS 0x000000008ae00000, 0x000000008ae00000| Complete 
| 165|0x000000008af00000, 0x000000008b000000, 0x000000008b000000|100%| E|CS|TAMS 0x000000008af00000, 0x000000008af00000| Complete 
|2036|0x00000000ffe00000, 0x00000000fff00000, 0x00000000fff00000|100%| O|  |TAMS 0x00000000fff00000, 0x00000000ffe00000| Untracked 
|2037|0x00000000fff00000, 0x0000000100000000, 0x0000000100000000|100%| O|  |TAMS 0x0000000100000000, 0x00000000fff00000| Untracked 

Card table byte_map: [0x000001fab4d30000,0x000001fab5130000] _byte_map_base: 0x000001fab492b000

Marking Bits (Prev, Next): (CMBitMap*) 0x000001faa24a97c0, (CMBitMap*) 0x000001faa24a9800
 Prev Bits: [0x000001fab5530000, 0x000001fab7508000)
 Next Bits: [0x000001fab7510000, 0x000001fab94e8000)

Polling page: 0x000001faa0310000

Metaspace:

Usage:
  Non-class:     69.73 MB used.
      Class:      8.57 MB used.
       Both:     78.29 MB used.

Virtual space:
  Non-class space:      128.00 MB reserved,      69.88 MB ( 55%) committed,  2 nodes.
      Class space:        1.00 GB reserved,       8.75 MB ( <1%) committed,  1 nodes.
             Both:        1.12 GB reserved,      78.62 MB (  7%) committed. 

Chunk freelists:
   Non-Class:  9.88 MB
       Class:  7.27 MB
        Both:  17.14 MB

MaxMetaspaceSize: unlimited
CompressedClassSpaceSize: 1.00 GB
Initial GC threshold: 21.00 MB
Current GC threshold: 109.06 MB
CDS: off
MetaspaceReclaimPolicy: balanced
 - commit_granule_bytes: 65536.
 - commit_granule_words: 8192.
 - virtual_space_node_default_size: 8388608.
 - enlarge_chunks_in_place: 1.
 - new_chunks_are_fully_committed: 0.
 - uncommit_free_chunks: 1.
 - use_allocation_guard: 0.
 - handle_deallocations: 1.


Internal statistics:

num_allocs_failed_limit: 9.
num_arena_births: 492.
num_arena_deaths: 0.
num_vsnodes_births: 3.
num_vsnodes_deaths: 0.
num_space_committed: 1256.
num_space_uncommitted: 0.
num_chunks_returned_to_freelist: 9.
num_chunks_taken_from_freelist: 3186.
num_chunk_merges: 9.
num_chunk_splits: 2511.
num_chunks_enlarged: 2120.
num_inconsistent_stats: 0.

CodeHeap 'non-profiled nmethods': size=120000Kb used=8616Kb max_used=8616Kb free=111383Kb
 bounds [0x000001faad400000, 0x000001faadc70000, 0x000001fab4930000]
CodeHeap 'profiled nmethods': size=120000Kb used=39787Kb max_used=39787Kb free=80212Kb
 bounds [0x000001faa5930000, 0x000001faa8020000, 0x000001faace60000]
CodeHeap 'non-nmethods': size=5760Kb used=1393Kb max_used=1437Kb free=4367Kb
 bounds [0x000001faace60000, 0x000001faad0d0000, 0x000001faad400000]
 total_blobs=14191 nmethods=13472 adapters=627
 compilation: enabled
              stopped_count=0, restarted_count=0
 full_count=0

Compilation events (20 events):
Event: 31.241 Thread 0x000001fac002bbb0 17033       3       org.jetbrains.kotlin.ir.interpreter.stack.CallStack::pushInstruction (16 bytes)
Event: 31.241 Thread 0x000001fac002bbb0 nmethod 17033 0x000001faa7fbdd90 code [0x000001faa7fbe100, 0x000001faa7fbf3c8]
Event: 31.241 Thread 0x000001fac002bbb0 17041       1       org.jetbrains.kotlin.ir.interpreter.CompoundInstruction::getElement (5 bytes)
Event: 31.242 Thread 0x000001fac002bbb0 nmethod 17041 0x000001faadc69010 code [0x000001faadc691a0, 0x000001faadc69278]
Event: 31.242 Thread 0x000001fac002bbb0 17042       3       org.jetbrains.kotlin.ir.interpreter.checker.IrCompileTimeChecker$visitCall$1::invoke (5 bytes)
Event: 31.242 Thread 0x000001fac002bbb0 nmethod 17042 0x000001faa7fbfa90 code [0x000001faa7fbfc20, 0x000001faa7fbfd68]
Event: 31.242 Thread 0x000001fac002bbb0 17043       3       org.jetbrains.kotlin.ir.interpreter.checker.IrCompileTimeChecker$visitCall$1::invoke (155 bytes)
Event: 31.242 Thread 0x000001fac002bbb0 nmethod 17043 0x000001faa7fbfe10 code [0x000001faa7fc00a0, 0x000001faa7fc0c78]
Event: 31.242 Thread 0x000001fac002bbb0 17044       3       org.jetbrains.kotlin.ir.interpreter.UtilsKt::isAccessToNotNullableObject (108 bytes)
Event: 31.243 Thread 0x000001fac002bbb0 nmethod 17044 0x000001faa7fc1090 code [0x000001faa7fc13e0, 0x000001faa7fc2878]
Event: 31.243 Thread 0x000001fac002bbb0 17045       3       org.jetbrains.kotlin.ir.interpreter.checker.IrCompileTimeChecker::access$visitValueArguments (7 bytes)
Event: 31.243 Thread 0x000001fac002bbb0 nmethod 17045 0x000001faa7fc2e10 code [0x000001faa7fc2fa0, 0x000001faa7fc30c8]
Event: 31.243 Thread 0x000001fac002bbb0 17046       1       org.jetbrains.kotlin.ir.declarations.impl.IrPropertyImpl::isFakeOverride (5 bytes)
Event: 31.244 Thread 0x000001fac002bbb0 nmethod 17046 0x000001faadc69310 code [0x000001faadc694a0, 0x000001faadc69578]
Event: 31.244 Thread 0x000001fac002bbb0 17047       3       org.jetbrains.kotlin.ir.util.IrFakeOverrideUtilsKt$resolveFakeOverride$1::invoke (9 bytes)
Event: 31.245 Thread 0x000001fac002bbb0 nmethod 17047 0x000001faa7fc3190 code [0x000001faa7fc33c0, 0x000001faa7fc3b18]
Event: 31.245 Thread 0x000001fac002bbb0 17048       3       org.jetbrains.kotlin.ir.util.IrFakeOverrideUtilsKt::resolveFakeOverride (74 bytes)
Event: 31.246 Thread 0x000001fac002bbb0 nmethod 17048 0x000001faa7fc3d90 code [0x000001faa7fc40e0, 0x000001faa7fc52c8]
Event: 31.246 Thread 0x000001fac002bbb0 17049       3       org.jetbrains.kotlin.ir.interpreter.checker.IrCompileTimeChecker::saveContext (33 bytes)
Event: 31.246 Thread 0x000001fac002bbb0 nmethod 17049 0x000001faa7fc5990 code [0x000001faa7fc5b40, 0x000001faa7fc5de8]

GC Heap History (20 events):
Event: 21.860 GC heap before
{Heap before GC invocations=25 (full 0):
 garbage-first heap   total 133120K, used 107153K [0x0000000080a00000, 0x0000000100000000)
  region size 1024K, 45 young (46080K), 5 survivors (5120K)
 Metaspace       used 65099K, committed 65344K, reserved 1114112K
  class space    used 7326K, committed 7424K, reserved 1048576K
}
Event: 21.871 GC heap after
{Heap after GC invocations=26 (full 0):
 garbage-first heap   total 133120K, used 70254K [0x0000000080a00000, 0x0000000100000000)
  region size 1024K, 4 young (4096K), 4 survivors (4096K)
 Metaspace       used 65099K, committed 65344K, reserved 1114112K
  class space    used 7326K, committed 7424K, reserved 1048576K
}
Event: 23.464 GC heap before
{Heap before GC invocations=26 (full 0):
 garbage-first heap   total 133120K, used 107118K [0x0000000080a00000, 0x0000000100000000)
  region size 1024K, 40 young (40960K), 4 survivors (4096K)
 Metaspace       used 65442K, committed 65728K, reserved 1114112K
  class space    used 7346K, committed 7488K, reserved 1048576K
}
Event: 23.472 GC heap after
{Heap after GC invocations=27 (full 0):
 garbage-first heap   total 133120K, used 72621K [0x0000000080a00000, 0x0000000100000000)
  region size 1024K, 3 young (3072K), 3 survivors (3072K)
 Metaspace       used 65442K, committed 65728K, reserved 1114112K
  class space    used 7346K, committed 7488K, reserved 1048576K
}
Event: 24.595 GC heap before
{Heap before GC invocations=28 (full 0):
 garbage-first heap   total 133120K, used 108461K [0x0000000080a00000, 0x0000000100000000)
  region size 1024K, 38 young (38912K), 3 survivors (3072K)
 Metaspace       used 65734K, committed 65984K, reserved 1114112K
  class space    used 7373K, committed 7488K, reserved 1048576K
}
Event: 24.603 GC heap after
{Heap after GC invocations=29 (full 0):
 garbage-first heap   total 133120K, used 75681K [0x0000000080a00000, 0x0000000100000000)
  region size 1024K, 5 young (5120K), 5 survivors (5120K)
 Metaspace       used 65734K, committed 65984K, reserved 1114112K
  class space    used 7373K, committed 7488K, reserved 1048576K
}
Event: 24.641 GC heap before
{Heap before GC invocations=29 (full 0):
 garbage-first heap   total 133120K, used 76705K [0x0000000080a00000, 0x0000000100000000)
  region size 1024K, 6 young (6144K), 5 survivors (5120K)
 Metaspace       used 65735K, committed 65984K, reserved 1114112K
  class space    used 7373K, committed 7488K, reserved 1048576K
}
Event: 24.650 GC heap after
{Heap after GC invocations=30 (full 0):
 garbage-first heap   total 133120K, used 76102K [0x0000000080a00000, 0x0000000100000000)
  region size 1024K, 1 young (1024K), 1 survivors (1024K)
 Metaspace       used 65735K, committed 65984K, reserved 1114112K
  class space    used 7373K, committed 7488K, reserved 1048576K
}
Event: 26.198 GC heap before
{Heap before GC invocations=30 (full 0):
 garbage-first heap   total 133120K, used 109894K [0x0000000080a00000, 0x0000000100000000)
  region size 1024K, 34 young (34816K), 1 survivors (1024K)
 Metaspace       used 66661K, committed 66944K, reserved 1114112K
  class space    used 7444K, committed 7552K, reserved 1048576K
}
Event: 26.203 GC heap after
{Heap after GC invocations=31 (full 0):
 garbage-first heap   total 133120K, used 77725K [0x0000000080a00000, 0x0000000100000000)
  region size 1024K, 3 young (3072K), 3 survivors (3072K)
 Metaspace       used 66661K, committed 66944K, reserved 1114112K
  class space    used 7444K, committed 7552K, reserved 1048576K
}
Event: 27.340 GC heap before
{Heap before GC invocations=32 (full 0):
 garbage-first heap   total 143360K, used 109469K [0x0000000080a00000, 0x0000000100000000)
  region size 1024K, 34 young (34816K), 3 survivors (3072K)
 Metaspace       used 68188K, committed 68480K, reserved 1114112K
  class space    used 7596K, committed 7744K, reserved 1048576K
}
Event: 27.346 GC heap after
{Heap after GC invocations=33 (full 0):
 garbage-first heap   total 143360K, used 79117K [0x0000000080a00000, 0x0000000100000000)
  region size 1024K, 4 young (4096K), 4 survivors (4096K)
 Metaspace       used 68188K, committed 68480K, reserved 1114112K
  class space    used 7596K, committed 7744K, reserved 1048576K
}
Event: 27.418 GC heap before
{Heap before GC invocations=33 (full 0):
 garbage-first heap   total 143360K, used 81165K [0x0000000080a00000, 0x0000000100000000)
  region size 1024K, 7 young (7168K), 4 survivors (4096K)
 Metaspace       used 69060K, committed 69376K, reserved 1114112K
  class space    used 7666K, committed 7808K, reserved 1048576K
}
Event: 27.424 GC heap after
{Heap after GC invocations=34 (full 0):
 garbage-first heap   total 143360K, used 78778K [0x0000000080a00000, 0x0000000100000000)
  region size 1024K, 1 young (1024K), 1 survivors (1024K)
 Metaspace       used 69060K, committed 69376K, reserved 1114112K
  class space    used 7666K, committed 7808K, reserved 1048576K
}
Event: 28.957 GC heap before
{Heap before GC invocations=34 (full 0):
 garbage-first heap   total 143360K, used 118714K [0x0000000080a00000, 0x0000000100000000)
  region size 1024K, 40 young (40960K), 1 survivors (1024K)
 Metaspace       used 74529K, committed 74944K, reserved 1179648K
  class space    used 8197K, committed 8384K, reserved 1048576K
}
Event: 28.965 GC heap after
{Heap after GC invocations=35 (full 0):
 garbage-first heap   total 143360K, used 82401K [0x0000000080a00000, 0x0000000100000000)
  region size 1024K, 5 young (5120K), 5 survivors (5120K)
 Metaspace       used 74529K, committed 74944K, reserved 1179648K
  class space    used 8197K, committed 8384K, reserved 1048576K
}
Event: 30.107 GC heap before
{Heap before GC invocations=35 (full 0):
 garbage-first heap   total 143360K, used 118241K [0x0000000080a00000, 0x0000000100000000)
  region size 1024K, 40 young (40960K), 5 survivors (5120K)
 Metaspace       used 76297K, committed 76608K, reserved 1179648K
  class space    used 8394K, committed 8576K, reserved 1048576K
}
Event: 30.121 GC heap after
{Heap after GC invocations=36 (full 0):
 garbage-first heap   total 143360K, used 88527K [0x0000000080a00000, 0x0000000100000000)
  region size 1024K, 5 young (5120K), 5 survivors (5120K)
 Metaspace       used 76297K, committed 76608K, reserved 1179648K
  class space    used 8394K, committed 8576K, reserved 1048576K
}
Event: 30.785 GC heap before
{Heap before GC invocations=36 (full 0):
 garbage-first heap   total 143360K, used 117199K [0x0000000080a00000, 0x0000000100000000)
  region size 1024K, 33 young (33792K), 5 survivors (5120K)
 Metaspace       used 77250K, committed 77568K, reserved 1179648K
  class space    used 8464K, committed 8640K, reserved 1048576K
}
Event: 30.799 GC heap after
{Heap after GC invocations=37 (full 0):
 garbage-first heap   total 172032K, used 94167K [0x0000000080a00000, 0x0000000100000000)
  region size 1024K, 5 young (5120K), 5 survivors (5120K)
 Metaspace       used 77250K, committed 77568K, reserved 1179648K
  class space    used 8464K, committed 8640K, reserved 1048576K
}

Dll operation events (2 events):
Event: 0.006 Loaded shared library G:\AS\jbr\bin\java.dll
Event: 3.033 Loaded shared library G:\AS\jbr\bin\verify.dll

Deoptimization events (20 events):
Event: 31.177 Thread 0x000001faa244f360 Uncommon trap: trap_request=0xffffffde fr.pc=0x000001faad803f90 relative=0x0000000000000070
Event: 31.177 Thread 0x000001faa244f360 Uncommon trap: reason=class_check action=maybe_recompile pc=0x000001faad803f90 method=kotlin.collections.AbstractMutableList.size()I @ 1 c2
Event: 31.177 Thread 0x000001faa244f360 DEOPT PACKING pc=0x000001faad803f90 sp=0x000000e93fbfdc60
Event: 31.177 Thread 0x000001faa244f360 DEOPT UNPACKING pc=0x000001faaceb69a3 sp=0x000000e93fbfdbf0 mode 2
Event: 31.207 Thread 0x000001faa244f360 Uncommon trap: trap_request=0xffffff45 fr.pc=0x000001faadb8e818 relative=0x0000000000001598
Event: 31.207 Thread 0x000001faa244f360 Uncommon trap: reason=unstable_if action=reinterpret pc=0x000001faadb8e818 method=kotlin.collections.CollectionsKt___CollectionsKt.joinToString$default(Ljava/lang/Iterable;Ljava/lang/CharSequence;Ljava/lang/CharSequence;Ljava/lang/CharSequence;ILjava/lang
Event: 31.207 Thread 0x000001faa244f360 DEOPT PACKING pc=0x000001faadb8e818 sp=0x000000e93fbf9bd0
Event: 31.207 Thread 0x000001faa244f360 DEOPT UNPACKING pc=0x000001faaceb69a3 sp=0x000000e93fbf9c00 mode 2
Event: 31.232 Thread 0x000001faa244f360 Uncommon trap: trap_request=0xffffffc6 fr.pc=0x000001faad6775b8 relative=0x0000000000000fb8
Event: 31.232 Thread 0x000001faa244f360 Uncommon trap: reason=bimorphic_or_optimized_type_check action=maybe_recompile pc=0x000001faad6775b8 method=kotlin.collections.CollectionsKt___CollectionsKt.toSet(Ljava/lang/Iterable;)Ljava/util/Set; @ 71 c2
Event: 31.232 Thread 0x000001faa244f360 DEOPT PACKING pc=0x000001faad6775b8 sp=0x000000e93fbf67b0
Event: 31.232 Thread 0x000001faa244f360 DEOPT UNPACKING pc=0x000001faaceb69a3 sp=0x000000e93fbf6790 mode 2
Event: 31.232 Thread 0x000001faa244f360 Uncommon trap: trap_request=0xffffffc6 fr.pc=0x000001faad6775b8 relative=0x0000000000000fb8
Event: 31.232 Thread 0x000001faa244f360 Uncommon trap: reason=bimorphic_or_optimized_type_check action=maybe_recompile pc=0x000001faad6775b8 method=kotlin.collections.CollectionsKt___CollectionsKt.toSet(Ljava/lang/Iterable;)Ljava/util/Set; @ 71 c2
Event: 31.232 Thread 0x000001faa244f360 DEOPT PACKING pc=0x000001faad6775b8 sp=0x000000e93fbf6740
Event: 31.232 Thread 0x000001faa244f360 DEOPT UNPACKING pc=0x000001faaceb69a3 sp=0x000000e93fbf6720 mode 2
Event: 31.232 Thread 0x000001faa244f360 Uncommon trap: trap_request=0xffffffc6 fr.pc=0x000001faad6775b8 relative=0x0000000000000fb8
Event: 31.232 Thread 0x000001faa244f360 Uncommon trap: reason=bimorphic_or_optimized_type_check action=maybe_recompile pc=0x000001faad6775b8 method=kotlin.collections.CollectionsKt___CollectionsKt.toSet(Ljava/lang/Iterable;)Ljava/util/Set; @ 71 c2
Event: 31.232 Thread 0x000001faa244f360 DEOPT PACKING pc=0x000001faad6775b8 sp=0x000000e93fbf6770
Event: 31.232 Thread 0x000001faa244f360 DEOPT UNPACKING pc=0x000001faaceb69a3 sp=0x000000e93fbf6750 mode 2

Classes unloaded (0 events):
No events

Classes redefined (0 events):
No events

Internal exceptions (20 events):
Event: 8.772 Thread 0x000001faa244f360 Exception <a 'java/lang/NoSuchMethodError'{0x00000000857a2750}: 'java.lang.Object java.lang.invoke.DirectMethodHandle$Holder.newInvokeSpecial(java.lang.Object, java.lang.Object, java.lang.Object, java.lang.Object, java.lang.Object, java.lang.Object, java.lang.Object)'> (0x00000000857a2750) 
thrown [s\src\hotspot\share\interpreter\linkResolver.cpp, line 771]
Event: 8.772 Thread 0x000001faa244f360 Exception <a 'java/lang/NoSuchMethodError'{0x00000000857a75b0}: 'java.lang.Object java.lang.invoke.Invokers$Holder.linkToTargetMethod(java.lang.Object, java.lang.Object, java.lang.Object, java.lang.Object, java.lang.Object, java.lang.Object, java.lang.Object)'> (0x00000000857a75b0) 
thrown [s\src\hotspot\share\interpreter\linkResolver.cpp, line 771]
Event: 8.965 Thread 0x000001faa244f360 Exception <a 'java/lang/NoSuchMethodError'{0x0000000087255140}: 'int java.lang.invoke.DirectMethodHandle$Holder.invokeStaticInit(java.lang.Object, int)'> (0x0000000087255140) 
thrown [s\src\hotspot\share\interpreter\linkResolver.cpp, line 771]
Event: 9.363 Thread 0x000001faa244f360 Implicit null exception at 0x000001faad4aee3c to 0x000001faad4af5f4
Event: 11.828 Thread 0x000001faa244f360 Exception <a 'java/lang/NoSuchMethodError'{0x0000000085d02b50}: 'java.lang.Object java.lang.invoke.DirectMethodHandle$Holder.invokeInterface(java.lang.Object, java.lang.Object, java.lang.Object)'> (0x0000000085d02b50) 
thrown [s\src\hotspot\share\interpreter\linkResolver.cpp, line 771]
Event: 11.828 Thread 0x000001faa244f360 Exception <a 'java/lang/IncompatibleClassChangeError'{0x0000000085d06768}: Found class java.lang.Object, but interface was expected> (0x0000000085d06768) 
thrown [s\src\hotspot\share\interpreter\linkResolver.cpp, line 838]
Event: 13.702 Thread 0x000001faa244f360 Implicit null exception at 0x000001faad6c3534 to 0x000001faad6c35bd
Event: 25.955 Thread 0x000001faa244f360 Implicit null exception at 0x000001faad493bea to 0x000001faad493da8
Event: 27.242 Thread 0x000001faa244f360 Implicit null exception at 0x000001faada33933 to 0x000001faada33a8c
Event: 27.291 Thread 0x000001faa244f360 Exception <a 'java/lang/NoSuchMethodError'{0x000000008761df88}: 'java.lang.Object java.lang.invoke.DirectMethodHandle$Holder.invokeStaticInit(java.lang.Object, java.lang.Object, java.lang.Object, java.lang.Object)'> (0x000000008761df88) 
thrown [s\src\hotspot\share\interpreter\linkResolver.cpp, line 771]
Event: 27.457 Thread 0x000001faa244f360 Implicit null exception at 0x000001faad642493 to 0x000001faad6425d8
Event: 27.847 Thread 0x000001faa244f360 Exception <a 'java/lang/NoSuchMethodError'{0x000000008857fa68}: 'java.lang.Object java.lang.invoke.DirectMethodHandle$Holder.newInvokeSpecial(java.lang.Object, java.lang.Object, java.lang.Object, int, int)'> (0x000000008857fa68) 
thrown [s\src\hotspot\share\interpreter\linkResolver.cpp, line 771]
Event: 27.847 Thread 0x000001faa244f360 Exception <a 'java/lang/NoSuchMethodError'{0x00000000885838a8}: 'java.lang.Object java.lang.invoke.DirectMethodHandle$Holder.invokeSpecial(java.lang.Object, java.lang.Object, java.lang.Object, java.lang.Object, int, int)'> (0x00000000885838a8) 
thrown [s\src\hotspot\share\interpreter\linkResolver.cpp, line 771]
Event: 27.853 Thread 0x000001faa244f360 Exception <a 'java/lang/NoSuchMethodError'{0x00000000885aa4f8}: 'java.lang.Object java.lang.invoke.DirectMethodHandle$Holder.invokeSpecial(java.lang.Object, java.lang.Object, int, int, java.lang.Object, java.lang.Object, java.lang.Object, java.lang.Object, java.lang.Object)'> (0x00000000885aa4f8) 
thrown [s\src\hotspot\share\interpreter\linkResolver.cpp, line 771]
Event: 28.105 Thread 0x000001faa244f360 Exception <a 'java/lang/NoSuchMethodError'{0x0000000087e05a28}: 'java.lang.Object java.lang.invoke.DirectMethodHandle$Holder.newInvokeSpecial(java.lang.Object, java.lang.Object, int, int, java.lang.Object, java.lang.Object, java.lang.Object)'> (0x0000000087e05a28) 
thrown [s\src\hotspot\share\interpreter\linkResolver.cpp, line 771]
Event: 28.106 Thread 0x000001faa244f360 Exception <a 'java/lang/NoSuchMethodError'{0x0000000087e0a028}: 'java.lang.Object java.lang.invoke.DirectMethodHandle$Holder.invokeSpecial(java.lang.Object, java.lang.Object, java.lang.Object, int, int, java.lang.Object, java.lang.Object, java.lang.Object)'> (0x0000000087e0a028) 
thrown [s\src\hotspot\share\interpreter\linkResolver.cpp, line 771]
Event: 28.143 Thread 0x000001faa244f360 Exception <a 'java/lang/NoSuchMethodError'{0x0000000087e66410}: 'java.lang.Object java.lang.invoke.DirectMethodHandle$Holder.newInvokeSpecial(java.lang.Object, int, java.lang.Object, java.lang.Object)'> (0x0000000087e66410) 
thrown [s\src\hotspot\share\interpreter\linkResolver.cpp, line 771]
Event: 28.605 Thread 0x000001faa244f360 Exception <a 'java/lang/NoSuchMethodError'{0x000000008751ac30}: 'java.lang.Object java.lang.invoke.DirectMethodHandle$Holder.invokeStatic(java.lang.Object, java.lang.Object, java.lang.Object, int, int, java.lang.Object, java.lang.Object, java.lang.Object, java.lang.Object)'> (0x000000008751ac30) 
thrown [s\src\hotspot\share\interpreter\linkResolver.cpp, line 771]
Event: 28.606 Thread 0x000001faa244f360 Exception <a 'java/lang/NoSuchMethodError'{0x0000000087524ef8}: 'java.lang.Object java.lang.invoke.DirectMethodHandle$Holder.newInvokeSpecial(java.lang.Object, java.lang.Object, java.lang.Object, int, int, java.lang.Object)'> (0x0000000087524ef8) 
thrown [s\src\hotspot\share\interpreter\linkResolver.cpp, line 771]
Event: 28.607 Thread 0x000001faa244f360 Exception <a 'java/lang/NoSuchMethodError'{0x000000008752c898}: 'java.lang.Object java.lang.invoke.Invokers$Holder.linkToTargetMethod(java.lang.Object, java.lang.Object, int, int, java.lang.Object, java.lang.Object)'> (0x000000008752c898) 
thrown [s\src\hotspot\share\interpreter\linkResolver.cpp, line 771]

VM Operations (20 events):
Event: 30.229 Executing VM operation: HandshakeAllThreads
Event: 30.229 Executing VM operation: HandshakeAllThreads done
Event: 30.261 Executing VM operation: ICBufferFull
Event: 30.261 Executing VM operation: ICBufferFull done
Event: 30.377 Executing VM operation: ICBufferFull
Event: 30.377 Executing VM operation: ICBufferFull done
Event: 30.605 Executing VM operation: ICBufferFull
Event: 30.605 Executing VM operation: ICBufferFull done
Event: 30.785 Executing VM operation: G1CollectForAllocation
Event: 30.799 Executing VM operation: G1CollectForAllocation done
Event: 31.046 Executing VM operation: HandshakeAllThreads
Event: 31.046 Executing VM operation: HandshakeAllThreads done
Event: 31.126 Executing VM operation: HandshakeAllThreads
Event: 31.126 Executing VM operation: HandshakeAllThreads done
Event: 31.127 Executing VM operation: HandshakeAllThreads
Event: 31.127 Executing VM operation: HandshakeAllThreads done
Event: 31.132 Executing VM operation: HandshakeAllThreads
Event: 31.132 Executing VM operation: HandshakeAllThreads done
Event: 31.156 Executing VM operation: ICBufferFull
Event: 31.156 Executing VM operation: ICBufferFull done

Events (20 events):
Event: 30.103 Thread 0x000001fac0049560 flushing nmethod 0x000001faa7cc9310
Event: 30.103 Thread 0x000001fac0049560 flushing nmethod 0x000001faa7cc9910
Event: 30.103 Thread 0x000001fac0049560 flushing nmethod 0x000001faa7cd5890
Event: 30.103 Thread 0x000001fac0049560 flushing nmethod 0x000001faa7ce0b90
Event: 30.103 Thread 0x000001fac0049560 flushing nmethod 0x000001faa7d3f190
Event: 30.103 Thread 0x000001fac0049560 flushing nmethod 0x000001faa7d7d810
Event: 30.395 loading class java/lang/invoke/BoundMethodHandle$Species_LLLLLLLL
Event: 30.395 loading class java/lang/invoke/BoundMethodHandle$Species_LLLLLLLL done
Event: 30.396 loading class java/lang/invoke/BoundMethodHandle$Species_LLLLLLLLL
Event: 30.396 loading class java/lang/invoke/BoundMethodHandle$Species_LLLLLLLLL done
Event: 30.396 loading class java/lang/invoke/LambdaFormEditor$1
Event: 30.397 loading class java/lang/invoke/LambdaFormEditor$1 done
Event: 30.397 loading class java/util/TreeMap$EntrySet
Event: 30.397 loading class java/util/TreeMap$EntrySet done
Event: 30.397 loading class java/util/TreeMap$EntryIterator
Event: 30.397 loading class java/util/TreeMap$EntryIterator done
Event: 31.019 loading class java/lang/invoke/BoundMethodHandle$Species_LLLLLLLLLL
Event: 31.019 loading class java/lang/invoke/BoundMethodHandle$Species_LLLLLLLLLL done
Event: 31.020 loading class java/lang/invoke/BoundMethodHandle$Species_LLLLLLLLLLL
Event: 31.020 loading class java/lang/invoke/BoundMethodHandle$Species_LLLLLLLLLLL done


Dynamic libraries:
0x00007ff7f0ec0000 - 0x00007ff7f0eca000 	G:\AS\jbr\bin\java.exe
0x00007fffcdd30000 - 0x00007fffcdf28000 	C:\Windows\SYSTEM32\ntdll.dll
0x00007fffcd980000 - 0x00007fffcda41000 	C:\Windows\System32\KERNEL32.DLL
0x00007fffcb710000 - 0x00007fffcba0d000 	C:\Windows\System32\KERNELBASE.dll
0x00007fffcbc60000 - 0x00007fffcbd60000 	C:\Windows\System32\ucrtbase.dll
0x00007fffa4170000 - 0x00007fffa418b000 	G:\AS\jbr\bin\VCRUNTIME140.dll
0x00007fffb8660000 - 0x00007fffb8677000 	G:\AS\jbr\bin\jli.dll
0x00007fffcbe30000 - 0x00007fffcbfcd000 	C:\Windows\System32\USER32.dll
0x00007fffcb6e0000 - 0x00007fffcb702000 	C:\Windows\System32\win32u.dll
0x00007fffcd360000 - 0x00007fffcd38b000 	C:\Windows\System32\GDI32.dll
0x00007fffcb3e0000 - 0x00007fffcb4f7000 	C:\Windows\System32\gdi32full.dll
0x00007fffcba10000 - 0x00007fffcbaad000 	C:\Windows\System32\msvcp_win.dll
0x00007fffbf690000 - 0x00007fffbf92a000 	C:\Windows\WinSxS\amd64_microsoft.windows.common-controls_6595b64144ccf1df_6.0.19041.4355_none_60b8b9eb71f62e16\COMCTL32.dll
0x00007fffcc0e0000 - 0x00007fffcc17e000 	C:\Windows\System32\msvcrt.dll
0x00007fffcc030000 - 0x00007fffcc05f000 	C:\Windows\System32\IMM32.DLL
0x00007fffa9750000 - 0x00007fffa975c000 	G:\AS\jbr\bin\vcruntime140_1.dll
0x00007fffa0810000 - 0x00007fffa089d000 	G:\AS\jbr\bin\msvcp140.dll
0x00007fff87390000 - 0x00007fff88013000 	G:\AS\jbr\bin\server\jvm.dll
0x00007fffcdaf0000 - 0x00007fffcdba0000 	C:\Windows\System32\ADVAPI32.dll
0x00007fffcda50000 - 0x00007fffcdaf0000 	C:\Windows\System32\sechost.dll
0x00007fffcce90000 - 0x00007fffccfb3000 	C:\Windows\System32\RPCRT4.dll
0x00007fffcb550000 - 0x00007fffcb577000 	C:\Windows\System32\bcrypt.dll
0x00007fffcb230000 - 0x00007fffcb27b000 	C:\Windows\SYSTEM32\POWRPROF.dll
0x00007fffb9de0000 - 0x00007fffb9e07000 	C:\Windows\SYSTEM32\WINMM.dll
0x00007fffc6780000 - 0x00007fffc6789000 	C:\Windows\SYSTEM32\WSOCK32.dll
0x00007fffc4aa0000 - 0x00007fffc4aaa000 	C:\Windows\SYSTEM32\VERSION.dll
0x00007fffcdc80000 - 0x00007fffcdceb000 	C:\Windows\System32\WS2_32.dll
0x00007fffcb210000 - 0x00007fffcb222000 	C:\Windows\SYSTEM32\UMPDC.dll
0x00007fffc91a0000 - 0x00007fffc91b2000 	C:\Windows\SYSTEM32\kernel.appcore.dll
0x00007fffc4600000 - 0x00007fffc460a000 	G:\AS\jbr\bin\jimage.dll
0x00007fffb7520000 - 0x00007fffb7704000 	C:\Windows\SYSTEM32\DBGHELP.DLL
0x00007fffac610000 - 0x00007fffac644000 	C:\Windows\SYSTEM32\dbgcore.DLL
0x00007fffcbbd0000 - 0x00007fffcbc52000 	C:\Windows\System32\bcryptPrimitives.dll
0x00007fffbd4a0000 - 0x00007fffbd4c5000 	G:\AS\jbr\bin\java.dll
0x00007fffc14b0000 - 0x00007fffc14c8000 	G:\AS\jbr\bin\zip.dll
0x00007fffcc650000 - 0x00007fffccdbf000 	C:\Windows\System32\SHELL32.dll
0x00007fffc9480000 - 0x00007fffc9c1f000 	C:\Windows\SYSTEM32\windows.storage.dll
0x00007fffcd390000 - 0x00007fffcd6e3000 	C:\Windows\System32\combase.dll
0x00007fffcad30000 - 0x00007fffcad5e000 	C:\Windows\SYSTEM32\Wldp.dll
0x00007fffcbd60000 - 0x00007fffcbe2d000 	C:\Windows\System32\OLEAUT32.dll
0x00007fffccfc0000 - 0x00007fffcd06d000 	C:\Windows\System32\SHCORE.dll
0x00007fffcd810000 - 0x00007fffcd865000 	C:\Windows\System32\shlwapi.dll
0x00007fffcb310000 - 0x00007fffcb334000 	C:\Windows\SYSTEM32\profapi.dll
0x00007fffc0270000 - 0x00007fffc0289000 	G:\AS\jbr\bin\net.dll
0x00007fffc4630000 - 0x00007fffc473d000 	C:\Windows\SYSTEM32\WINHTTP.dll
0x00007fffcaa90000 - 0x00007fffcaafa000 	C:\Windows\system32\mswsock.dll
0x00007fffbb8b0000 - 0x00007fffbb8c6000 	G:\AS\jbr\bin\nio.dll
0x00007fffbb8a0000 - 0x00007fffbb8b0000 	G:\AS\jbr\bin\verify.dll

dbghelp: loaded successfully - version: 4.0.5 - missing functions: none
symbol engine: initialized successfully - sym options: 0x614 - pdb path: .;G:\AS\jbr\bin;C:\Windows\SYSTEM32;C:\Windows\WinSxS\amd64_microsoft.windows.common-controls_6595b64144ccf1df_6.0.19041.4355_none_60b8b9eb71f62e16;G:\AS\jbr\bin\server

VM Arguments:
java_command: org.jetbrains.kotlin.cli.jvm.K2JVMCompiler @G:\AndroidStudioProjects\PreperationApp\app\build\20240823_8327586748531822488.compiler.options
java_class_path (initial): G:\gradelStuff\.gradle\caches\modules-2\files-2.1\org.jetbrains.kotlin\kotlin-compiler-embeddable\1.9.0\2c8c3a7402becca891f12739b3e9fd2dc2adbd7a\kotlin-compiler-embeddable-1.9.0.jar;G:\gradelStuff\.gradle\caches\modules-2\files-2.1\org.jetbrains.kotlin\kotlin-stdlib\1.9.0\8ee15ef0c67dc83d874f412d84378d7f0eb50b63\kotlin-stdlib-1.9.0.jar;G:\gradelStuff\.gradle\caches\modules-2\files-2.1\org.jetbrains.kotlin\kotlin-script-runtime\1.9.0\4b3102cbbb7e1b58d9d1adf89563f00069ffa7d1\kotlin-script-runtime-1.9.0.jar;G:\gradelStuff\.gradle\caches\modules-2\files-2.1\org.jetbrains.kotlin\kotlin-reflect\1.6.10\1cbe9c92c12a94eea200d23c2bbaedaf3daf5132\kotlin-reflect-1.6.10.jar;G:\gradelStuff\.gradle\caches\modules-2\files-2.1\org.jetbrains.kotlin\kotlin-daemon-embeddable\1.9.0\186543f5e28cf8d9a0290fecc2cf34301c40a65c\kotlin-daemon-embeddable-1.9.0.jar;G:\gradelStuff\.gradle\caches\modules-2\files-2.1\org.jetbrains.intellij.deps\trove4j\1.0.20200330\3afb14d5f9ceb459d724e907a21145e8ff394f02\trove4j-1.0.20200330.jar;G:\gradelStuff\.gradle\caches\modules-2\files-2.1\org.jetbrains.kotlin\kotlin-stdlib-common\1.9.0\cd65c21cfd1eec4d44ef09f9f52b6d9f8a720636\kotlin-stdlib-common-1.9.0.jar;G:\gradelStuff\.gradle\caches\modules-2\files-2.1\org.jetbrains\annotations\13.0\919f0dfe192fb4e063e7dacadee7f8bb9a2672a9\annotations-13.0.jar
Launcher Type: SUN_STANDARD

[Global flags]
     intx CICompilerCount                          = 3                                         {product} {ergonomic}
     uint ConcGCThreads                            = 1                                         {product} {ergonomic}
     uint G1ConcRefinementThreads                  = 4                                         {product} {ergonomic}
   size_t G1HeapRegionSize                         = 1048576                                   {product} {ergonomic}
    uintx GCDrainStackTargetSize                   = 64                                        {product} {ergonomic}
   size_t InitialHeapSize                          = 134217728                                 {product} {ergonomic}
   size_t MarkStackSize                            = 4194304                                   {product} {ergonomic}
   size_t MaxHeapSize                              = 2136997888                                {product} {ergonomic}
   size_t MaxNewSize                               = 1281359872                                {product} {ergonomic}
   size_t MinHeapDeltaBytes                        = 1048576                                   {product} {ergonomic}
   size_t MinHeapSize                              = 8388608                                   {product} {ergonomic}
    uintx NonNMethodCodeHeapSize                   = 5832780                                {pd product} {ergonomic}
    uintx NonProfiledCodeHeapSize                  = 122912730                              {pd product} {ergonomic}
    uintx ProfiledCodeHeapSize                     = 122912730                              {pd product} {ergonomic}
    uintx ReservedCodeCacheSize                    = 251658240                              {pd product} {ergonomic}
     bool SegmentedCodeCache                       = true                                      {product} {ergonomic}
   size_t SoftMaxHeapSize                          = 2136997888                             {manageable} {ergonomic}
     bool UseCompressedClassPointers               = true                           {product lp64_product} {ergonomic}
     bool UseCompressedOops                        = true                           {product lp64_product} {ergonomic}
     bool UseG1GC                                  = true                                      {product} {ergonomic}
     bool UseLargePagesIndividualAllocation        = false                                  {pd product} {ergonomic}

Logging:
Log output configuration:
 #0: stdout all=warning uptime,level,tags
 #1: stderr all=off uptime,level,tags

Environment Variables:
JAVA_HOME=G:\java
PATH=C:\Program Files (x86)\Common Files\Oracle\Java\java8path;C:\Program Files (x86)\Common Files\Oracle\Java\javapath;"C:\Program Files (x86)\Common Files\Oracle\Java\java8path;G:\java\bin";C:\Windows\system32;C:\Windows;C:\Windows\System32\Wbem;C:\Windows\System32\WindowsPowerShell\v1.0\;C:\Windows\System32\OpenSSH\;C:\Program Files\Git\cmd;G:\java\bin;C:\Users\sohai\AppData\Local\Programs\Python\Python312\Scripts\;C:\Users\sohai\AppData\Local\Programs\Python\Python312\;C:\Users\sohai\AppData\Local\Microsoft\WindowsApps;
USERNAME=sohai
OS=Windows_NT
PROCESSOR_IDENTIFIER=Intel64 Family 6 Model 42 Stepping 7, GenuineIntel
TMP=C:\Users\sohai\AppData\Local\Temp
TEMP=C:\Users\sohai\AppData\Local\Temp



Periodic native trim disabled

JNI global refs:
JNI global refs: 9, weak refs: 7

JNI global refs memory usage: 843, weak refs: 841

Process memory usage:
Resident Set Size: 400188K (4% of 8344624K total physical memory with 675116K free physical memory)

OOME stack traces (most recent first):
Classloader memory used:
Loader jdk.internal.loader.ClassLoaders$AppClassLoader                                 : 8281K
Loader bootstrap                                                                       : 1413K
Loader java.net.URLClassLoader                                                         : 308K
Loader jdk.internal.reflect.DelegatingClassLoader                                      : 23609B


---------------  S Y S T E M  ---------------

OS:
 Windows 10 , 64 bit Build 19041 (10.0.19041.4717)
OS uptime: 2 days 2:29 hours

CPU: total 4 (initial active 4) (4 cores per cpu, 1 threads per core) family 6 model 42 stepping 7 microcode 0x2f, cx8, cmov, fxsr, mmx, sse, sse2, sse3, ssse3, sse4.1, sse4.2, popcnt, tsc, tscinvbit, avx, aes, clmul, vzeroupper, clflush
Processor Information for all 4 processors :
  Max Mhz: 3301, Current Mhz: 3301, Mhz Limit: 3301

Memory: 4k page, system-wide physical 8149M (658M free)
TotalPageFile size 12245M (AvailPageFile size 4M)
current process WorkingSet (physical memory assigned to process): 391M, peak: 391M
current process commit charge ("private bytes"): 429M, peak: 430M

vm_info: OpenJDK 64-Bit Server VM (17.0.11+0--11852314) for windows-amd64 JRE (17.0.11+0--11852314), built on May 16 2024 21:29:20 by "androidbuild" with MS VC++ 16.10 / 16.11 (VS2019)

END.
