#
# There is insufficient memory for the Java Runtime Environment to continue.
# Native memory allocation (malloc) failed to allocate 2170448 bytes. Error detail: Chunk::new
# Possible reasons:
#   The system is out of physical RAM or swap space
#   This process is running with CompressedOops enabled, and the Java Heap may be blocking the growth of the native heap
# Possible solutions:
#   Reduce memory load on the system
#   Increase physical memory or swap space
#   Check if swap backing store is full
#   Decrease Java heap size (-Xmx/-Xms)
#   Decrease number of Java threads
#   Decrease Java thread stack sizes (-Xss)
#   Set larger code cache with -XX:ReservedCodeCacheSize=
#   JVM is running with Unscaled Compressed Oops mode in which the Java heap is
#     placed in the first 4GB address space. The Java Heap base address is the
#     maximum limit for the native heap growth. Please use -XX:HeapBaseMinAddress
#     to set the Java Heap base and to place the Java Heap above 4GB virtual address.
# This output file may be truncated or incomplete.
#
#  Out of Memory Error (arena.cpp:191), pid=5388, tid=6616
#
# JRE version: OpenJDK Runtime Environment (17.0.11) (build 17.0.11+0--11852314)
# Java VM: OpenJDK 64-Bit Server VM (17.0.11+0--11852314, mixed mode, tiered, compressed oops, compressed class ptrs, g1 gc, windows-amd64)
# No core dump will be written. Minidumps are not enabled by default on client versions of Windows
#

---------------  S U M M A R Y ------------

Command Line: org.jetbrains.kotlin.cli.jvm.K2JVMCompiler @G:\AndroidStudioProjects\PreperationApp\app\build\20240820_12249899351740886692.compiler.options

Host: Intel(R) Core(TM) i5-2500 CPU @ 3.30GHz, 4 cores, 7G,  Windows 10 , 64 bit Build 19041 (10.0.19041.4717)
Time: Tue Aug 20 21:19:14 2024 Pakistan Standard Time elapsed time: 26.282000 seconds (0d 0h 0m 26s)

---------------  T H R E A D  ---------------

Current thread (0x000001c7419f8e80):  JavaThread "C2 CompilerThread0" daemon [_thread_in_native, id=6616, stack(0x0000000818600000,0x0000000818700000)]


Current CompileTask:
C2:  26291 20837       4       org.jetbrains.kotlin.codegen.optimization.temporaryVals.TemporaryValsAnalyzer::analyze (1271 bytes)

Stack: [0x0000000818600000,0x0000000818700000]
Native frames: (J=compiled Java code, j=interpreted, Vv=VM code, C=native code)
V  [jvm.dll+0x687bb9]
V  [jvm.dll+0x84142a]
V  [jvm.dll+0x8430ae]
V  [jvm.dll+0x843713]
V  [jvm.dll+0x24a35f]
V  [jvm.dll+0xac544]
V  [jvm.dll+0xacb8c]
V  [jvm.dll+0x369c37]
V  [jvm.dll+0x33416a]
V  [jvm.dll+0x33360a]
V  [jvm.dll+0x21bed1]
V  [jvm.dll+0x21b311]
V  [jvm.dll+0x1a63ed]
V  [jvm.dll+0x22b1ee]
V  [jvm.dll+0x229375]
V  [jvm.dll+0x7f5647]
V  [jvm.dll+0x7efa4a]
V  [jvm.dll+0x686a35]
C  [ucrtbase.dll+0x21bb2]
C  [KERNEL32.DLL+0x17374]
C  [ntdll.dll+0x4cc91]


---------------  P R O C E S S  ---------------

Threads class SMR info:
_java_thread_list=0x000001c748fce0c0, length=13, elements={
0x000001c7281ce310, 0x000001c74175cc20, 0x000001c74175f0f0, 0x000001c7419f2530,
0x000001c7419f30f0, 0x000001c7419f5cd0, 0x000001c7419f6e30, 0x000001c7419f8e80,
0x000001c741a11380, 0x000001c741a12840, 0x000001c741b72c00, 0x000001c741b86d90,
0x000001c748f9d330
}

Java Threads: ( => current thread )
  0x000001c7281ce310 JavaThread "main" [_thread_in_Java, id=6172, stack(0x0000000817900000,0x0000000817a00000)]
  0x000001c74175cc20 JavaThread "Reference Handler" daemon [_thread_blocked, id=8088, stack(0x0000000818000000,0x0000000818100000)]
  0x000001c74175f0f0 JavaThread "Finalizer" daemon [_thread_blocked, id=7752, stack(0x0000000818100000,0x0000000818200000)]
  0x000001c7419f2530 JavaThread "Signal Dispatcher" daemon [_thread_blocked, id=9480, stack(0x0000000818200000,0x0000000818300000)]
  0x000001c7419f30f0 JavaThread "Attach Listener" daemon [_thread_blocked, id=2840, stack(0x0000000818300000,0x0000000818400000)]
  0x000001c7419f5cd0 JavaThread "Service Thread" daemon [_thread_blocked, id=10008, stack(0x0000000818400000,0x0000000818500000)]
  0x000001c7419f6e30 JavaThread "Monitor Deflation Thread" daemon [_thread_blocked, id=2968, stack(0x0000000818500000,0x0000000818600000)]
=>0x000001c7419f8e80 JavaThread "C2 CompilerThread0" daemon [_thread_in_native, id=6616, stack(0x0000000818600000,0x0000000818700000)]
  0x000001c741a11380 JavaThread "C1 CompilerThread0" daemon [_thread_in_native, id=8684, stack(0x0000000818700000,0x0000000818800000)]
  0x000001c741a12840 JavaThread "Sweeper thread" daemon [_thread_blocked, id=3420, stack(0x0000000818800000,0x0000000818900000)]
  0x000001c741b72c00 JavaThread "Notification Thread" daemon [_thread_blocked, id=1344, stack(0x0000000818900000,0x0000000818a00000)]
  0x000001c741b86d90 JavaThread "Common-Cleaner" daemon [_thread_blocked, id=7100, stack(0x0000000818b00000,0x0000000818c00000)]
  0x000001c748f9d330 JavaThread "C2 CompilerThread1" daemon [_thread_in_native, id=10700, stack(0x0000000818c00000,0x0000000818d00000)]

Other Threads:
  0x000001c741759ff0 VMThread "VM Thread" [stack: 0x0000000817f00000,0x0000000818000000] [id=10028]
  0x000001c741b78520 WatcherThread [stack: 0x0000000818a00000,0x0000000818b00000] [id=5052]
  0x000001c728229290 GCTaskThread "GC Thread#0" [stack: 0x0000000817a00000,0x0000000817b00000] [id=4228]
  0x000001c7461ddfe0 GCTaskThread "GC Thread#1" [stack: 0x0000000818d00000,0x0000000818e00000] [id=792]
  0x000001c7461dc480 GCTaskThread "GC Thread#2" [stack: 0x0000000818e00000,0x0000000818f00000] [id=6124]
  0x000001c746214c10 GCTaskThread "GC Thread#3" [stack: 0x0000000818f00000,0x0000000819000000] [id=7776]
  0x000001c72823a0a0 ConcurrentGCThread "G1 Main Marker" [stack: 0x0000000817b00000,0x0000000817c00000] [id=10960]
  0x000001c72823b3a0 ConcurrentGCThread "G1 Conc#0" [stack: 0x0000000817c00000,0x0000000817d00000] [id=7384]
  0x000001c72828d890 ConcurrentGCThread "G1 Refine#0" [stack: 0x0000000817d00000,0x0000000817e00000] [id=7796]
  0x000001c74a1a3850 ConcurrentGCThread "G1 Refine#1" [stack: 0x0000000819000000,0x0000000819100000] [id=9032]
  0x000001c74a1a58a0 ConcurrentGCThread "G1 Refine#2" [stack: 0x0000000819100000,0x0000000819200000] [id=10076]
  0x000001c72828e2c0 ConcurrentGCThread "G1 Service" [stack: 0x0000000817e00000,0x0000000817f00000] [id=5576]

Threads with active compile tasks:
C2 CompilerThread0    26341 20837       4       org.jetbrains.kotlin.codegen.optimization.temporaryVals.TemporaryValsAnalyzer::analyze (1271 bytes)
C2 CompilerThread1    26341 20847       4       org.jetbrains.org.objectweb.asm.Frame::merge (395 bytes)

VM state: not at safepoint (normal execution)

VM Mutex/Monitor currently owned by a thread: None

Heap address: 0x0000000080a00000, size: 2038 MB, Compressed Oops mode: 32-bit

CDS archive(s) not mapped
Compressed class space mapped at: 0x0000000100000000-0x0000000140000000, reserved size: 1073741824
Narrow klass base: 0x0000000000000000, Narrow klass shift: 3, Narrow klass range: 0x140000000

GC Precious Log:
 CPUs: 4 total, 4 available
 Memory: 8149M
 Large Page Support: Disabled
 NUMA Support: Disabled
 Compressed Oops: Enabled (32-bit)
 Heap Region Size: 1M
 Heap Min Capacity: 8M
 Heap Initial Capacity: 128M
 Heap Max Capacity: 2038M
 Pre-touch: Disabled
 Parallel Workers: 4
 Concurrent Workers: 1
 Concurrent Refinement Workers: 4
 Periodic GC: Disabled

Heap:
 garbage-first heap   total 204800K, used 121855K [0x0000000080a00000, 0x0000000100000000)
  region size 1024K, 19 young (19456K), 5 survivors (5120K)
 Metaspace       used 94140K, committed 94592K, reserved 1179648K
  class space    used 9903K, committed 10112K, reserved 1048576K

Heap Regions: E=young(eden), S=young(survivor), O=old, HS=humongous(starts), HC=humongous(continues), CS=collection set, F=free, OA=open archive, CA=closed archive, TAMS=top-at-mark-start (previous, next)
|   0|0x0000000080a00000, 0x0000000080b00000, 0x0000000080b00000|100%|HS|  |TAMS 0x0000000080b00000, 0x0000000080a00000| Complete 
|   1|0x0000000080b00000, 0x0000000080c00000, 0x0000000080c00000|100%|HC|  |TAMS 0x0000000080c00000, 0x0000000080b00000| Complete 
|   2|0x0000000080c00000, 0x0000000080d00000, 0x0000000080d00000|100%|HC|  |TAMS 0x0000000080d00000, 0x0000000080c00000| Complete 
|   3|0x0000000080d00000, 0x0000000080e00000, 0x0000000080e00000|100%|HC|  |TAMS 0x0000000080e00000, 0x0000000080d00000| Complete 
|   4|0x0000000080e00000, 0x0000000080f00000, 0x0000000080f00000|100%| O|  |TAMS 0x0000000080f00000, 0x0000000080e00000| Untracked 
|   5|0x0000000080f00000, 0x0000000081000000, 0x0000000081000000|100%| O|  |TAMS 0x0000000081000000, 0x0000000080f00000| Untracked 
|   6|0x0000000081000000, 0x0000000081100000, 0x0000000081100000|100%| O|  |TAMS 0x0000000081100000, 0x0000000081000000| Untracked 
|   7|0x0000000081100000, 0x0000000081200000, 0x0000000081200000|100%| O|  |TAMS 0x0000000081200000, 0x0000000081100000| Untracked 
|   8|0x0000000081200000, 0x0000000081300000, 0x0000000081300000|100%| O|  |TAMS 0x0000000081300000, 0x0000000081200000| Untracked 
|   9|0x0000000081300000, 0x0000000081400000, 0x0000000081400000|100%| O|  |TAMS 0x0000000081400000, 0x0000000081300000| Untracked 
|  10|0x0000000081400000, 0x0000000081500000, 0x0000000081500000|100%| O|  |TAMS 0x0000000081400000, 0x0000000081400000| Untracked 
|  11|0x0000000081500000, 0x0000000081600000, 0x0000000081600000|100%| O|  |TAMS 0x0000000081600000, 0x0000000081500000| Untracked 
|  12|0x0000000081600000, 0x0000000081700000, 0x0000000081700000|100%| O|  |TAMS 0x0000000081700000, 0x0000000081600000| Untracked 
|  13|0x0000000081700000, 0x0000000081800000, 0x0000000081800000|100%| O|  |TAMS 0x0000000081800000, 0x0000000081700000| Untracked 
|  14|0x0000000081800000, 0x0000000081900000, 0x0000000081900000|100%| O|  |TAMS 0x0000000081900000, 0x0000000081800000| Untracked 
|  15|0x0000000081900000, 0x0000000081a00000, 0x0000000081a00000|100%| O|  |TAMS 0x0000000081a00000, 0x0000000081900000| Untracked 
|  16|0x0000000081a00000, 0x0000000081b00000, 0x0000000081b00000|100%| O|  |TAMS 0x0000000081b00000, 0x0000000081a00000| Untracked 
|  17|0x0000000081b00000, 0x0000000081c00000, 0x0000000081c00000|100%| O|  |TAMS 0x0000000081c00000, 0x0000000081b00000| Untracked 
|  18|0x0000000081c00000, 0x0000000081d00000, 0x0000000081d00000|100%| O|  |TAMS 0x0000000081d00000, 0x0000000081c00000| Untracked 
|  19|0x0000000081d00000, 0x0000000081e00000, 0x0000000081e00000|100%| O|  |TAMS 0x0000000081e00000, 0x0000000081d00000| Untracked 
|  20|0x0000000081e00000, 0x0000000081f00000, 0x0000000081f00000|100%| O|  |TAMS 0x0000000081f00000, 0x0000000081e00000| Untracked 
|  21|0x0000000081f00000, 0x0000000082000000, 0x0000000082000000|100%| O|  |TAMS 0x0000000082000000, 0x0000000081f00000| Untracked 
|  22|0x0000000082000000, 0x0000000082100000, 0x0000000082100000|100%| O|  |TAMS 0x0000000082100000, 0x0000000082000000| Untracked 
|  23|0x0000000082100000, 0x0000000082200000, 0x0000000082200000|100%| O|  |TAMS 0x0000000082200000, 0x0000000082100000| Untracked 
|  24|0x0000000082200000, 0x0000000082300000, 0x0000000082300000|100%| O|  |TAMS 0x0000000082300000, 0x0000000082200000| Untracked 
|  25|0x0000000082300000, 0x0000000082400000, 0x0000000082400000|100%| O|  |TAMS 0x0000000082400000, 0x0000000082300000| Untracked 
|  26|0x0000000082400000, 0x0000000082500000, 0x0000000082500000|100%|HS|  |TAMS 0x0000000082500000, 0x0000000082400000| Complete 
|  27|0x0000000082500000, 0x0000000082600000, 0x0000000082600000|100%|HC|  |TAMS 0x0000000082600000, 0x0000000082500000| Complete 
|  28|0x0000000082600000, 0x0000000082700000, 0x0000000082700000|100%| O|  |TAMS 0x0000000082700000, 0x0000000082600000| Untracked 
|  29|0x0000000082700000, 0x0000000082800000, 0x0000000082800000|100%| O|  |TAMS 0x0000000082800000, 0x0000000082700000| Untracked 
|  30|0x0000000082800000, 0x0000000082900000, 0x0000000082900000|100%| O|  |TAMS 0x0000000082900000, 0x0000000082800000| Untracked 
|  31|0x0000000082900000, 0x0000000082a00000, 0x0000000082a00000|100%| O|  |TAMS 0x0000000082a00000, 0x0000000082900000| Untracked 
|  32|0x0000000082a00000, 0x0000000082b00000, 0x0000000082b00000|100%| O|  |TAMS 0x0000000082b00000, 0x0000000082a00000| Untracked 
|  33|0x0000000082b00000, 0x0000000082c00000, 0x0000000082c00000|100%| O|  |TAMS 0x0000000082c00000, 0x0000000082b00000| Untracked 
|  34|0x0000000082c00000, 0x0000000082d00000, 0x0000000082d00000|100%| O|  |TAMS 0x0000000082d00000, 0x0000000082c00000| Untracked 
|  35|0x0000000082d00000, 0x0000000082e00000, 0x0000000082e00000|100%| O|  |TAMS 0x0000000082e00000, 0x0000000082d00000| Untracked 
|  36|0x0000000082e00000, 0x0000000082f00000, 0x0000000082f00000|100%| O|  |TAMS 0x0000000082f00000, 0x0000000082e00000| Untracked 
|  37|0x0000000082f00000, 0x0000000083000000, 0x0000000083000000|100%| O|  |TAMS 0x0000000083000000, 0x0000000082f00000| Untracked 
|  38|0x0000000083000000, 0x0000000083100000, 0x0000000083100000|100%| O|  |TAMS 0x0000000083100000, 0x0000000083000000| Untracked 
|  39|0x0000000083100000, 0x0000000083200000, 0x0000000083200000|100%| O|  |TAMS 0x0000000083200000, 0x0000000083100000| Untracked 
|  40|0x0000000083200000, 0x0000000083300000, 0x0000000083300000|100%| O|  |TAMS 0x0000000083300000, 0x0000000083200000| Untracked 
|  41|0x0000000083300000, 0x0000000083400000, 0x0000000083400000|100%| O|  |TAMS 0x0000000083400000, 0x0000000083300000| Untracked 
|  42|0x0000000083400000, 0x0000000083500000, 0x0000000083500000|100%| O|  |TAMS 0x0000000083500000, 0x0000000083400000| Untracked 
|  43|0x0000000083500000, 0x0000000083600000, 0x0000000083600000|100%| O|  |TAMS 0x0000000083600000, 0x0000000083500000| Untracked 
|  44|0x0000000083600000, 0x0000000083700000, 0x0000000083700000|100%| O|  |TAMS 0x0000000083700000, 0x0000000083600000| Untracked 
|  45|0x0000000083700000, 0x0000000083800000, 0x0000000083800000|100%| O|  |TAMS 0x0000000083800000, 0x0000000083700000| Untracked 
|  46|0x0000000083800000, 0x0000000083900000, 0x0000000083900000|100%| O|  |TAMS 0x0000000083900000, 0x0000000083800000| Untracked 
|  47|0x0000000083900000, 0x0000000083a00000, 0x0000000083a00000|100%| O|  |TAMS 0x0000000083a00000, 0x0000000083900000| Untracked 
|  48|0x0000000083a00000, 0x0000000083b00000, 0x0000000083b00000|100%| O|  |TAMS 0x0000000083b00000, 0x0000000083a00000| Untracked 
|  49|0x0000000083b00000, 0x0000000083c00000, 0x0000000083c00000|100%| O|  |TAMS 0x0000000083c00000, 0x0000000083b00000| Untracked 
|  50|0x0000000083c00000, 0x0000000083d00000, 0x0000000083d00000|100%| O|  |TAMS 0x0000000083d00000, 0x0000000083c00000| Untracked 
|  51|0x0000000083d00000, 0x0000000083e00000, 0x0000000083e00000|100%| O|  |TAMS 0x0000000083e00000, 0x0000000083d00000| Untracked 
|  52|0x0000000083e00000, 0x0000000083f00000, 0x0000000083f00000|100%| O|  |TAMS 0x0000000083f00000, 0x0000000083e00000| Untracked 
|  53|0x0000000083f00000, 0x0000000084000000, 0x0000000084000000|100%| O|  |TAMS 0x0000000084000000, 0x0000000083f00000| Untracked 
|  54|0x0000000084000000, 0x0000000084100000, 0x0000000084100000|100%| O|  |TAMS 0x0000000084000000, 0x0000000084000000| Untracked 
|  55|0x0000000084100000, 0x0000000084200000, 0x0000000084200000|100%|HS|  |TAMS 0x0000000084100000, 0x0000000084100000| Complete 
|  56|0x0000000084200000, 0x0000000084300000, 0x0000000084300000|100%|HC|  |TAMS 0x0000000084200000, 0x0000000084200000| Complete 
|  57|0x0000000084300000, 0x0000000084400000, 0x0000000084400000|100%| O|  |TAMS 0x0000000084300000, 0x0000000084300000| Untracked 
|  58|0x0000000084400000, 0x0000000084500000, 0x0000000084500000|100%| O|  |TAMS 0x0000000084400000, 0x0000000084400000| Untracked 
|  59|0x0000000084500000, 0x0000000084600000, 0x0000000084600000|100%| O|  |TAMS 0x0000000084500000, 0x0000000084500000| Untracked 
|  60|0x0000000084600000, 0x0000000084700000, 0x0000000084700000|100%| O|  |TAMS 0x0000000084600000, 0x0000000084600000| Untracked 
|  61|0x0000000084700000, 0x0000000084800000, 0x0000000084800000|100%| O|  |TAMS 0x0000000084700000, 0x0000000084700000| Untracked 
|  62|0x0000000084800000, 0x0000000084900000, 0x0000000084900000|100%| O|  |TAMS 0x0000000084800000, 0x0000000084800000| Untracked 
|  63|0x0000000084900000, 0x0000000084a00000, 0x0000000084a00000|100%| O|  |TAMS 0x0000000084900000, 0x0000000084900000| Untracked 
|  64|0x0000000084a00000, 0x0000000084b00000, 0x0000000084b00000|100%| O|  |TAMS 0x0000000084a00000, 0x0000000084a00000| Untracked 
|  65|0x0000000084b00000, 0x0000000084c00000, 0x0000000084c00000|100%| O|  |TAMS 0x0000000084b00000, 0x0000000084b00000| Untracked 
|  66|0x0000000084c00000, 0x0000000084d00000, 0x0000000084d00000|100%| O|  |TAMS 0x0000000084c00000, 0x0000000084c00000| Untracked 
|  67|0x0000000084d00000, 0x0000000084e00000, 0x0000000084e00000|100%| O|  |TAMS 0x0000000084d00000, 0x0000000084d00000| Untracked 
|  68|0x0000000084e00000, 0x0000000084f00000, 0x0000000084f00000|100%| O|  |TAMS 0x0000000084e00000, 0x0000000084e00000| Untracked 
|  69|0x0000000084f00000, 0x0000000085000000, 0x0000000085000000|100%| O|  |TAMS 0x0000000084f00000, 0x0000000084f00000| Untracked 
|  70|0x0000000085000000, 0x0000000085100000, 0x0000000085100000|100%| O|  |TAMS 0x0000000085000000, 0x0000000085000000| Untracked 
|  71|0x0000000085100000, 0x0000000085200000, 0x0000000085200000|100%| O|  |TAMS 0x0000000085100000, 0x0000000085100000| Untracked 
|  72|0x0000000085200000, 0x0000000085300000, 0x0000000085300000|100%| O|  |TAMS 0x0000000085200000, 0x0000000085200000| Untracked 
|  73|0x0000000085300000, 0x0000000085400000, 0x0000000085400000|100%| O|  |TAMS 0x0000000085300000, 0x0000000085300000| Untracked 
|  74|0x0000000085400000, 0x0000000085500000, 0x0000000085500000|100%| O|  |TAMS 0x0000000085400000, 0x0000000085400000| Untracked 
|  75|0x0000000085500000, 0x0000000085600000, 0x0000000085600000|100%| O|  |TAMS 0x0000000085500000, 0x0000000085500000| Untracked 
|  76|0x0000000085600000, 0x0000000085700000, 0x0000000085700000|100%| O|  |TAMS 0x0000000085600000, 0x0000000085600000| Untracked 
|  77|0x0000000085700000, 0x0000000085800000, 0x0000000085800000|100%| O|  |TAMS 0x0000000085700000, 0x0000000085700000| Untracked 
|  78|0x0000000085800000, 0x0000000085900000, 0x0000000085900000|100%| O|  |TAMS 0x0000000085800000, 0x0000000085800000| Untracked 
|  79|0x0000000085900000, 0x0000000085a00000, 0x0000000085a00000|100%| O|  |TAMS 0x0000000085900000, 0x0000000085900000| Untracked 
|  80|0x0000000085a00000, 0x0000000085b00000, 0x0000000085b00000|100%| O|  |TAMS 0x0000000085a00000, 0x0000000085a00000| Untracked 
|  81|0x0000000085b00000, 0x0000000085c00000, 0x0000000085c00000|100%| O|  |TAMS 0x0000000085b00000, 0x0000000085b00000| Untracked 
|  82|0x0000000085c00000, 0x0000000085d00000, 0x0000000085d00000|100%| O|  |TAMS 0x0000000085c00000, 0x0000000085c00000| Untracked 
|  83|0x0000000085d00000, 0x0000000085e00000, 0x0000000085e00000|100%| O|  |TAMS 0x0000000085d00000, 0x0000000085d00000| Untracked 
|  84|0x0000000085e00000, 0x0000000085f00000, 0x0000000085f00000|100%| O|  |TAMS 0x0000000085e00000, 0x0000000085e00000| Untracked 
|  85|0x0000000085f00000, 0x0000000086000000, 0x0000000086000000|100%| O|  |TAMS 0x0000000085f00000, 0x0000000085f00000| Untracked 
|  86|0x0000000086000000, 0x0000000086100000, 0x0000000086100000|100%| O|  |TAMS 0x0000000086000000, 0x0000000086000000| Untracked 
|  87|0x0000000086100000, 0x0000000086200000, 0x0000000086200000|100%| O|  |TAMS 0x0000000086100000, 0x0000000086100000| Untracked 
|  88|0x0000000086200000, 0x0000000086300000, 0x0000000086300000|100%| O|  |TAMS 0x0000000086200000, 0x0000000086200000| Untracked 
|  89|0x0000000086300000, 0x0000000086400000, 0x0000000086400000|100%| O|  |TAMS 0x0000000086300000, 0x0000000086300000| Untracked 
|  90|0x0000000086400000, 0x0000000086500000, 0x0000000086500000|100%| O|  |TAMS 0x0000000086400000, 0x0000000086400000| Untracked 
|  91|0x0000000086500000, 0x0000000086600000, 0x0000000086600000|100%| O|  |TAMS 0x0000000086500000, 0x0000000086500000| Untracked 
|  92|0x0000000086600000, 0x0000000086700000, 0x0000000086700000|100%| O|  |TAMS 0x0000000086600000, 0x0000000086600000| Untracked 
|  93|0x0000000086700000, 0x0000000086800000, 0x0000000086800000|100%| O|  |TAMS 0x0000000086700000, 0x0000000086700000| Untracked 
|  94|0x0000000086800000, 0x0000000086900000, 0x0000000086900000|100%| O|  |TAMS 0x0000000086800000, 0x0000000086800000| Untracked 
|  95|0x0000000086900000, 0x0000000086a00000, 0x0000000086a00000|100%| O|  |TAMS 0x0000000086900000, 0x0000000086900000| Untracked 
|  96|0x0000000086a00000, 0x0000000086b00000, 0x0000000086b00000|100%| O|  |TAMS 0x0000000086a00000, 0x0000000086a00000| Untracked 
|  97|0x0000000086b00000, 0x0000000086c00000, 0x0000000086c00000|100%| O|  |TAMS 0x0000000086b00000, 0x0000000086b00000| Untracked 
|  98|0x0000000086c00000, 0x0000000086d00000, 0x0000000086d00000|100%| O|  |TAMS 0x0000000086c00000, 0x0000000086c00000| Untracked 
|  99|0x0000000086d00000, 0x0000000086e00000, 0x0000000086e00000|100%| O|  |TAMS 0x0000000086d00000, 0x0000000086d00000| Untracked 
| 100|0x0000000086e00000, 0x0000000086effe00, 0x0000000086f00000| 99%| O|  |TAMS 0x0000000086e00000, 0x0000000086e00000| Untracked 
| 101|0x0000000086f00000, 0x0000000086f00000, 0x0000000087000000|  0%| F|  |TAMS 0x0000000086f00000, 0x0000000086f00000| Untracked 
| 102|0x0000000087000000, 0x0000000087000000, 0x0000000087100000|  0%| F|  |TAMS 0x0000000087000000, 0x0000000087000000| Untracked 
| 103|0x0000000087100000, 0x0000000087100000, 0x0000000087200000|  0%| F|  |TAMS 0x0000000087100000, 0x0000000087100000| Untracked 
| 104|0x0000000087200000, 0x0000000087200000, 0x0000000087300000|  0%| F|  |TAMS 0x0000000087200000, 0x0000000087200000| Untracked 
| 105|0x0000000087300000, 0x0000000087300000, 0x0000000087400000|  0%| F|  |TAMS 0x0000000087300000, 0x0000000087300000| Untracked 
| 106|0x0000000087400000, 0x0000000087400000, 0x0000000087500000|  0%| F|  |TAMS 0x0000000087400000, 0x0000000087400000| Untracked 
| 107|0x0000000087500000, 0x0000000087500000, 0x0000000087600000|  0%| F|  |TAMS 0x0000000087500000, 0x0000000087500000| Untracked 
| 108|0x0000000087600000, 0x0000000087600000, 0x0000000087700000|  0%| F|  |TAMS 0x0000000087600000, 0x0000000087600000| Untracked 
| 109|0x0000000087700000, 0x0000000087700000, 0x0000000087800000|  0%| F|  |TAMS 0x0000000087700000, 0x0000000087700000| Untracked 
| 110|0x0000000087800000, 0x0000000087800000, 0x0000000087900000|  0%| F|  |TAMS 0x0000000087800000, 0x0000000087800000| Untracked 
| 111|0x0000000087900000, 0x0000000087900000, 0x0000000087a00000|  0%| F|  |TAMS 0x0000000087900000, 0x0000000087900000| Untracked 
| 112|0x0000000087a00000, 0x0000000087a00000, 0x0000000087b00000|  0%| F|  |TAMS 0x0000000087a00000, 0x0000000087a00000| Untracked 
| 113|0x0000000087b00000, 0x0000000087b00000, 0x0000000087c00000|  0%| F|  |TAMS 0x0000000087b00000, 0x0000000087b00000| Untracked 
| 114|0x0000000087c00000, 0x0000000087c00000, 0x0000000087d00000|  0%| F|  |TAMS 0x0000000087c00000, 0x0000000087c00000| Untracked 
| 115|0x0000000087d00000, 0x0000000087d00000, 0x0000000087e00000|  0%| F|  |TAMS 0x0000000087d00000, 0x0000000087d00000| Untracked 
| 116|0x0000000087e00000, 0x0000000087e00000, 0x0000000087f00000|  0%| F|  |TAMS 0x0000000087e00000, 0x0000000087e00000| Untracked 
| 117|0x0000000087f00000, 0x0000000087f00000, 0x0000000088000000|  0%| F|  |TAMS 0x0000000087f00000, 0x0000000087f00000| Untracked 
| 118|0x0000000088000000, 0x0000000088000000, 0x0000000088100000|  0%| F|  |TAMS 0x0000000088000000, 0x0000000088000000| Untracked 
| 119|0x0000000088100000, 0x0000000088100000, 0x0000000088200000|  0%| F|  |TAMS 0x0000000088100000, 0x0000000088100000| Untracked 
| 120|0x0000000088200000, 0x0000000088200000, 0x0000000088300000|  0%| F|  |TAMS 0x0000000088200000, 0x0000000088200000| Untracked 
| 121|0x0000000088300000, 0x0000000088300000, 0x0000000088400000|  0%| F|  |TAMS 0x0000000088300000, 0x0000000088300000| Untracked 
| 122|0x0000000088400000, 0x0000000088400000, 0x0000000088500000|  0%| F|  |TAMS 0x0000000088400000, 0x0000000088400000| Untracked 
| 123|0x0000000088500000, 0x0000000088500000, 0x0000000088600000|  0%| F|  |TAMS 0x0000000088500000, 0x0000000088500000| Untracked 
| 124|0x0000000088600000, 0x0000000088600000, 0x0000000088700000|  0%| F|  |TAMS 0x0000000088600000, 0x0000000088600000| Untracked 
| 125|0x0000000088700000, 0x0000000088700000, 0x0000000088800000|  0%| F|  |TAMS 0x0000000088700000, 0x0000000088700000| Untracked 
| 126|0x0000000088800000, 0x0000000088800000, 0x0000000088900000|  0%| F|  |TAMS 0x0000000088800000, 0x0000000088800000| Untracked 
| 127|0x0000000088900000, 0x0000000088900000, 0x0000000088a00000|  0%| F|  |TAMS 0x0000000088900000, 0x0000000088900000| Untracked 
| 128|0x0000000088a00000, 0x0000000088a00000, 0x0000000088b00000|  0%| F|  |TAMS 0x0000000088a00000, 0x0000000088a00000| Untracked 
| 129|0x0000000088b00000, 0x0000000088b00000, 0x0000000088c00000|  0%| F|  |TAMS 0x0000000088b00000, 0x0000000088b00000| Untracked 
| 130|0x0000000088c00000, 0x0000000088c00000, 0x0000000088d00000|  0%| F|  |TAMS 0x0000000088c00000, 0x0000000088c00000| Untracked 
| 131|0x0000000088d00000, 0x0000000088d00000, 0x0000000088e00000|  0%| F|  |TAMS 0x0000000088d00000, 0x0000000088d00000| Untracked 
| 132|0x0000000088e00000, 0x0000000088e00000, 0x0000000088f00000|  0%| F|  |TAMS 0x0000000088e00000, 0x0000000088e00000| Untracked 
| 133|0x0000000088f00000, 0x0000000089000000, 0x0000000089000000|100%| S|CS|TAMS 0x0000000088f00000, 0x0000000088f00000| Complete 
| 134|0x0000000089000000, 0x0000000089100000, 0x0000000089100000|100%| S|CS|TAMS 0x0000000089000000, 0x0000000089000000| Complete 
| 135|0x0000000089100000, 0x0000000089100000, 0x0000000089200000|  0%| F|  |TAMS 0x0000000089100000, 0x0000000089100000| Untracked 
| 136|0x0000000089200000, 0x0000000089200000, 0x0000000089300000|  0%| F|  |TAMS 0x0000000089200000, 0x0000000089200000| Untracked 
| 137|0x0000000089300000, 0x0000000089400000, 0x0000000089400000|100%| S|CS|TAMS 0x0000000089300000, 0x0000000089300000| Complete 
| 138|0x0000000089400000, 0x0000000089500000, 0x0000000089500000|100%| S|CS|TAMS 0x0000000089400000, 0x0000000089400000| Complete 
| 139|0x0000000089500000, 0x0000000089600000, 0x0000000089600000|100%| S|CS|TAMS 0x0000000089500000, 0x0000000089500000| Complete 
| 140|0x0000000089600000, 0x0000000089600000, 0x0000000089700000|  0%| F|  |TAMS 0x0000000089600000, 0x0000000089600000| Untracked 
| 141|0x0000000089700000, 0x0000000089700000, 0x0000000089800000|  0%| F|  |TAMS 0x0000000089700000, 0x0000000089700000| Untracked 
| 142|0x0000000089800000, 0x0000000089800000, 0x0000000089900000|  0%| F|  |TAMS 0x0000000089800000, 0x0000000089800000| Untracked 
| 143|0x0000000089900000, 0x0000000089900000, 0x0000000089a00000|  0%| F|  |TAMS 0x0000000089900000, 0x0000000089900000| Untracked 
| 144|0x0000000089a00000, 0x0000000089a00000, 0x0000000089b00000|  0%| F|  |TAMS 0x0000000089a00000, 0x0000000089a00000| Untracked 
| 145|0x0000000089b00000, 0x0000000089b00000, 0x0000000089c00000|  0%| F|  |TAMS 0x0000000089b00000, 0x0000000089b00000| Untracked 
| 146|0x0000000089c00000, 0x0000000089c00000, 0x0000000089d00000|  0%| F|  |TAMS 0x0000000089c00000, 0x0000000089c00000| Untracked 
| 147|0x0000000089d00000, 0x0000000089d00000, 0x0000000089e00000|  0%| F|  |TAMS 0x0000000089d00000, 0x0000000089d00000| Untracked 
| 148|0x0000000089e00000, 0x0000000089e00000, 0x0000000089f00000|  0%| F|  |TAMS 0x0000000089e00000, 0x0000000089e00000| Untracked 
| 149|0x0000000089f00000, 0x0000000089f00000, 0x000000008a000000|  0%| F|  |TAMS 0x0000000089f00000, 0x0000000089f00000| Untracked 
| 150|0x000000008a000000, 0x000000008a000000, 0x000000008a100000|  0%| F|  |TAMS 0x000000008a000000, 0x000000008a000000| Untracked 
| 151|0x000000008a100000, 0x000000008a100000, 0x000000008a200000|  0%| F|  |TAMS 0x000000008a100000, 0x000000008a100000| Untracked 
| 152|0x000000008a200000, 0x000000008a200000, 0x000000008a300000|  0%| F|  |TAMS 0x000000008a200000, 0x000000008a200000| Untracked 
| 153|0x000000008a300000, 0x000000008a300000, 0x000000008a400000|  0%| F|  |TAMS 0x000000008a300000, 0x000000008a300000| Untracked 
| 154|0x000000008a400000, 0x000000008a400000, 0x000000008a500000|  0%| F|  |TAMS 0x000000008a400000, 0x000000008a400000| Untracked 
| 155|0x000000008a500000, 0x000000008a500000, 0x000000008a600000|  0%| F|  |TAMS 0x000000008a500000, 0x000000008a500000| Untracked 
| 156|0x000000008a600000, 0x000000008a600000, 0x000000008a700000|  0%| F|  |TAMS 0x000000008a600000, 0x000000008a600000| Untracked 
| 157|0x000000008a700000, 0x000000008a700000, 0x000000008a800000|  0%| F|  |TAMS 0x000000008a700000, 0x000000008a700000| Untracked 
| 158|0x000000008a800000, 0x000000008a800000, 0x000000008a900000|  0%| F|  |TAMS 0x000000008a800000, 0x000000008a800000| Untracked 
| 159|0x000000008a900000, 0x000000008a900000, 0x000000008aa00000|  0%| F|  |TAMS 0x000000008a900000, 0x000000008a900000| Untracked 
| 160|0x000000008aa00000, 0x000000008aa00000, 0x000000008ab00000|  0%| F|  |TAMS 0x000000008aa00000, 0x000000008aa00000| Untracked 
| 161|0x000000008ab00000, 0x000000008ab00000, 0x000000008ac00000|  0%| F|  |TAMS 0x000000008ab00000, 0x000000008ab00000| Untracked 
| 162|0x000000008ac00000, 0x000000008ac00000, 0x000000008ad00000|  0%| F|  |TAMS 0x000000008ac00000, 0x000000008ac00000| Untracked 
| 163|0x000000008ad00000, 0x000000008ad00000, 0x000000008ae00000|  0%| F|  |TAMS 0x000000008ad00000, 0x000000008ad00000| Untracked 
| 164|0x000000008ae00000, 0x000000008ae00000, 0x000000008af00000|  0%| F|  |TAMS 0x000000008ae00000, 0x000000008ae00000| Untracked 
| 165|0x000000008af00000, 0x000000008af00000, 0x000000008b000000|  0%| F|  |TAMS 0x000000008af00000, 0x000000008af00000| Untracked 
| 166|0x000000008b000000, 0x000000008b000000, 0x000000008b100000|  0%| F|  |TAMS 0x000000008b000000, 0x000000008b000000| Untracked 
| 167|0x000000008b100000, 0x000000008b100000, 0x000000008b200000|  0%| F|  |TAMS 0x000000008b100000, 0x000000008b100000| Untracked 
| 168|0x000000008b200000, 0x000000008b200000, 0x000000008b300000|  0%| F|  |TAMS 0x000000008b200000, 0x000000008b200000| Untracked 
| 169|0x000000008b300000, 0x000000008b300000, 0x000000008b400000|  0%| F|  |TAMS 0x000000008b300000, 0x000000008b300000| Untracked 
| 170|0x000000008b400000, 0x000000008b400000, 0x000000008b500000|  0%| F|  |TAMS 0x000000008b400000, 0x000000008b400000| Untracked 
| 171|0x000000008b500000, 0x000000008b500000, 0x000000008b600000|  0%| F|  |TAMS 0x000000008b500000, 0x000000008b500000| Untracked 
| 172|0x000000008b600000, 0x000000008b600000, 0x000000008b700000|  0%| F|  |TAMS 0x000000008b600000, 0x000000008b600000| Untracked 
| 173|0x000000008b700000, 0x000000008b700000, 0x000000008b800000|  0%| F|  |TAMS 0x000000008b700000, 0x000000008b700000| Untracked 
| 174|0x000000008b800000, 0x000000008b800000, 0x000000008b900000|  0%| F|  |TAMS 0x000000008b800000, 0x000000008b800000| Untracked 
| 175|0x000000008b900000, 0x000000008b900000, 0x000000008ba00000|  0%| F|  |TAMS 0x000000008b900000, 0x000000008b900000| Untracked 
| 176|0x000000008ba00000, 0x000000008ba00000, 0x000000008bb00000|  0%| F|  |TAMS 0x000000008ba00000, 0x000000008ba00000| Untracked 
| 177|0x000000008bb00000, 0x000000008bb00000, 0x000000008bc00000|  0%| F|  |TAMS 0x000000008bb00000, 0x000000008bb00000| Untracked 
| 178|0x000000008bc00000, 0x000000008bc00000, 0x000000008bd00000|  0%| F|  |TAMS 0x000000008bc00000, 0x000000008bc00000| Untracked 
| 179|0x000000008bd00000, 0x000000008bd00000, 0x000000008be00000|  0%| F|  |TAMS 0x000000008bd00000, 0x000000008bd00000| Untracked 
| 180|0x000000008be00000, 0x000000008be00000, 0x000000008bf00000|  0%| F|  |TAMS 0x000000008be00000, 0x000000008be00000| Untracked 
| 181|0x000000008bf00000, 0x000000008bf00000, 0x000000008c000000|  0%| F|  |TAMS 0x000000008bf00000, 0x000000008bf00000| Untracked 
| 182|0x000000008c000000, 0x000000008c000000, 0x000000008c100000|  0%| F|  |TAMS 0x000000008c000000, 0x000000008c000000| Untracked 
| 183|0x000000008c100000, 0x000000008c100000, 0x000000008c200000|  0%| F|  |TAMS 0x000000008c100000, 0x000000008c100000| Untracked 
| 184|0x000000008c200000, 0x000000008c200000, 0x000000008c300000|  0%| F|  |TAMS 0x000000008c200000, 0x000000008c200000| Untracked 
| 185|0x000000008c300000, 0x000000008c300000, 0x000000008c400000|  0%| F|  |TAMS 0x000000008c300000, 0x000000008c300000| Untracked 
| 186|0x000000008c400000, 0x000000008c500000, 0x000000008c500000|100%| E|  |TAMS 0x000000008c400000, 0x000000008c400000| Complete 
| 187|0x000000008c500000, 0x000000008c600000, 0x000000008c600000|100%| E|CS|TAMS 0x000000008c500000, 0x000000008c500000| Complete 
| 188|0x000000008c600000, 0x000000008c700000, 0x000000008c700000|100%| E|CS|TAMS 0x000000008c600000, 0x000000008c600000| Complete 
| 189|0x000000008c700000, 0x000000008c800000, 0x000000008c800000|100%| E|CS|TAMS 0x000000008c700000, 0x000000008c700000| Complete 
| 190|0x000000008c800000, 0x000000008c900000, 0x000000008c900000|100%| E|CS|TAMS 0x000000008c800000, 0x000000008c800000| Complete 
| 191|0x000000008c900000, 0x000000008ca00000, 0x000000008ca00000|100%| E|CS|TAMS 0x000000008c900000, 0x000000008c900000| Complete 
| 192|0x000000008ca00000, 0x000000008cb00000, 0x000000008cb00000|100%| E|CS|TAMS 0x000000008ca00000, 0x000000008ca00000| Complete 
| 193|0x000000008cb00000, 0x000000008cc00000, 0x000000008cc00000|100%| E|CS|TAMS 0x000000008cb00000, 0x000000008cb00000| Complete 
| 194|0x000000008cc00000, 0x000000008cd00000, 0x000000008cd00000|100%| E|CS|TAMS 0x000000008cc00000, 0x000000008cc00000| Complete 
| 195|0x000000008cd00000, 0x000000008ce00000, 0x000000008ce00000|100%| E|CS|TAMS 0x000000008cd00000, 0x000000008cd00000| Complete 
| 196|0x000000008ce00000, 0x000000008cf00000, 0x000000008cf00000|100%| E|CS|TAMS 0x000000008ce00000, 0x000000008ce00000| Complete 
| 197|0x000000008cf00000, 0x000000008d000000, 0x000000008d000000|100%| E|CS|TAMS 0x000000008cf00000, 0x000000008cf00000| Complete 
| 248|0x0000000090200000, 0x0000000090300000, 0x0000000090300000|100%| E|CS|TAMS 0x0000000090200000, 0x0000000090200000| Complete 
| 249|0x0000000090300000, 0x0000000090400000, 0x0000000090400000|100%| E|CS|TAMS 0x0000000090300000, 0x0000000090300000| Complete 

Card table byte_map: [0x000001c73aab0000,0x000001c73aeb0000] _byte_map_base: 0x000001c73a6ab000

Marking Bits (Prev, Next): (CMBitMap*) 0x000001c7282298f0, (CMBitMap*) 0x000001c7282298b0
 Prev Bits: [0x000001c73d290000, 0x000001c73f268000)
 Next Bits: [0x000001c73b2b0000, 0x000001c73d288000)

Polling page: 0x000001c7260d0000

Metaspace:

Usage:
  Non-class:     82.26 MB used.
      Class:      9.67 MB used.
       Both:     91.93 MB used.

Virtual space:
  Non-class space:      128.00 MB reserved,      82.50 MB ( 64%) committed,  2 nodes.
      Class space:        1.00 GB reserved,       9.88 MB ( <1%) committed,  1 nodes.
             Both:        1.12 GB reserved,      92.38 MB (  8%) committed. 

Chunk freelists:
   Non-Class:  13.53 MB
       Class:  6.16 MB
        Both:  19.69 MB

MaxMetaspaceSize: unlimited
CompressedClassSpaceSize: 1.00 GB
Initial GC threshold: 21.00 MB
Current GC threshold: 104.00 MB
CDS: off
MetaspaceReclaimPolicy: balanced
 - commit_granule_bytes: 65536.
 - commit_granule_words: 8192.
 - virtual_space_node_default_size: 8388608.
 - enlarge_chunks_in_place: 1.
 - new_chunks_are_fully_committed: 0.
 - uncommit_free_chunks: 1.
 - use_allocation_guard: 0.
 - handle_deallocations: 1.


Internal statistics:

num_allocs_failed_limit: 6.
num_arena_births: 492.
num_arena_deaths: 0.
num_vsnodes_births: 3.
num_vsnodes_deaths: 0.
num_space_committed: 1476.
num_space_uncommitted: 0.
num_chunks_returned_to_freelist: 6.
num_chunks_taken_from_freelist: 3650.
num_chunk_merges: 6.
num_chunk_splits: 2921.
num_chunks_enlarged: 2524.
num_inconsistent_stats: 0.

CodeHeap 'non-profiled nmethods': size=120000Kb used=9395Kb max_used=9395Kb free=110604Kb
 bounds [0x000001c733180000, 0x000001c733ab0000, 0x000001c73a6b0000]
CodeHeap 'profiled nmethods': size=120000Kb used=54853Kb max_used=54853Kb free=65146Kb
 bounds [0x000001c72b6b0000, 0x000001c72ec50000, 0x000001c732be0000]
CodeHeap 'non-nmethods': size=5760Kb used=1414Kb max_used=1470Kb free=4345Kb
 bounds [0x000001c732be0000, 0x000001c732e50000, 0x000001c733180000]
 total_blobs=17991 nmethods=17243 adapters=657
 compilation: enabled
              stopped_count=0, restarted_count=0
 full_count=0

Compilation events (20 events):
Event: 26.253 Thread 0x000001c741a11380 20979       1       org.jetbrains.kotlin.backend.jvm.codegen.ExpressionCodegen::getInlineNameGenerator (5 bytes)
Event: 26.254 Thread 0x000001c741a11380 nmethod 20979 0x000001c733a9d510 code [0x000001c733a9d6a0, 0x000001c733a9d778]
Event: 26.254 Thread 0x000001c741a11380 20981       2       org.jetbrains.kotlin.ir.util.AdditionalIrUtilsKt::getModule (16 bytes)
Event: 26.254 Thread 0x000001c741a11380 nmethod 20981 0x000001c72ec03c90 code [0x000001c72ec03ee0, 0x000001c72ec04368]
Event: 26.254 Thread 0x000001c741a11380 20980       1       org.jetbrains.kotlin.codegen.inline.TypeParameterMappings::access$getMappingsByName$p (5 bytes)
Event: 26.254 Thread 0x000001c741a11380 nmethod 20980 0x000001c733a9d810 code [0x000001c733a9d9a0, 0x000001c733a9da58]
Event: 26.254 Thread 0x000001c741a11380 20982       1       org.jetbrains.kotlin.descriptors.Visibility::getInternalDisplayName (5 bytes)
Event: 26.254 Thread 0x000001c741a11380 nmethod 20982 0x000001c733a9db10 code [0x000001c733a9dca0, 0x000001c733a9dd78]
Event: 26.254 Thread 0x000001c741a11380 20983       1       org.jetbrains.kotlin.codegen.inline.RootInliningContext::getCallSiteInfo (5 bytes)
Event: 26.254 Thread 0x000001c741a11380 nmethod 20983 0x000001c733a9de10 code [0x000001c733a9dfa0, 0x000001c733a9e078]
Event: 26.255 Thread 0x000001c741a11380 20984       2       org.jetbrains.kotlin.ir.util.IrUtilsKt::getAllArgumentsWithIr (232 bytes)
Event: 26.256 Thread 0x000001c741a11380 nmethod 20984 0x000001c72ec04690 code [0x000001c72ec049e0, 0x000001c72ec05a48]
Event: 26.256 Thread 0x000001c741a11380 20985       2       org.jetbrains.kotlin.backend.jvm.codegen.ExpressionCodegen::visitBlockBody (10 bytes)
Event: 26.257 Thread 0x000001c741a11380 nmethod 20985 0x000001c72ec06490 code [0x000001c72ec066e0, 0x000001c72ec06ba8]
Event: 26.257 Thread 0x000001c741a11380 20986       2       org.jetbrains.kotlin.backend.jvm.codegen.ExpressionCodegen::visitBlockBody (31 bytes)
Event: 26.257 Thread 0x000001c741a11380 nmethod 20986 0x000001c72ec06f10 code [0x000001c72ec07160, 0x000001c72ec07608]
Event: 26.266 Thread 0x000001c741a11380 20987       2       org.jetbrains.kotlin.codegen.inline.InlineCodegen::putArgumentToLocalVal (270 bytes)
Event: 26.268 Thread 0x000001c741a11380 nmethod 20987 0x000001c72ec07910 code [0x000001c72ec07d20, 0x000001c72ec08e08]
Event: 26.268 Thread 0x000001c741a11380 20988       2       org.jetbrains.kotlin.codegen.StackValue::requiresInlineClassBoxingOrUnboxing (141 bytes)
Event: 26.269 Thread 0x000001c741a11380 nmethod 20988 0x000001c72ec09910 code [0x000001c72ec09c20, 0x000001c72ec0a598]

GC Heap History (20 events):
Event: 10.363 GC heap before
{Heap before GC invocations=23 (full 0):
 garbage-first heap   total 105472K, used 55809K [0x0000000080a00000, 0x0000000100000000)
  region size 1024K, 5 young (5120K), 4 survivors (4096K)
 Metaspace       used 62108K, committed 62400K, reserved 1114112K
  class space    used 7046K, committed 7168K, reserved 1048576K
}
Event: 10.374 GC heap after
{Heap after GC invocations=24 (full 0):
 garbage-first heap   total 105472K, used 55107K [0x0000000080a00000, 0x0000000100000000)
  region size 1024K, 1 young (1024K), 1 survivors (1024K)
 Metaspace       used 62108K, committed 62400K, reserved 1114112K
  class space    used 7046K, committed 7168K, reserved 1048576K
}
Event: 11.074 GC heap before
{Heap before GC invocations=24 (full 0):
 garbage-first heap   total 105472K, used 82755K [0x0000000080a00000, 0x0000000100000000)
  region size 1024K, 28 young (28672K), 1 survivors (1024K)
 Metaspace       used 63441K, committed 63680K, reserved 1114112K
  class space    used 7185K, committed 7296K, reserved 1048576K
}
Event: 11.084 GC heap after
{Heap after GC invocations=25 (full 0):
 garbage-first heap   total 256000K, used 57862K [0x0000000080a00000, 0x0000000100000000)
  region size 1024K, 4 young (4096K), 4 survivors (4096K)
 Metaspace       used 63441K, committed 63680K, reserved 1114112K
  class space    used 7185K, committed 7296K, reserved 1048576K
}
Event: 15.988 GC heap before
{Heap before GC invocations=26 (full 0):
 garbage-first heap   total 204800K, used 175622K [0x0000000080a00000, 0x0000000100000000)
  region size 1024K, 118 young (120832K), 4 survivors (4096K)
 Metaspace       used 65456K, committed 65792K, reserved 1114112K
  class space    used 7354K, committed 7488K, reserved 1048576K
}
Event: 16.001 GC heap after
{Heap after GC invocations=27 (full 0):
 garbage-first heap   total 204800K, used 69904K [0x0000000080a00000, 0x0000000100000000)
  region size 1024K, 14 young (14336K), 14 survivors (14336K)
 Metaspace       used 65456K, committed 65792K, reserved 1114112K
  class space    used 7354K, committed 7488K, reserved 1048576K
}
Event: 16.033 GC heap before
{Heap before GC invocations=27 (full 0):
 garbage-first heap   total 204800K, used 70928K [0x0000000080a00000, 0x0000000100000000)
  region size 1024K, 15 young (15360K), 14 survivors (14336K)
 Metaspace       used 65456K, committed 65792K, reserved 1114112K
  class space    used 7354K, committed 7488K, reserved 1048576K
}
Event: 16.044 GC heap after
{Heap after GC invocations=28 (full 0):
 garbage-first heap   total 204800K, used 71614K [0x0000000080a00000, 0x0000000100000000)
  region size 1024K, 2 young (2048K), 2 survivors (2048K)
 Metaspace       used 65456K, committed 65792K, reserved 1114112K
  class space    used 7354K, committed 7488K, reserved 1048576K
}
Event: 18.092 GC heap before
{Heap before GC invocations=28 (full 0):
 garbage-first heap   total 204800K, used 155582K [0x0000000080a00000, 0x0000000100000000)
  region size 1024K, 83 young (84992K), 2 survivors (2048K)
 Metaspace       used 67025K, committed 67264K, reserved 1114112K
  class space    used 7458K, committed 7552K, reserved 1048576K
}
Event: 18.099 GC heap after
{Heap after GC invocations=29 (full 0):
 garbage-first heap   total 204800K, used 75228K [0x0000000080a00000, 0x0000000100000000)
  region size 1024K, 6 young (6144K), 6 survivors (6144K)
 Metaspace       used 67025K, committed 67264K, reserved 1114112K
  class space    used 7458K, committed 7552K, reserved 1048576K
}
Event: 20.252 GC heap before
{Heap before GC invocations=29 (full 0):
 garbage-first heap   total 204800K, used 158172K [0x0000000080a00000, 0x0000000100000000)
  region size 1024K, 87 young (89088K), 6 survivors (6144K)
 Metaspace       used 75868K, committed 76224K, reserved 1179648K
  class space    used 8354K, committed 8512K, reserved 1048576K
}
Event: 20.272 GC heap after
{Heap after GC invocations=30 (full 0):
 garbage-first heap   total 204800K, used 87163K [0x0000000080a00000, 0x0000000100000000)
  region size 1024K, 11 young (11264K), 11 survivors (11264K)
 Metaspace       used 75868K, committed 76224K, reserved 1179648K
  class space    used 8354K, committed 8512K, reserved 1048576K
}
Event: 22.600 GC heap before
{Heap before GC invocations=30 (full 0):
 garbage-first heap   total 204800K, used 158843K [0x0000000080a00000, 0x0000000100000000)
  region size 1024K, 81 young (82944K), 11 survivors (11264K)
 Metaspace       used 85637K, committed 86080K, reserved 1179648K
  class space    used 9373K, committed 9600K, reserved 1048576K
}
Event: 22.620 GC heap after
{Heap after GC invocations=31 (full 0):
 garbage-first heap   total 204800K, used 95433K [0x0000000080a00000, 0x0000000100000000)
  region size 1024K, 8 young (8192K), 8 survivors (8192K)
 Metaspace       used 85637K, committed 86080K, reserved 1179648K
  class space    used 9373K, committed 9600K, reserved 1048576K
}
Event: 24.558 GC heap before
{Heap before GC invocations=31 (full 0):
 garbage-first heap   total 204800K, used 160969K [0x0000000080a00000, 0x0000000100000000)
  region size 1024K, 73 young (74752K), 8 survivors (8192K)
 Metaspace       used 91817K, committed 92160K, reserved 1179648K
  class space    used 9794K, committed 9984K, reserved 1048576K
}
Event: 24.570 GC heap after
{Heap after GC invocations=32 (full 0):
 garbage-first heap   total 204800K, used 100838K [0x0000000080a00000, 0x0000000100000000)
  region size 1024K, 5 young (5120K), 5 survivors (5120K)
 Metaspace       used 91817K, committed 92160K, reserved 1179648K
  class space    used 9794K, committed 9984K, reserved 1048576K
}
Event: 25.504 GC heap before
{Heap before GC invocations=32 (full 0):
 garbage-first heap   total 204800K, used 165350K [0x0000000080a00000, 0x0000000100000000)
  region size 1024K, 68 young (69632K), 5 survivors (5120K)
 Metaspace       used 93617K, committed 94080K, reserved 1179648K
  class space    used 9883K, committed 10112K, reserved 1048576K
}
Event: 25.516 GC heap after
{Heap after GC invocations=33 (full 0):
 garbage-first heap   total 204800K, used 104715K [0x0000000080a00000, 0x0000000100000000)
  region size 1024K, 9 young (9216K), 9 survivors (9216K)
 Metaspace       used 93617K, committed 94080K, reserved 1179648K
  class space    used 9883K, committed 10112K, reserved 1048576K
}
Event: 26.204 GC heap before
{Heap before GC invocations=33 (full 0):
 garbage-first heap   total 204800K, used 166155K [0x0000000080a00000, 0x0000000100000000)
  region size 1024K, 69 young (70656K), 9 survivors (9216K)
 Metaspace       used 94108K, committed 94528K, reserved 1179648K
  class space    used 9903K, committed 10112K, reserved 1048576K
}
Event: 26.214 GC heap after
{Heap after GC invocations=34 (full 0):
 garbage-first heap   total 204800K, used 108543K [0x0000000080a00000, 0x0000000100000000)
  region size 1024K, 5 young (5120K), 5 survivors (5120K)
 Metaspace       used 94108K, committed 94528K, reserved 1179648K
  class space    used 9903K, committed 10112K, reserved 1048576K
}

Dll operation events (2 events):
Event: 0.009 Loaded shared library G:\AS\jbr\bin\java.dll
Event: 1.610 Loaded shared library G:\AS\jbr\bin\verify.dll

Deoptimization events (20 events):
Event: 26.037 Thread 0x000001c7281ce310 DEOPT PACKING pc=0x000001c72e9ceee3 sp=0x00000008179fd620
Event: 26.037 Thread 0x000001c7281ce310 DEOPT UNPACKING pc=0x000001c732c37143 sp=0x00000008179fcc68 mode 0
Event: 26.092 Thread 0x000001c7281ce310 DEOPT PACKING pc=0x000001c72e80838f sp=0x00000008179fbf00
Event: 26.092 Thread 0x000001c7281ce310 DEOPT UNPACKING pc=0x000001c732c37143 sp=0x00000008179fb548 mode 0
Event: 26.177 Thread 0x000001c7281ce310 DEOPT PACKING pc=0x000001c72e80838f sp=0x00000008179fc060
Event: 26.177 Thread 0x000001c7281ce310 DEOPT UNPACKING pc=0x000001c732c37143 sp=0x00000008179fb6a8 mode 0
Event: 26.178 Thread 0x000001c7281ce310 DEOPT PACKING pc=0x000001c72ea4588b sp=0x00000008179fb9e0
Event: 26.179 Thread 0x000001c7281ce310 DEOPT UNPACKING pc=0x000001c732c37143 sp=0x00000008179faee0 mode 0
Event: 26.179 Thread 0x000001c7281ce310 DEOPT PACKING pc=0x000001c72ea8f38d sp=0x00000008179fb6e0
Event: 26.179 Thread 0x000001c7281ce310 DEOPT UNPACKING pc=0x000001c732c37143 sp=0x00000008179fab58 mode 0
Event: 26.180 Thread 0x000001c7281ce310 DEOPT PACKING pc=0x000001c72ea90eef sp=0x00000008179fb730
Event: 26.180 Thread 0x000001c7281ce310 DEOPT UNPACKING pc=0x000001c732c37143 sp=0x00000008179fac98 mode 0
Event: 26.181 Thread 0x000001c7281ce310 DEOPT PACKING pc=0x000001c72e80838f sp=0x00000008179fb800
Event: 26.181 Thread 0x000001c7281ce310 DEOPT UNPACKING pc=0x000001c732c37143 sp=0x00000008179fae48 mode 0
Event: 26.224 Thread 0x000001c7281ce310 DEOPT PACKING pc=0x000001c72e9cad82 sp=0x00000008179fd760
Event: 26.224 Thread 0x000001c7281ce310 DEOPT UNPACKING pc=0x000001c732c37143 sp=0x00000008179fcd08 mode 0
Event: 26.235 Thread 0x000001c7281ce310 DEOPT PACKING pc=0x000001c72e80838f sp=0x00000008179fd510
Event: 26.235 Thread 0x000001c7281ce310 DEOPT UNPACKING pc=0x000001c732c37143 sp=0x00000008179fcb58 mode 0
Event: 26.237 Thread 0x000001c7281ce310 DEOPT PACKING pc=0x000001c72e9da9e4 sp=0x00000008179fd7b0
Event: 26.237 Thread 0x000001c7281ce310 DEOPT UNPACKING pc=0x000001c732c37143 sp=0x00000008179fccb0 mode 0

Classes unloaded (0 events):
No events

Classes redefined (0 events):
No events

Internal exceptions (20 events):
Event: 10.567 Thread 0x000001c7281ce310 Exception <a 'java/lang/IncompatibleClassChangeError'{0x000000008689bb58}: Found class java.lang.Object, but interface was expected> (0x000000008689bb58) 
thrown [s\src\hotspot\share\interpreter\linkResolver.cpp, line 838]
Event: 11.645 Thread 0x000001c7281ce310 Implicit null exception at 0x000001c7335bbb5e to 0x000001c7335bef6c
Event: 17.154 Thread 0x000001c7281ce310 Implicit null exception at 0x000001c73379353f to 0x000001c733793668
Event: 17.534 Thread 0x000001c7281ce310 Implicit null exception at 0x000001c733224bea to 0x000001c733224da8
Event: 17.871 Thread 0x000001c7281ce310 Implicit null exception at 0x000001c73374f85c to 0x000001c73374fb24
Event: 17.872 Thread 0x000001c7281ce310 Implicit null exception at 0x000001c73374ff5a to 0x000001c73375021c
Event: 18.145 Thread 0x000001c7281ce310 Exception <a 'java/lang/NoSuchMethodError'{0x00000000902750b8}: 'java.lang.Object java.lang.invoke.DirectMethodHandle$Holder.invokeStaticInit(java.lang.Object, java.lang.Object, java.lang.Object, java.lang.Object)'> (0x00000000902750b8) 
thrown [s\src\hotspot\share\interpreter\linkResolver.cpp, line 771]
Event: 18.497 Thread 0x000001c7281ce310 Exception <a 'java/lang/NoSuchMethodError'{0x000000008bff3658}: 'java.lang.Object java.lang.invoke.DirectMethodHandle$Holder.newInvokeSpecial(java.lang.Object, java.lang.Object, java.lang.Object, int, int)'> (0x000000008bff3658) 
thrown [s\src\hotspot\share\interpreter\linkResolver.cpp, line 771]
Event: 18.497 Thread 0x000001c7281ce310 Exception <a 'java/lang/NoSuchMethodError'{0x000000008bff7498}: 'java.lang.Object java.lang.invoke.DirectMethodHandle$Holder.invokeSpecial(java.lang.Object, java.lang.Object, java.lang.Object, java.lang.Object, int, int)'> (0x000000008bff7498) 
thrown [s\src\hotspot\share\interpreter\linkResolver.cpp, line 771]
Event: 18.504 Thread 0x000001c7281ce310 Exception <a 'java/lang/NoSuchMethodError'{0x000000008be35280}: 'java.lang.Object java.lang.invoke.DirectMethodHandle$Holder.invokeSpecial(java.lang.Object, java.lang.Object, int, int, java.lang.Object, java.lang.Object, java.lang.Object, java.lang.Object, java.lang.Object)'> (0x000000008be35280) 
thrown [s\src\hotspot\share\interpreter\linkResolver.cpp, line 771]
Event: 18.679 Thread 0x000001c7281ce310 Implicit null exception at 0x000001c7331ebced to 0x000001c7331ebf0c
Event: 18.702 Thread 0x000001c7281ce310 Exception <a 'java/lang/NoSuchMethodError'{0x000000008b8dad20}: 'java.lang.Object java.lang.invoke.DirectMethodHandle$Holder.newInvokeSpecial(java.lang.Object, java.lang.Object, int, int, java.lang.Object, java.lang.Object, java.lang.Object)'> (0x000000008b8dad20) 
thrown [s\src\hotspot\share\interpreter\linkResolver.cpp, line 771]
Event: 18.703 Thread 0x000001c7281ce310 Exception <a 'java/lang/NoSuchMethodError'{0x000000008b8df320}: 'java.lang.Object java.lang.invoke.DirectMethodHandle$Holder.invokeSpecial(java.lang.Object, java.lang.Object, java.lang.Object, int, int, java.lang.Object, java.lang.Object, java.lang.Object)'> (0x000000008b8df320) 
thrown [s\src\hotspot\share\interpreter\linkResolver.cpp, line 771]
Event: 18.712 Thread 0x000001c7281ce310 Exception <a 'java/lang/NoSuchMethodError'{0x000000008b73ba00}: 'java.lang.Object java.lang.invoke.DirectMethodHandle$Holder.newInvokeSpecial(java.lang.Object, int, java.lang.Object, java.lang.Object)'> (0x000000008b73ba00) 
thrown [s\src\hotspot\share\interpreter\linkResolver.cpp, line 771]
Event: 18.992 Thread 0x000001c7281ce310 Exception <a 'java/lang/NoSuchMethodError'{0x000000008b0f6258}: 'java.lang.Object java.lang.invoke.DirectMethodHandle$Holder.invokeStatic(java.lang.Object, java.lang.Object, java.lang.Object, int, int, java.lang.Object, java.lang.Object, java.lang.Object, java.lang.Object)'> (0x000000008b0f6258) 
thrown [s\src\hotspot\share\interpreter\linkResolver.cpp, line 771]
Event: 18.992 Thread 0x000001c7281ce310 Exception <a 'java/lang/NoSuchMethodError'{0x000000008af009b0}: 'java.lang.Object java.lang.invoke.DirectMethodHandle$Holder.newInvokeSpecial(java.lang.Object, java.lang.Object, java.lang.Object, int, int, java.lang.Object)'> (0x000000008af009b0) 
thrown [s\src\hotspot\share\interpreter\linkResolver.cpp, line 771]
Event: 18.993 Thread 0x000001c7281ce310 Exception <a 'java/lang/NoSuchMethodError'{0x000000008af08350}: 'java.lang.Object java.lang.invoke.Invokers$Holder.linkToTargetMethod(java.lang.Object, java.lang.Object, int, int, java.lang.Object, java.lang.Object)'> (0x000000008af08350) 
thrown [s\src\hotspot\share\interpreter\linkResolver.cpp, line 771]
Event: 22.307 Thread 0x000001c7281ce310 Implicit null exception at 0x000001c733931448 to 0x000001c733932258
Event: 23.120 Thread 0x000001c7281ce310 Implicit null exception at 0x000001c7336462b7 to 0x000001c7336464f0
Event: 25.716 Thread 0x000001c7281ce310 Implicit null exception at 0x000001c733a40362 to 0x000001c733a44934

VM Operations (20 events):
Event: 24.801 Executing VM operation: HandshakeAllThreads
Event: 24.801 Executing VM operation: HandshakeAllThreads done
Event: 24.814 Executing VM operation: HandshakeAllThreads
Event: 24.814 Executing VM operation: HandshakeAllThreads done
Event: 24.945 Executing VM operation: ICBufferFull
Event: 24.946 Executing VM operation: ICBufferFull done
Event: 25.045 Executing VM operation: HandshakeAllThreads
Event: 25.045 Executing VM operation: HandshakeAllThreads done
Event: 25.190 Executing VM operation: ICBufferFull
Event: 25.190 Executing VM operation: ICBufferFull done
Event: 25.456 Executing VM operation: ICBufferFull
Event: 25.456 Executing VM operation: ICBufferFull done
Event: 25.504 Executing VM operation: G1CollectForAllocation
Event: 25.516 Executing VM operation: G1CollectForAllocation done
Event: 25.912 Executing VM operation: ICBufferFull
Event: 25.912 Executing VM operation: ICBufferFull done
Event: 26.138 Executing VM operation: ICBufferFull
Event: 26.139 Executing VM operation: ICBufferFull done
Event: 26.204 Executing VM operation: G1CollectForAllocation
Event: 26.214 Executing VM operation: G1CollectForAllocation done

Events (20 events):
Event: 24.738 Thread 0x000001c741a12840 flushing nmethod 0x000001c72dd47d10
Event: 24.738 Thread 0x000001c741a12840 flushing nmethod 0x000001c72dd65c90
Event: 24.738 Thread 0x000001c741a12840 flushing nmethod 0x000001c72dd6b410
Event: 24.738 Thread 0x000001c741a12840 flushing nmethod 0x000001c72dd73910
Event: 24.738 Thread 0x000001c741a12840 flushing nmethod 0x000001c72dd77d90
Event: 24.738 Thread 0x000001c741a12840 flushing nmethod 0x000001c72dd79590
Event: 24.738 Thread 0x000001c741a12840 flushing nmethod 0x000001c72dd7c610
Event: 24.738 Thread 0x000001c741a12840 flushing nmethod 0x000001c72dd9d790
Event: 24.738 Thread 0x000001c741a12840 flushing nmethod 0x000001c72dd9ea90
Event: 24.738 Thread 0x000001c741a12840 flushing nmethod 0x000001c72ddb4490
Event: 24.738 Thread 0x000001c741a12840 flushing nmethod 0x000001c72ddb5890
Event: 24.738 Thread 0x000001c741a12840 flushing nmethod 0x000001c72dde3910
Event: 24.738 Thread 0x000001c741a12840 flushing nmethod 0x000001c72dde6310
Event: 24.738 Thread 0x000001c741a12840 flushing nmethod 0x000001c72dde8810
Event: 24.739 Thread 0x000001c741a12840 flushing nmethod 0x000001c72ddf5790
Event: 24.739 Thread 0x000001c741a12840 flushing nmethod 0x000001c72de03690
Event: 24.739 Thread 0x000001c741a12840 flushing nmethod 0x000001c72de52a90
Event: 24.739 Thread 0x000001c741a12840 flushing nmethod 0x000001c72deb8710
Event: 24.739 Thread 0x000001c741a12840 flushing nmethod 0x000001c72df06510
Event: 25.544 Thread 0x000001c748f9d330 Thread added: 0x000001c748f9d330


Dynamic libraries:
0x00007ff6c3ed0000 - 0x00007ff6c3eda000 	G:\AS\jbr\bin\java.exe
0x00007ffac29f0000 - 0x00007ffac2be8000 	C:\Windows\SYSTEM32\ntdll.dll
0x00007ffac1710000 - 0x00007ffac17d1000 	C:\Windows\System32\KERNEL32.DLL
0x00007ffac0720000 - 0x00007ffac0a1d000 	C:\Windows\System32\KERNELBASE.dll
0x00007ffac0550000 - 0x00007ffac0650000 	C:\Windows\System32\ucrtbase.dll
0x00007ffab9480000 - 0x00007ffab949b000 	G:\AS\jbr\bin\VCRUNTIME140.dll
0x00007ffa9c580000 - 0x00007ffa9c597000 	G:\AS\jbr\bin\jli.dll
0x00007ffac0a20000 - 0x00007ffac0bbd000 	C:\Windows\System32\USER32.dll
0x00007ffac01a0000 - 0x00007ffac01c2000 	C:\Windows\System32\win32u.dll
0x00007ffaaa090000 - 0x00007ffaaa32a000 	C:\Windows\WinSxS\amd64_microsoft.windows.common-controls_6595b64144ccf1df_6.0.19041.4355_none_60b8b9eb71f62e16\COMCTL32.dll
0x00007ffac1c30000 - 0x00007ffac1c5b000 	C:\Windows\System32\GDI32.dll
0x00007ffac0e40000 - 0x00007ffac0ede000 	C:\Windows\System32\msvcrt.dll
0x00007ffac01d0000 - 0x00007ffac02e7000 	C:\Windows\System32\gdi32full.dll
0x00007ffac0650000 - 0x00007ffac06ed000 	C:\Windows\System32\msvcp_win.dll
0x00007ffac1890000 - 0x00007ffac18bf000 	C:\Windows\System32\IMM32.DLL
0x00007ffabd3b0000 - 0x00007ffabd3bc000 	G:\AS\jbr\bin\vcruntime140_1.dll
0x00007ffa9c5e0000 - 0x00007ffa9c66d000 	G:\AS\jbr\bin\msvcp140.dll
0x00007ffa7d560000 - 0x00007ffa7e1e3000 	G:\AS\jbr\bin\server\jvm.dll
0x00007ffac1010000 - 0x00007ffac10c0000 	C:\Windows\System32\ADVAPI32.dll
0x00007ffac2910000 - 0x00007ffac29b0000 	C:\Windows\System32\sechost.dll
0x00007ffac0ee0000 - 0x00007ffac1003000 	C:\Windows\System32\RPCRT4.dll
0x00007ffac06f0000 - 0x00007ffac0717000 	C:\Windows\System32\bcrypt.dll
0x00007ffabae50000 - 0x00007ffabae59000 	C:\Windows\SYSTEM32\WSOCK32.dll
0x00007ffabfef0000 - 0x00007ffabff3b000 	C:\Windows\SYSTEM32\POWRPROF.dll
0x00007ffab25c0000 - 0x00007ffab25e7000 	C:\Windows\SYSTEM32\WINMM.dll
0x00007ffac1920000 - 0x00007ffac198b000 	C:\Windows\System32\WS2_32.dll
0x00007ffab8c30000 - 0x00007ffab8c3a000 	C:\Windows\SYSTEM32\VERSION.dll
0x00007ffabfed0000 - 0x00007ffabfee2000 	C:\Windows\SYSTEM32\UMPDC.dll
0x00007ffabdf40000 - 0x00007ffabdf52000 	C:\Windows\SYSTEM32\kernel.appcore.dll
0x00007ffab5140000 - 0x00007ffab514a000 	G:\AS\jbr\bin\jimage.dll
0x00007ffab1b20000 - 0x00007ffab1d04000 	C:\Windows\SYSTEM32\DBGHELP.DLL
0x00007ffaa0a70000 - 0x00007ffaa0aa4000 	C:\Windows\SYSTEM32\dbgcore.DLL
0x00007ffac0450000 - 0x00007ffac04d2000 	C:\Windows\System32\bcryptPrimitives.dll
0x00007ffaa85e0000 - 0x00007ffaa8605000 	G:\AS\jbr\bin\java.dll
0x00007ffab2d70000 - 0x00007ffab2d88000 	G:\AS\jbr\bin\zip.dll
0x00007ffac1cf0000 - 0x00007ffac245f000 	C:\Windows\System32\SHELL32.dll
0x00007ffabe140000 - 0x00007ffabe8df000 	C:\Windows\SYSTEM32\windows.storage.dll
0x00007ffac2460000 - 0x00007ffac27b3000 	C:\Windows\System32\combase.dll
0x00007ffabf9f0000 - 0x00007ffabfa1e000 	C:\Windows\SYSTEM32\Wldp.dll
0x00007ffac0bc0000 - 0x00007ffac0c8d000 	C:\Windows\System32\OLEAUT32.dll
0x00007ffac17e0000 - 0x00007ffac188d000 	C:\Windows\System32\SHCORE.dll
0x00007ffac18c0000 - 0x00007ffac1915000 	C:\Windows\System32\shlwapi.dll
0x00007ffabffd0000 - 0x00007ffabfff4000 	C:\Windows\SYSTEM32\profapi.dll
0x00007ffaa9470000 - 0x00007ffaa9489000 	G:\AS\jbr\bin\net.dll
0x00007ffab7580000 - 0x00007ffab768d000 	C:\Windows\SYSTEM32\WINHTTP.dll
0x00007ffabf750000 - 0x00007ffabf7ba000 	C:\Windows\system32\mswsock.dll
0x00007ffa9c5a0000 - 0x00007ffa9c5b6000 	G:\AS\jbr\bin\nio.dll
0x00007ffaa9520000 - 0x00007ffaa9530000 	G:\AS\jbr\bin\verify.dll

dbghelp: loaded successfully - version: 4.0.5 - missing functions: none
symbol engine: initialized successfully - sym options: 0x614 - pdb path: .;G:\AS\jbr\bin;C:\Windows\SYSTEM32;C:\Windows\WinSxS\amd64_microsoft.windows.common-controls_6595b64144ccf1df_6.0.19041.4355_none_60b8b9eb71f62e16;G:\AS\jbr\bin\server

VM Arguments:
java_command: org.jetbrains.kotlin.cli.jvm.K2JVMCompiler @G:\AndroidStudioProjects\PreperationApp\app\build\20240820_12249899351740886692.compiler.options
java_class_path (initial): C:\Users\sohai\.gradle\caches\modules-2\files-2.1\org.jetbrains.kotlin\kotlin-compiler-embeddable\1.9.0\2c8c3a7402becca891f12739b3e9fd2dc2adbd7a\kotlin-compiler-embeddable-1.9.0.jar;C:\Users\sohai\.gradle\caches\modules-2\files-2.1\org.jetbrains.kotlin\kotlin-stdlib\1.9.0\8ee15ef0c67dc83d874f412d84378d7f0eb50b63\kotlin-stdlib-1.9.0.jar;C:\Users\sohai\.gradle\caches\modules-2\files-2.1\org.jetbrains.kotlin\kotlin-script-runtime\1.9.0\4b3102cbbb7e1b58d9d1adf89563f00069ffa7d1\kotlin-script-runtime-1.9.0.jar;C:\Users\sohai\.gradle\caches\modules-2\files-2.1\org.jetbrains.kotlin\kotlin-reflect\1.6.10\1cbe9c92c12a94eea200d23c2bbaedaf3daf5132\kotlin-reflect-1.6.10.jar;C:\Users\sohai\.gradle\caches\modules-2\files-2.1\org.jetbrains.kotlin\kotlin-daemon-embeddable\1.9.0\186543f5e28cf8d9a0290fecc2cf34301c40a65c\kotlin-daemon-embeddable-1.9.0.jar;C:\Users\sohai\.gradle\caches\modules-2\files-2.1\org.jetbrains.intellij.deps\trove4j\1.0.20200330\3afb14d5f9ceb459d724e907a21145e8ff394f02\trove4j-1.0.20200330.jar;C:\Users\sohai\.gradle\caches\modules-2\files-2.1\org.jetbrains.kotlin\kotlin-stdlib-common\1.9.0\cd65c21cfd1eec4d44ef09f9f52b6d9f8a720636\kotlin-stdlib-common-1.9.0.jar;C:\Users\sohai\.gradle\caches\modules-2\files-2.1\org.jetbrains\annotations\13.0\919f0dfe192fb4e063e7dacadee7f8bb9a2672a9\annotations-13.0.jar
Launcher Type: SUN_STANDARD

[Global flags]
     intx CICompilerCount                          = 3                                         {product} {ergonomic}
     uint ConcGCThreads                            = 1                                         {product} {ergonomic}
     uint G1ConcRefinementThreads                  = 4                                         {product} {ergonomic}
   size_t G1HeapRegionSize                         = 1048576                                   {product} {ergonomic}
    uintx GCDrainStackTargetSize                   = 64                                        {product} {ergonomic}
   size_t InitialHeapSize                          = 134217728                                 {product} {ergonomic}
   size_t MarkStackSize                            = 4194304                                   {product} {ergonomic}
   size_t MaxHeapSize                              = 2136997888                                {product} {ergonomic}
   size_t MaxNewSize                               = 1281359872                                {product} {ergonomic}
   size_t MinHeapDeltaBytes                        = 1048576                                   {product} {ergonomic}
   size_t MinHeapSize                              = 8388608                                   {product} {ergonomic}
    uintx NonNMethodCodeHeapSize                   = 5832780                                {pd product} {ergonomic}
    uintx NonProfiledCodeHeapSize                  = 122912730                              {pd product} {ergonomic}
    uintx ProfiledCodeHeapSize                     = 122912730                              {pd product} {ergonomic}
    uintx ReservedCodeCacheSize                    = 251658240                              {pd product} {ergonomic}
     bool SegmentedCodeCache                       = true                                      {product} {ergonomic}
   size_t SoftMaxHeapSize                          = 2136997888                             {manageable} {ergonomic}
     bool UseCompressedClassPointers               = true                           {product lp64_product} {ergonomic}
     bool UseCompressedOops                        = true                           {product lp64_product} {ergonomic}
     bool UseG1GC                                  = true                                      {product} {ergonomic}
     bool UseLargePagesIndividualAllocation        = false                                  {pd product} {ergonomic}

Logging:
Log output configuration:
 #0: stdout all=warning uptime,level,tags
 #1: stderr all=off uptime,level,tags

Environment Variables:
JAVA_HOME=G:\java
PATH=C:\Program Files (x86)\Common Files\Oracle\Java\java8path;C:\Program Files (x86)\Common Files\Oracle\Java\javapath;"C:\Program Files (x86)\Common Files\Oracle\Java\java8path;G:\java\bin";C:\Windows\system32;C:\Windows;C:\Windows\System32\Wbem;C:\Windows\System32\WindowsPowerShell\v1.0\;C:\Windows\System32\OpenSSH\;C:\Program Files\Git\cmd;G:\java\bin;C:\Users\sohai\AppData\Local\Programs\Python\Python312\Scripts\;C:\Users\sohai\AppData\Local\Programs\Python\Python312\;C:\Users\sohai\AppData\Local\Microsoft\WindowsApps;
USERNAME=sohai
OS=Windows_NT
PROCESSOR_IDENTIFIER=Intel64 Family 6 Model 42 Stepping 7, GenuineIntel
TMP=C:\Users\sohai\AppData\Local\Temp
TEMP=C:\Users\sohai\AppData\Local\Temp



Periodic native trim disabled

JNI global refs:
JNI global refs: 11, weak refs: 35

JNI global refs memory usage: 843, weak refs: 841

Process memory usage:
Resident Set Size: 478980K (5% of 8344624K total physical memory with 388776K free physical memory)

OOME stack traces (most recent first):
Classloader memory used:
Loader jdk.internal.loader.ClassLoaders$AppClassLoader                                 : 9964K
Loader bootstrap                                                                       : 1477K
Loader java.net.URLClassLoader                                                         : 304K
Loader jdk.internal.reflect.DelegatingClassLoader                                      : 23393B


---------------  S Y S T E M  ---------------

OS:
 Windows 10 , 64 bit Build 19041 (10.0.19041.4717)
OS uptime: 2 days 8:09 hours

CPU: total 4 (initial active 4) (4 cores per cpu, 1 threads per core) family 6 model 42 stepping 7 microcode 0x2f, cx8, cmov, fxsr, mmx, sse, sse2, sse3, ssse3, sse4.1, sse4.2, popcnt, tsc, tscinvbit, avx, aes, clmul, vzeroupper, clflush
Processor Information for all 4 processors :
  Max Mhz: 3301, Current Mhz: 3301, Mhz Limit: 3301

Memory: 4k page, system-wide physical 8149M (379M free)
TotalPageFile size 12245M (AvailPageFile size 10M)
current process WorkingSet (physical memory assigned to process): 467M, peak: 470M
current process commit charge ("private bytes"): 499M, peak: 504M

vm_info: OpenJDK 64-Bit Server VM (17.0.11+0--11852314) for windows-amd64 JRE (17.0.11+0--11852314), built on May 16 2024 21:29:20 by "androidbuild" with MS VC++ 16.10 / 16.11 (VS2019)

END.
